[2016-03-24 03:21:58] local.ERROR: exception 'Symfony\Component\Debug\Exception\FatalErrorException' with message 'Class 'Gregwar\Captcha\CaptchaBuilder' not found' in D:\yueyixia\app\Http\Controllers\IndexController.php:62
Stack trace:
#0 {main}  
[2016-03-24 03:22:12] local.ERROR: exception 'Symfony\Component\Debug\Exception\FatalErrorException' with message 'Class 'Gregwar\Captcha\CaptchaBuilder' not found' in D:\yueyixia\app\Http\Controllers\IndexController.php:62
Stack trace:
#0 {main}  
[2016-03-24 05:35:34] local.ERROR: exception 'Symfony\Component\Debug\Exception\FatalErrorException' with message 'Class 'Gregwar\Captcha\CaptchaBuilder' not found' in D:\yueyixia\app\Http\Controllers\IndexController.php:62
Stack trace:
#0 {main}  
[2016-03-24 05:35:35] local.ERROR: exception 'Symfony\Component\Debug\Exception\FatalErrorException' with message 'Class 'Gregwar\Captcha\CaptchaBuilder' not found' in D:\yueyixia\app\Http\Controllers\IndexController.php:62
Stack trace:
#0 {main}  
[2016-03-24 05:37:10] local.ERROR: exception 'ErrorException' with message 'Undefined variable: address' in D:\yueyixia\storage\framework\views\002774e0a67e4343cf0ba8ad7722ce69:330
Stack trace:
#0 D:\yueyixia\storage\framework\views\002774e0a67e4343cf0ba8ad7722ce69(330): Illuminate\Foundation\Bootstrap\HandleExceptions->handleError(8, 'Undefined varia...', 'D:\\yueyixia\\sto...', 330, Array)
#1 D:\yueyixia\vendor\compiled.php(13650): include('D:\\yueyixia\\sto...')
#2 D:\yueyixia\vendor\compiled.php(13683): Illuminate\View\Engines\PhpEngine->evaluatePath('D:\\yueyixia\\sto...', Array)
#3 D:\yueyixia\vendor\compiled.php(13523): Illuminate\View\Engines\CompilerEngine->get('D:\\yueyixia\\res...', Array)
#4 D:\yueyixia\vendor\compiled.php(13510): Illuminate\View\View->getContents()
#5 D:\yueyixia\vendor\compiled.php(13501): Illuminate\View\View->renderContents()
#6 D:\yueyixia\vendor\compiled.php(14597): Illuminate\View\View->render()
#7 D:\yueyixia\vendor\compiled.php(14126): Illuminate\Http\Response->setContent(Object(Illuminate\View\View))
#8 D:\yueyixia\vendor\compiled.php(7154): Symfony\Component\HttpFoundation\Response->__construct(Object(Illuminate\View\View))
#9 D:\yueyixia\vendor\compiled.php(6954): Illuminate\Routing\Router->prepareResponse(Object(Illuminate\Http\Request), Object(Illuminate\View\View))
#10 [internal function]: Illuminate\Routing\Router->Illuminate\Routing\{closure}(Object(Illuminate\Http\Request))
#11 D:\yueyixia\vendor\compiled.php(8952): call_user_func(Object(Closure), Object(Illuminate\Http\Request))
#12 [internal function]: Illuminate\Pipeline\Pipeline->Illuminate\Pipeline\{closure}(Object(Illuminate\Http\Request))
#13 D:\yueyixia\vendor\compiled.php(8935): call_user_func(Object(Closure), Object(Illuminate\Http\Request))
#14 D:\yueyixia\vendor\compiled.php(6955): Illuminate\Pipeline\Pipeline->then(Object(Closure))
#15 D:\yueyixia\vendor\compiled.php(6944): Illuminate\Routing\Router->runRouteWithinStack(Object(Illuminate\Routing\Route), Object(Illuminate\Http\Request))
#16 D:\yueyixia\vendor\compiled.php(6929): Illuminate\Routing\Router->dispatchToRoute(Object(Illuminate\Http\Request))
#17 D:\yueyixia\vendor\compiled.php(1935): Illuminate\Routing\Router->dispatch(Object(Illuminate\Http\Request))
#18 [internal function]: Illuminate\Foundation\Http\Kernel->Illuminate\Foundation\Http\{closure}(Object(Illuminate\Http\Request))
#19 D:\yueyixia\vendor\compiled.php(8952): call_user_func(Object(Closure), Object(Illuminate\Http\Request))
#20 D:\yueyixia\vendor\compiled.php(12083): Illuminate\Pipeline\Pipeline->Illuminate\Pipeline\{closure}(Object(Illuminate\Http\Request))
#21 D:\yueyixia\vendor\compiled.php(8944): Illuminate\View\Middleware\ShareErrorsFromSession->handle(Object(Illuminate\Http\Request), Object(Closure))
#22 D:\yueyixia\vendor\compiled.php(10785): Illuminate\Pipeline\Pipeline->Illuminate\Pipeline\{closure}(Object(Illuminate\Http\Request))
#23 D:\yueyixia\vendor\compiled.php(8944): Illuminate\Session\Middleware\StartSession->handle(Object(Illuminate\Http\Request), Object(Closure))
#24 D:\yueyixia\vendor\compiled.php(11789): Illuminate\Pipeline\Pipeline->Illuminate\Pipeline\{closure}(Object(Illuminate\Http\Request))
#25 D:\yueyixia\vendor\compiled.php(8944): Illuminate\Cookie\Middleware\AddQueuedCookiesToResponse->handle(Object(Illuminate\Http\Request), Object(Closure))
#26 D:\yueyixia\vendor\compiled.php(11738): Illuminate\Pipeline\Pipeline->Illuminate\Pipeline\{closure}(Object(Illuminate\Http\Request))
#27 D:\yueyixia\vendor\compiled.php(8944): Illuminate\Cookie\Middleware\EncryptCookies->handle(Object(Illuminate\Http\Request), Object(Closure))
#28 D:\yueyixia\vendor\compiled.php(2478): Illuminate\Pipeline\Pipeline->Illuminate\Pipeline\{closure}(Object(Illuminate\Http\Request))
#29 D:\yueyixia\vendor\compiled.php(8944): Illuminate\Foundation\Http\Middleware\CheckForMaintenanceMode->handle(Object(Illuminate\Http\Request), Object(Closure))
#30 [internal function]: Illuminate\Pipeline\Pipeline->Illuminate\Pipeline\{closure}(Object(Illuminate\Http\Request))
#31 D:\yueyixia\vendor\compiled.php(8935): call_user_func(Object(Closure), Object(Illuminate\Http\Request))
#32 D:\yueyixia\vendor\compiled.php(1891): Illuminate\Pipeline\Pipeline->then(Object(Closure))
#33 D:\yueyixia\vendor\compiled.php(1880): Illuminate\Foundation\Http\Kernel->sendRequestThroughRouter(Object(Illuminate\Http\Request))
#34 D:\yueyixia\public\index.php(54): Illuminate\Foundation\Http\Kernel->handle(Object(Illuminate\Http\Request))
#35 {main}

Next exception 'ErrorException' with message 'Undefined variable: address (View: D:\yueyixia\resources\views\index\index.blade.php)' in D:\yueyixia\storage\framework\views\002774e0a67e4343cf0ba8ad7722ce69:330
Stack trace:
#0 D:\yueyixia\vendor\compiled.php(13652): Illuminate\View\Engines\CompilerEngine->handleViewException(Object(ErrorException), 1)
#1 D:\yueyixia\vendor\compiled.php(13683): Illuminate\View\Engines\PhpEngine->evaluatePath('D:\\yueyixia\\sto...', Array)
#2 D:\yueyixia\vendor\compiled.php(13523): Illuminate\View\Engines\CompilerEngine->get('D:\\yueyixia\\res...', Array)
#3 D:\yueyixia\vendor\compiled.php(13510): Illuminate\View\View->getContents()
#4 D:\yueyixia\vendor\compiled.php(13501): Illuminate\View\View->renderContents()
#5 D:\yueyixia\vendor\compiled.php(14597): Illuminate\View\View->render()
#6 D:\yueyixia\vendor\compiled.php(14126): Illuminate\Http\Response->setContent(Object(Illuminate\View\View))
#7 D:\yueyixia\vendor\compiled.php(7154): Symfony\Component\HttpFoundation\Response->__construct(Object(Illuminate\View\View))
#8 D:\yueyixia\vendor\compiled.php(6954): Illuminate\Routing\Router->prepareResponse(Object(Illuminate\Http\Request), Object(Illuminate\View\View))
#9 [internal function]: Illuminate\Routing\Router->Illuminate\Routing\{closure}(Object(Illuminate\Http\Request))
#10 D:\yueyixia\vendor\compiled.php(8952): call_user_func(Object(Closure), Object(Illuminate\Http\Request))
#11 [internal function]: Illuminate\Pipeline\Pipeline->Illuminate\Pipeline\{closure}(Object(Illuminate\Http\Request))
#12 D:\yueyixia\vendor\compiled.php(8935): call_user_func(Object(Closure), Object(Illuminate\Http\Request))
#13 D:\yueyixia\vendor\compiled.php(6955): Illuminate\Pipeline\Pipeline->then(Object(Closure))
#14 D:\yueyixia\vendor\compiled.php(6944): Illuminate\Routing\Router->runRouteWithinStack(Object(Illuminate\Routing\Route), Object(Illuminate\Http\Request))
#15 D:\yueyixia\vendor\compiled.php(6929): Illuminate\Routing\Router->dispatchToRoute(Object(Illuminate\Http\Request))
#16 D:\yueyixia\vendor\compiled.php(1935): Illuminate\Routing\Router->dispatch(Object(Illuminate\Http\Request))
#17 [internal function]: Illuminate\Foundation\Http\Kernel->Illuminate\Foundation\Http\{closure}(Object(Illuminate\Http\Request))
#18 D:\yueyixia\vendor\compiled.php(8952): call_user_func(Object(Closure), Object(Illuminate\Http\Request))
#19 D:\yueyixia\vendor\compiled.php(12083): Illuminate\Pipeline\Pipeline->Illuminate\Pipeline\{closure}(Object(Illuminate\Http\Request))
#20 D:\yueyixia\vendor\compiled.php(8944): Illuminate\View\Middleware\ShareErrorsFromSession->handle(Object(Illuminate\Http\Request), Object(Closure))
#21 D:\yueyixia\vendor\compiled.php(10785): Illuminate\Pipeline\Pipeline->Illuminate\Pipeline\{closure}(Object(Illuminate\Http\Request))
#22 D:\yueyixia\vendor\compiled.php(8944): Illuminate\Session\Middleware\StartSession->handle(Object(Illuminate\Http\Request), Object(Closure))
#23 D:\yueyixia\vendor\compiled.php(11789): Illuminate\Pipeline\Pipeline->Illuminate\Pipeline\{closure}(Object(Illuminate\Http\Request))
#24 D:\yueyixia\vendor\compiled.php(8944): Illuminate\Cookie\Middleware\AddQueuedCookiesToResponse->handle(Object(Illuminate\Http\Request), Object(Closure))
#25 D:\yueyixia\vendor\compiled.php(11738): Illuminate\Pipeline\Pipeline->Illuminate\Pipeline\{closure}(Object(Illuminate\Http\Request))
#26 D:\yueyixia\vendor\compiled.php(8944): Illuminate\Cookie\Middleware\EncryptCookies->handle(Object(Illuminate\Http\Request), Object(Closure))
#27 D:\yueyixia\vendor\compiled.php(2478): Illuminate\Pipeline\Pipeline->Illuminate\Pipeline\{closure}(Object(Illuminate\Http\Request))
#28 D:\yueyixia\vendor\compiled.php(8944): Illuminate\Foundation\Http\Middleware\CheckForMaintenanceMode->handle(Object(Illuminate\Http\Request), Object(Closure))
#29 [internal function]: Illuminate\Pipeline\Pipeline->Illuminate\Pipeline\{closure}(Object(Illuminate\Http\Request))
#30 D:\yueyixia\vendor\compiled.php(8935): call_user_func(Object(Closure), Object(Illuminate\Http\Request))
#31 D:\yueyixia\vendor\compiled.php(1891): Illuminate\Pipeline\Pipeline->then(Object(Closure))
#32 D:\yueyixia\vendor\compiled.php(1880): Illuminate\Foundation\Http\Kernel->sendRequestThroughRouter(Object(Illuminate\Http\Request))
#33 D:\yueyixia\public\index.php(54): Illuminate\Foundation\Http\Kernel->handle(Object(Illuminate\Http\Request))
#34 {main}  
[2016-03-24 05:38:07] local.ERROR: exception 'Symfony\Component\Debug\Exception\FatalErrorException' with message 'Class 'Gregwar\Captcha\CaptchaBuilder' not found' in D:\yueyixia\app\Http\Controllers\IndexController.php:63
Stack trace:
#0 {main}  
[2016-03-24 05:38:29] local.ERROR: exception 'Symfony\Component\Debug\Exception\FatalErrorException' with message 'Class 'Gregwar\Captcha\CaptchaBuilder' not found' in D:\yueyixia\app\Http\Controllers\IndexController.php:63
Stack trace:
#0 {main}  
[2016-03-24 05:38:35] local.ERROR: exception 'Symfony\Component\Debug\Exception\FatalErrorException' with message 'Class 'Gregwar\Captcha\CaptchaBuilder' not found' in D:\yueyixia\app\Http\Controllers\IndexController.php:63
Stack trace:
#0 {main}  
[2016-03-24 05:50:21] local.ERROR: exception 'Symfony\Component\Debug\Exception\FatalErrorException' with message 'Class 'Gregwar\Captcha\CaptchaBuilder' not found' in D:\yueyixia\app\Http\Controllers\IndexController.php:63
Stack trace:
#0 {main}  
