[2016-03-18 12:53:21] local.ERROR: exception 'ErrorException' with message 'include(commont/head.php): failed to open stream: No such file or directory' in D:\phpStudy\WWW\laravel\resources\views\collection\index.php:64
Stack trace:
#0 D:\phpStudy\WWW\laravel\resources\views\collection\index.php(64): Illuminate\Foundation\Bootstrap\HandleExceptions->handleError(2, 'include(commont...', 'D:\\phpStudy\\WWW...', 64, Array)
#1 D:\phpStudy\WWW\laravel\resources\views\collection\index.php(64): include()
#2 D:\phpStudy\WWW\laravel\vendor\compiled.php(13650): include('D:\\phpStudy\\WWW...')
#3 D:\phpStudy\WWW\laravel\vendor\compiled.php(13642): Illuminate\View\Engines\PhpEngine->evaluatePath('D:\\phpStudy\\WWW...', Array)
#4 D:\phpStudy\WWW\laravel\vendor\compiled.php(13523): Illuminate\View\Engines\PhpEngine->get('D:\\phpStudy\\WWW...', Array)
#5 D:\phpStudy\WWW\laravel\vendor\compiled.php(13510): Illuminate\View\View->getContents()
#6 D:\phpStudy\WWW\laravel\vendor\compiled.php(13501): Illuminate\View\View->renderContents()
#7 D:\phpStudy\WWW\laravel\vendor\compiled.php(14597): Illuminate\View\View->render()
#8 D:\phpStudy\WWW\laravel\vendor\compiled.php(14126): Illuminate\Http\Response->setContent(Object(Illuminate\View\View))
#9 D:\phpStudy\WWW\laravel\vendor\compiled.php(7154): Symfony\Component\HttpFoundation\Response->__construct(Object(Illuminate\View\View))
#10 D:\phpStudy\WWW\laravel\vendor\compiled.php(6954): Illuminate\Routing\Router->prepareResponse(Object(Illuminate\Http\Request), Object(Illuminate\View\View))
#11 [internal function]: Illuminate\Routing\Router->Illuminate\Routing\{closure}(Object(Illuminate\Http\Request))
#12 D:\phpStudy\WWW\laravel\vendor\compiled.php(8952): call_user_func(Object(Closure), Object(Illuminate\Http\Request))
#13 [internal function]: Illuminate\Pipeline\Pipeline->Illuminate\Pipeline\{closure}(Object(Illuminate\Http\Request))
#14 D:\phpStudy\WWW\laravel\vendor\compiled.php(8935): call_user_func(Object(Closure), Object(Illuminate\Http\Request))
#15 D:\phpStudy\WWW\laravel\vendor\compiled.php(6955): Illuminate\Pipeline\Pipeline->then(Object(Closure))
#16 D:\phpStudy\WWW\laravel\vendor\compiled.php(6944): Illuminate\Routing\Router->runRouteWithinStack(Object(Illuminate\Routing\Route), Object(Illuminate\Http\Request))
#17 D:\phpStudy\WWW\laravel\vendor\compiled.php(6929): Illuminate\Routing\Router->dispatchToRoute(Object(Illuminate\Http\Request))
#18 D:\phpStudy\WWW\laravel\vendor\compiled.php(1935): Illuminate\Routing\Router->dispatch(Object(Illuminate\Http\Request))
#19 [internal function]: Illuminate\Foundation\Http\Kernel->Illuminate\Foundation\Http\{closure}(Object(Illuminate\Http\Request))
#20 D:\phpStudy\WWW\laravel\vendor\compiled.php(8952): call_user_func(Object(Closure), Object(Illuminate\Http\Request))
#21 D:\phpStudy\WWW\laravel\vendor\compiled.php(2438): Illuminate\Pipeline\Pipeline->Illuminate\Pipeline\{closure}(Object(Illuminate\Http\Request))
#22 D:\phpStudy\WWW\laravel\app\Http\Middleware\VerifyCsrfToken.php(17): Illuminate\Foundation\Http\Middleware\VerifyCsrfToken->handle(Object(Illuminate\Http\Request), Object(Closure))
#23 D:\phpStudy\WWW\laravel\vendor\compiled.php(8944): App\Http\Middleware\VerifyCsrfToken->handle(Object(Illuminate\Http\Request), Object(Closure))
#24 D:\phpStudy\WWW\laravel\vendor\compiled.php(12083): Illuminate\Pipeline\Pipeline->Illuminate\Pipeline\{closure}(Object(Illuminate\Http\Request))
#25 D:\phpStudy\WWW\laravel\vendor\compiled.php(8944): Illuminate\View\Middleware\ShareErrorsFromSession->handle(Object(Illuminate\Http\Request), Object(Closure))
#26 D:\phpStudy\WWW\laravel\vendor\compiled.php(10785): Illuminate\Pipeline\Pipeline->Illuminate\Pipeline\{closure}(Object(Illuminate\Http\Request))
#27 D:\phpStudy\WWW\laravel\vendor\compiled.php(8944): Illuminate\Session\Middleware\StartSession->handle(Object(Illuminate\Http\Request), Object(Closure))
#28 D:\phpStudy\WWW\laravel\vendor\compiled.php(11789): Illuminate\Pipeline\Pipeline->Illuminate\Pipeline\{closure}(Object(Illuminate\Http\Request))
#29 D:\phpStudy\WWW\laravel\vendor\compiled.php(8944): Illuminate\Cookie\Middleware\AddQueuedCookiesToResponse->handle(Object(Illuminate\Http\Request), Object(Closure))
#30 D:\phpStudy\WWW\laravel\vendor\compiled.php(11738): Illuminate\Pipeline\Pipeline->Illuminate\Pipeline\{closure}(Object(Illuminate\Http\Request))
#31 D:\phpStudy\WWW\laravel\vendor\compiled.php(8944): Illuminate\Cookie\Middleware\EncryptCookies->handle(Object(Illuminate\Http\Request), Object(Closure))
#32 D:\phpStudy\WWW\laravel\vendor\compiled.php(2478): Illuminate\Pipeline\Pipeline->Illuminate\Pipeline\{closure}(Object(Illuminate\Http\Request))
#33 D:\phpStudy\WWW\laravel\vendor\compiled.php(8944): Illuminate\Foundation\Http\Middleware\CheckForMaintenanceMode->handle(Object(Illuminate\Http\Request), Object(Closure))
#34 [internal function]: Illuminate\Pipeline\Pipeline->Illuminate\Pipeline\{closure}(Object(Illuminate\Http\Request))
#35 D:\phpStudy\WWW\laravel\vendor\compiled.php(8935): call_user_func(Object(Closure), Object(Illuminate\Http\Request))
#36 D:\phpStudy\WWW\laravel\vendor\compiled.php(1891): Illuminate\Pipeline\Pipeline->then(Object(Closure))
#37 D:\phpStudy\WWW\laravel\vendor\compiled.php(1880): Illuminate\Foundation\Http\Kernel->sendRequestThroughRouter(Object(Illuminate\Http\Request))
#38 D:\phpStudy\WWW\laravel\public\index.php(53): Illuminate\Foundation\Http\Kernel->handle(Object(Illuminate\Http\Request))
#39 {main}  
[2016-03-18 12:53:21] local.ERROR: exception 'ErrorException' with message 'include(commont/head.php): failed to open stream: No such file or directory' in D:\phpStudy\WWW\laravel\resources\views\collection\index.php:64
Stack trace:
#0 D:\phpStudy\WWW\laravel\resources\views\collection\index.php(64): Illuminate\Foundation\Bootstrap\HandleExceptions->handleError(2, 'include(commont...', 'D:\\phpStudy\\WWW...', 64, Array)
#1 D:\phpStudy\WWW\laravel\resources\views\collection\index.php(64): include()
#2 D:\phpStudy\WWW\laravel\vendor\compiled.php(13650): include('D:\\phpStudy\\WWW...')
#3 D:\phpStudy\WWW\laravel\vendor\compiled.php(13642): Illuminate\View\Engines\PhpEngine->evaluatePath('D:\\phpStudy\\WWW...', Array)
#4 D:\phpStudy\WWW\laravel\vendor\compiled.php(13523): Illuminate\View\Engines\PhpEngine->get('D:\\phpStudy\\WWW...', Array)
#5 D:\phpStudy\WWW\laravel\vendor\compiled.php(13510): Illuminate\View\View->getContents()
#6 D:\phpStudy\WWW\laravel\vendor\compiled.php(13501): Illuminate\View\View->renderContents()
#7 D:\phpStudy\WWW\laravel\vendor\compiled.php(14597): Illuminate\View\View->render()
#8 D:\phpStudy\WWW\laravel\vendor\compiled.php(14126): Illuminate\Http\Response->setContent(Object(Illuminate\View\View))
#9 D:\phpStudy\WWW\laravel\vendor\compiled.php(7154): Symfony\Component\HttpFoundation\Response->__construct(Object(Illuminate\View\View))
#10 D:\phpStudy\WWW\laravel\vendor\compiled.php(6954): Illuminate\Routing\Router->prepareResponse(Object(Illuminate\Http\Request), Object(Illuminate\View\View))
#11 [internal function]: Illuminate\Routing\Router->Illuminate\Routing\{closure}(Object(Illuminate\Http\Request))
#12 D:\phpStudy\WWW\laravel\vendor\compiled.php(8952): call_user_func(Object(Closure), Object(Illuminate\Http\Request))
#13 [internal function]: Illuminate\Pipeline\Pipeline->Illuminate\Pipeline\{closure}(Object(Illuminate\Http\Request))
#14 D:\phpStudy\WWW\laravel\vendor\compiled.php(8935): call_user_func(Object(Closure), Object(Illuminate\Http\Request))
#15 D:\phpStudy\WWW\laravel\vendor\compiled.php(6955): Illuminate\Pipeline\Pipeline->then(Object(Closure))
#16 D:\phpStudy\WWW\laravel\vendor\compiled.php(6944): Illuminate\Routing\Router->runRouteWithinStack(Object(Illuminate\Routing\Route), Object(Illuminate\Http\Request))
#17 D:\phpStudy\WWW\laravel\vendor\compiled.php(6929): Illuminate\Routing\Router->dispatchToRoute(Object(Illuminate\Http\Request))
#18 D:\phpStudy\WWW\laravel\vendor\compiled.php(1935): Illuminate\Routing\Router->dispatch(Object(Illuminate\Http\Request))
#19 [internal function]: Illuminate\Foundation\Http\Kernel->Illuminate\Foundation\Http\{closure}(Object(Illuminate\Http\Request))
#20 D:\phpStudy\WWW\laravel\vendor\compiled.php(8952): call_user_func(Object(Closure), Object(Illuminate\Http\Request))
#21 D:\phpStudy\WWW\laravel\vendor\compiled.php(2438): Illuminate\Pipeline\Pipeline->Illuminate\Pipeline\{closure}(Object(Illuminate\Http\Request))
#22 D:\phpStudy\WWW\laravel\app\Http\Middleware\VerifyCsrfToken.php(17): Illuminate\Foundation\Http\Middleware\VerifyCsrfToken->handle(Object(Illuminate\Http\Request), Object(Closure))
#23 D:\phpStudy\WWW\laravel\vendor\compiled.php(8944): App\Http\Middleware\VerifyCsrfToken->handle(Object(Illuminate\Http\Request), Object(Closure))
#24 D:\phpStudy\WWW\laravel\vendor\compiled.php(12083): Illuminate\Pipeline\Pipeline->Illuminate\Pipeline\{closure}(Object(Illuminate\Http\Request))
#25 D:\phpStudy\WWW\laravel\vendor\compiled.php(8944): Illuminate\View\Middleware\ShareErrorsFromSession->handle(Object(Illuminate\Http\Request), Object(Closure))
#26 D:\phpStudy\WWW\laravel\vendor\compiled.php(10785): Illuminate\Pipeline\Pipeline->Illuminate\Pipeline\{closure}(Object(Illuminate\Http\Request))
#27 D:\phpStudy\WWW\laravel\vendor\compiled.php(8944): Illuminate\Session\Middleware\StartSession->handle(Object(Illuminate\Http\Request), Object(Closure))
#28 D:\phpStudy\WWW\laravel\vendor\compiled.php(11789): Illuminate\Pipeline\Pipeline->Illuminate\Pipeline\{closure}(Object(Illuminate\Http\Request))
#29 D:\phpStudy\WWW\laravel\vendor\compiled.php(8944): Illuminate\Cookie\Middleware\AddQueuedCookiesToResponse->handle(Object(Illuminate\Http\Request), Object(Closure))
#30 D:\phpStudy\WWW\laravel\vendor\compiled.php(11738): Illuminate\Pipeline\Pipeline->Illuminate\Pipeline\{closure}(Object(Illuminate\Http\Request))
#31 D:\phpStudy\WWW\laravel\vendor\compiled.php(8944): Illuminate\Cookie\Middleware\EncryptCookies->handle(Object(Illuminate\Http\Request), Object(Closure))
#32 D:\phpStudy\WWW\laravel\vendor\compiled.php(2478): Illuminate\Pipeline\Pipeline->Illuminate\Pipeline\{closure}(Object(Illuminate\Http\Request))
#33 D:\phpStudy\WWW\laravel\vendor\compiled.php(8944): Illuminate\Foundation\Http\Middleware\CheckForMaintenanceMode->handle(Object(Illuminate\Http\Request), Object(Closure))
#34 [internal function]: Illuminate\Pipeline\Pipeline->Illuminate\Pipeline\{closure}(Object(Illuminate\Http\Request))
#35 D:\phpStudy\WWW\laravel\vendor\compiled.php(8935): call_user_func(Object(Closure), Object(Illuminate\Http\Request))
#36 D:\phpStudy\WWW\laravel\vendor\compiled.php(1891): Illuminate\Pipeline\Pipeline->then(Object(Closure))
#37 D:\phpStudy\WWW\laravel\vendor\compiled.php(1880): Illuminate\Foundation\Http\Kernel->sendRequestThroughRouter(Object(Illuminate\Http\Request))
#38 D:\phpStudy\WWW\laravel\public\index.php(53): Illuminate\Foundation\Http\Kernel->handle(Object(Illuminate\Http\Request))
#39 {main}  
[2016-03-18 12:53:22] local.ERROR: exception 'ErrorException' with message 'include(commont/head.php): failed to open stream: No such file or directory' in D:\phpStudy\WWW\laravel\resources\views\collection\index.php:64
Stack trace:
#0 D:\phpStudy\WWW\laravel\resources\views\collection\index.php(64): Illuminate\Foundation\Bootstrap\HandleExceptions->handleError(2, 'include(commont...', 'D:\\phpStudy\\WWW...', 64, Array)
#1 D:\phpStudy\WWW\laravel\resources\views\collection\index.php(64): include()
#2 D:\phpStudy\WWW\laravel\vendor\compiled.php(13650): include('D:\\phpStudy\\WWW...')
#3 D:\phpStudy\WWW\laravel\vendor\compiled.php(13642): Illuminate\View\Engines\PhpEngine->evaluatePath('D:\\phpStudy\\WWW...', Array)
#4 D:\phpStudy\WWW\laravel\vendor\compiled.php(13523): Illuminate\View\Engines\PhpEngine->get('D:\\phpStudy\\WWW...', Array)
#5 D:\phpStudy\WWW\laravel\vendor\compiled.php(13510): Illuminate\View\View->getContents()
#6 D:\phpStudy\WWW\laravel\vendor\compiled.php(13501): Illuminate\View\View->renderContents()
#7 D:\phpStudy\WWW\laravel\vendor\compiled.php(14597): Illuminate\View\View->render()
#8 D:\phpStudy\WWW\laravel\vendor\compiled.php(14126): Illuminate\Http\Response->setContent(Object(Illuminate\View\View))
#9 D:\phpStudy\WWW\laravel\vendor\compiled.php(7154): Symfony\Component\HttpFoundation\Response->__construct(Object(Illuminate\View\View))
#10 D:\phpStudy\WWW\laravel\vendor\compiled.php(6954): Illuminate\Routing\Router->prepareResponse(Object(Illuminate\Http\Request), Object(Illuminate\View\View))
#11 [internal function]: Illuminate\Routing\Router->Illuminate\Routing\{closure}(Object(Illuminate\Http\Request))
#12 D:\phpStudy\WWW\laravel\vendor\compiled.php(8952): call_user_func(Object(Closure), Object(Illuminate\Http\Request))
#13 [internal function]: Illuminate\Pipeline\Pipeline->Illuminate\Pipeline\{closure}(Object(Illuminate\Http\Request))
#14 D:\phpStudy\WWW\laravel\vendor\compiled.php(8935): call_user_func(Object(Closure), Object(Illuminate\Http\Request))
#15 D:\phpStudy\WWW\laravel\vendor\compiled.php(6955): Illuminate\Pipeline\Pipeline->then(Object(Closure))
#16 D:\phpStudy\WWW\laravel\vendor\compiled.php(6944): Illuminate\Routing\Router->runRouteWithinStack(Object(Illuminate\Routing\Route), Object(Illuminate\Http\Request))
#17 D:\phpStudy\WWW\laravel\vendor\compiled.php(6929): Illuminate\Routing\Router->dispatchToRoute(Object(Illuminate\Http\Request))
#18 D:\phpStudy\WWW\laravel\vendor\compiled.php(1935): Illuminate\Routing\Router->dispatch(Object(Illuminate\Http\Request))
#19 [internal function]: Illuminate\Foundation\Http\Kernel->Illuminate\Foundation\Http\{closure}(Object(Illuminate\Http\Request))
#20 D:\phpStudy\WWW\laravel\vendor\compiled.php(8952): call_user_func(Object(Closure), Object(Illuminate\Http\Request))
#21 D:\phpStudy\WWW\laravel\vendor\compiled.php(2438): Illuminate\Pipeline\Pipeline->Illuminate\Pipeline\{closure}(Object(Illuminate\Http\Request))
#22 D:\phpStudy\WWW\laravel\app\Http\Middleware\VerifyCsrfToken.php(17): Illuminate\Foundation\Http\Middleware\VerifyCsrfToken->handle(Object(Illuminate\Http\Request), Object(Closure))
#23 D:\phpStudy\WWW\laravel\vendor\compiled.php(8944): App\Http\Middleware\VerifyCsrfToken->handle(Object(Illuminate\Http\Request), Object(Closure))
#24 D:\phpStudy\WWW\laravel\vendor\compiled.php(12083): Illuminate\Pipeline\Pipeline->Illuminate\Pipeline\{closure}(Object(Illuminate\Http\Request))
#25 D:\phpStudy\WWW\laravel\vendor\compiled.php(8944): Illuminate\View\Middleware\ShareErrorsFromSession->handle(Object(Illuminate\Http\Request), Object(Closure))
#26 D:\phpStudy\WWW\laravel\vendor\compiled.php(10785): Illuminate\Pipeline\Pipeline->Illuminate\Pipeline\{closure}(Object(Illuminate\Http\Request))
#27 D:\phpStudy\WWW\laravel\vendor\compiled.php(8944): Illuminate\Session\Middleware\StartSession->handle(Object(Illuminate\Http\Request), Object(Closure))
#28 D:\phpStudy\WWW\laravel\vendor\compiled.php(11789): Illuminate\Pipeline\Pipeline->Illuminate\Pipeline\{closure}(Object(Illuminate\Http\Request))
#29 D:\phpStudy\WWW\laravel\vendor\compiled.php(8944): Illuminate\Cookie\Middleware\AddQueuedCookiesToResponse->handle(Object(Illuminate\Http\Request), Object(Closure))
#30 D:\phpStudy\WWW\laravel\vendor\compiled.php(11738): Illuminate\Pipeline\Pipeline->Illuminate\Pipeline\{closure}(Object(Illuminate\Http\Request))
#31 D:\phpStudy\WWW\laravel\vendor\compiled.php(8944): Illuminate\Cookie\Middleware\EncryptCookies->handle(Object(Illuminate\Http\Request), Object(Closure))
#32 D:\phpStudy\WWW\laravel\vendor\compiled.php(2478): Illuminate\Pipeline\Pipeline->Illuminate\Pipeline\{closure}(Object(Illuminate\Http\Request))
#33 D:\phpStudy\WWW\laravel\vendor\compiled.php(8944): Illuminate\Foundation\Http\Middleware\CheckForMaintenanceMode->handle(Object(Illuminate\Http\Request), Object(Closure))
#34 [internal function]: Illuminate\Pipeline\Pipeline->Illuminate\Pipeline\{closure}(Object(Illuminate\Http\Request))
#35 D:\phpStudy\WWW\laravel\vendor\compiled.php(8935): call_user_func(Object(Closure), Object(Illuminate\Http\Request))
#36 D:\phpStudy\WWW\laravel\vendor\compiled.php(1891): Illuminate\Pipeline\Pipeline->then(Object(Closure))
#37 D:\phpStudy\WWW\laravel\vendor\compiled.php(1880): Illuminate\Foundation\Http\Kernel->sendRequestThroughRouter(Object(Illuminate\Http\Request))
#38 D:\phpStudy\WWW\laravel\public\index.php(53): Illuminate\Foundation\Http\Kernel->handle(Object(Illuminate\Http\Request))
#39 {main}  
[2016-03-18 12:53:23] local.ERROR: exception 'ErrorException' with message 'include(commont/head.php): failed to open stream: No such file or directory' in D:\phpStudy\WWW\laravel\resources\views\collection\index.php:64
Stack trace:
#0 D:\phpStudy\WWW\laravel\resources\views\collection\index.php(64): Illuminate\Foundation\Bootstrap\HandleExceptions->handleError(2, 'include(commont...', 'D:\\phpStudy\\WWW...', 64, Array)
#1 D:\phpStudy\WWW\laravel\resources\views\collection\index.php(64): include()
#2 D:\phpStudy\WWW\laravel\vendor\compiled.php(13650): include('D:\\phpStudy\\WWW...')
#3 D:\phpStudy\WWW\laravel\vendor\compiled.php(13642): Illuminate\View\Engines\PhpEngine->evaluatePath('D:\\phpStudy\\WWW...', Array)
#4 D:\phpStudy\WWW\laravel\vendor\compiled.php(13523): Illuminate\View\Engines\PhpEngine->get('D:\\phpStudy\\WWW...', Array)
#5 D:\phpStudy\WWW\laravel\vendor\compiled.php(13510): Illuminate\View\View->getContents()
#6 D:\phpStudy\WWW\laravel\vendor\compiled.php(13501): Illuminate\View\View->renderContents()
#7 D:\phpStudy\WWW\laravel\vendor\compiled.php(14597): Illuminate\View\View->render()
#8 D:\phpStudy\WWW\laravel\vendor\compiled.php(14126): Illuminate\Http\Response->setContent(Object(Illuminate\View\View))
#9 D:\phpStudy\WWW\laravel\vendor\compiled.php(7154): Symfony\Component\HttpFoundation\Response->__construct(Object(Illuminate\View\View))
#10 D:\phpStudy\WWW\laravel\vendor\compiled.php(6954): Illuminate\Routing\Router->prepareResponse(Object(Illuminate\Http\Request), Object(Illuminate\View\View))
#11 [internal function]: Illuminate\Routing\Router->Illuminate\Routing\{closure}(Object(Illuminate\Http\Request))
#12 D:\phpStudy\WWW\laravel\vendor\compiled.php(8952): call_user_func(Object(Closure), Object(Illuminate\Http\Request))
#13 [internal function]: Illuminate\Pipeline\Pipeline->Illuminate\Pipeline\{closure}(Object(Illuminate\Http\Request))
#14 D:\phpStudy\WWW\laravel\vendor\compiled.php(8935): call_user_func(Object(Closure), Object(Illuminate\Http\Request))
#15 D:\phpStudy\WWW\laravel\vendor\compiled.php(6955): Illuminate\Pipeline\Pipeline->then(Object(Closure))
#16 D:\phpStudy\WWW\laravel\vendor\compiled.php(6944): Illuminate\Routing\Router->runRouteWithinStack(Object(Illuminate\Routing\Route), Object(Illuminate\Http\Request))
#17 D:\phpStudy\WWW\laravel\vendor\compiled.php(6929): Illuminate\Routing\Router->dispatchToRoute(Object(Illuminate\Http\Request))
#18 D:\phpStudy\WWW\laravel\vendor\compiled.php(1935): Illuminate\Routing\Router->dispatch(Object(Illuminate\Http\Request))
#19 [internal function]: Illuminate\Foundation\Http\Kernel->Illuminate\Foundation\Http\{closure}(Object(Illuminate\Http\Request))
#20 D:\phpStudy\WWW\laravel\vendor\compiled.php(8952): call_user_func(Object(Closure), Object(Illuminate\Http\Request))
#21 D:\phpStudy\WWW\laravel\vendor\compiled.php(2438): Illuminate\Pipeline\Pipeline->Illuminate\Pipeline\{closure}(Object(Illuminate\Http\Request))
#22 D:\phpStudy\WWW\laravel\app\Http\Middleware\VerifyCsrfToken.php(17): Illuminate\Foundation\Http\Middleware\VerifyCsrfToken->handle(Object(Illuminate\Http\Request), Object(Closure))
#23 D:\phpStudy\WWW\laravel\vendor\compiled.php(8944): App\Http\Middleware\VerifyCsrfToken->handle(Object(Illuminate\Http\Request), Object(Closure))
#24 D:\phpStudy\WWW\laravel\vendor\compiled.php(12083): Illuminate\Pipeline\Pipeline->Illuminate\Pipeline\{closure}(Object(Illuminate\Http\Request))
#25 D:\phpStudy\WWW\laravel\vendor\compiled.php(8944): Illuminate\View\Middleware\ShareErrorsFromSession->handle(Object(Illuminate\Http\Request), Object(Closure))
#26 D:\phpStudy\WWW\laravel\vendor\compiled.php(10785): Illuminate\Pipeline\Pipeline->Illuminate\Pipeline\{closure}(Object(Illuminate\Http\Request))
#27 D:\phpStudy\WWW\laravel\vendor\compiled.php(8944): Illuminate\Session\Middleware\StartSession->handle(Object(Illuminate\Http\Request), Object(Closure))
#28 D:\phpStudy\WWW\laravel\vendor\compiled.php(11789): Illuminate\Pipeline\Pipeline->Illuminate\Pipeline\{closure}(Object(Illuminate\Http\Request))
#29 D:\phpStudy\WWW\laravel\vendor\compiled.php(8944): Illuminate\Cookie\Middleware\AddQueuedCookiesToResponse->handle(Object(Illuminate\Http\Request), Object(Closure))
#30 D:\phpStudy\WWW\laravel\vendor\compiled.php(11738): Illuminate\Pipeline\Pipeline->Illuminate\Pipeline\{closure}(Object(Illuminate\Http\Request))
#31 D:\phpStudy\WWW\laravel\vendor\compiled.php(8944): Illuminate\Cookie\Middleware\EncryptCookies->handle(Object(Illuminate\Http\Request), Object(Closure))
#32 D:\phpStudy\WWW\laravel\vendor\compiled.php(2478): Illuminate\Pipeline\Pipeline->Illuminate\Pipeline\{closure}(Object(Illuminate\Http\Request))
#33 D:\phpStudy\WWW\laravel\vendor\compiled.php(8944): Illuminate\Foundation\Http\Middleware\CheckForMaintenanceMode->handle(Object(Illuminate\Http\Request), Object(Closure))
#34 [internal function]: Illuminate\Pipeline\Pipeline->Illuminate\Pipeline\{closure}(Object(Illuminate\Http\Request))
#35 D:\phpStudy\WWW\laravel\vendor\compiled.php(8935): call_user_func(Object(Closure), Object(Illuminate\Http\Request))
#36 D:\phpStudy\WWW\laravel\vendor\compiled.php(1891): Illuminate\Pipeline\Pipeline->then(Object(Closure))
#37 D:\phpStudy\WWW\laravel\vendor\compiled.php(1880): Illuminate\Foundation\Http\Kernel->sendRequestThroughRouter(Object(Illuminate\Http\Request))
#38 D:\phpStudy\WWW\laravel\public\index.php(53): Illuminate\Foundation\Http\Kernel->handle(Object(Illuminate\Http\Request))
#39 {main}  
[2016-03-18 12:53:24] local.ERROR: exception 'ErrorException' with message 'include(commont/head.php): failed to open stream: No such file or directory' in D:\phpStudy\WWW\laravel\resources\views\collection\index.php:64
Stack trace:
#0 D:\phpStudy\WWW\laravel\resources\views\collection\index.php(64): Illuminate\Foundation\Bootstrap\HandleExceptions->handleError(2, 'include(commont...', 'D:\\phpStudy\\WWW...', 64, Array)
#1 D:\phpStudy\WWW\laravel\resources\views\collection\index.php(64): include()
#2 D:\phpStudy\WWW\laravel\vendor\compiled.php(13650): include('D:\\phpStudy\\WWW...')
#3 D:\phpStudy\WWW\laravel\vendor\compiled.php(13642): Illuminate\View\Engines\PhpEngine->evaluatePath('D:\\phpStudy\\WWW...', Array)
#4 D:\phpStudy\WWW\laravel\vendor\compiled.php(13523): Illuminate\View\Engines\PhpEngine->get('D:\\phpStudy\\WWW...', Array)
#5 D:\phpStudy\WWW\laravel\vendor\compiled.php(13510): Illuminate\View\View->getContents()
#6 D:\phpStudy\WWW\laravel\vendor\compiled.php(13501): Illuminate\View\View->renderContents()
#7 D:\phpStudy\WWW\laravel\vendor\compiled.php(14597): Illuminate\View\View->render()
#8 D:\phpStudy\WWW\laravel\vendor\compiled.php(14126): Illuminate\Http\Response->setContent(Object(Illuminate\View\View))
#9 D:\phpStudy\WWW\laravel\vendor\compiled.php(7154): Symfony\Component\HttpFoundation\Response->__construct(Object(Illuminate\View\View))
#10 D:\phpStudy\WWW\laravel\vendor\compiled.php(6954): Illuminate\Routing\Router->prepareResponse(Object(Illuminate\Http\Request), Object(Illuminate\View\View))
#11 [internal function]: Illuminate\Routing\Router->Illuminate\Routing\{closure}(Object(Illuminate\Http\Request))
#12 D:\phpStudy\WWW\laravel\vendor\compiled.php(8952): call_user_func(Object(Closure), Object(Illuminate\Http\Request))
#13 [internal function]: Illuminate\Pipeline\Pipeline->Illuminate\Pipeline\{closure}(Object(Illuminate\Http\Request))
#14 D:\phpStudy\WWW\laravel\vendor\compiled.php(8935): call_user_func(Object(Closure), Object(Illuminate\Http\Request))
#15 D:\phpStudy\WWW\laravel\vendor\compiled.php(6955): Illuminate\Pipeline\Pipeline->then(Object(Closure))
#16 D:\phpStudy\WWW\laravel\vendor\compiled.php(6944): Illuminate\Routing\Router->runRouteWithinStack(Object(Illuminate\Routing\Route), Object(Illuminate\Http\Request))
#17 D:\phpStudy\WWW\laravel\vendor\compiled.php(6929): Illuminate\Routing\Router->dispatchToRoute(Object(Illuminate\Http\Request))
#18 D:\phpStudy\WWW\laravel\vendor\compiled.php(1935): Illuminate\Routing\Router->dispatch(Object(Illuminate\Http\Request))
#19 [internal function]: Illuminate\Foundation\Http\Kernel->Illuminate\Foundation\Http\{closure}(Object(Illuminate\Http\Request))
#20 D:\phpStudy\WWW\laravel\vendor\compiled.php(8952): call_user_func(Object(Closure), Object(Illuminate\Http\Request))
#21 D:\phpStudy\WWW\laravel\vendor\compiled.php(2438): Illuminate\Pipeline\Pipeline->Illuminate\Pipeline\{closure}(Object(Illuminate\Http\Request))
#22 D:\phpStudy\WWW\laravel\app\Http\Middleware\VerifyCsrfToken.php(17): Illuminate\Foundation\Http\Middleware\VerifyCsrfToken->handle(Object(Illuminate\Http\Request), Object(Closure))
#23 D:\phpStudy\WWW\laravel\vendor\compiled.php(8944): App\Http\Middleware\VerifyCsrfToken->handle(Object(Illuminate\Http\Request), Object(Closure))
#24 D:\phpStudy\WWW\laravel\vendor\compiled.php(12083): Illuminate\Pipeline\Pipeline->Illuminate\Pipeline\{closure}(Object(Illuminate\Http\Request))
#25 D:\phpStudy\WWW\laravel\vendor\compiled.php(8944): Illuminate\View\Middleware\ShareErrorsFromSession->handle(Object(Illuminate\Http\Request), Object(Closure))
#26 D:\phpStudy\WWW\laravel\vendor\compiled.php(10785): Illuminate\Pipeline\Pipeline->Illuminate\Pipeline\{closure}(Object(Illuminate\Http\Request))
#27 D:\phpStudy\WWW\laravel\vendor\compiled.php(8944): Illuminate\Session\Middleware\StartSession->handle(Object(Illuminate\Http\Request), Object(Closure))
#28 D:\phpStudy\WWW\laravel\vendor\compiled.php(11789): Illuminate\Pipeline\Pipeline->Illuminate\Pipeline\{closure}(Object(Illuminate\Http\Request))
#29 D:\phpStudy\WWW\laravel\vendor\compiled.php(8944): Illuminate\Cookie\Middleware\AddQueuedCookiesToResponse->handle(Object(Illuminate\Http\Request), Object(Closure))
#30 D:\phpStudy\WWW\laravel\vendor\compiled.php(11738): Illuminate\Pipeline\Pipeline->Illuminate\Pipeline\{closure}(Object(Illuminate\Http\Request))
#31 D:\phpStudy\WWW\laravel\vendor\compiled.php(8944): Illuminate\Cookie\Middleware\EncryptCookies->handle(Object(Illuminate\Http\Request), Object(Closure))
#32 D:\phpStudy\WWW\laravel\vendor\compiled.php(2478): Illuminate\Pipeline\Pipeline->Illuminate\Pipeline\{closure}(Object(Illuminate\Http\Request))
#33 D:\phpStudy\WWW\laravel\vendor\compiled.php(8944): Illuminate\Foundation\Http\Middleware\CheckForMaintenanceMode->handle(Object(Illuminate\Http\Request), Object(Closure))
#34 [internal function]: Illuminate\Pipeline\Pipeline->Illuminate\Pipeline\{closure}(Object(Illuminate\Http\Request))
#35 D:\phpStudy\WWW\laravel\vendor\compiled.php(8935): call_user_func(Object(Closure), Object(Illuminate\Http\Request))
#36 D:\phpStudy\WWW\laravel\vendor\compiled.php(1891): Illuminate\Pipeline\Pipeline->then(Object(Closure))
#37 D:\phpStudy\WWW\laravel\vendor\compiled.php(1880): Illuminate\Foundation\Http\Kernel->sendRequestThroughRouter(Object(Illuminate\Http\Request))
#38 D:\phpStudy\WWW\laravel\public\index.php(53): Illuminate\Foundation\Http\Kernel->handle(Object(Illuminate\Http\Request))
#39 {main}  
[2016-03-18 12:53:25] local.ERROR: exception 'ErrorException' with message 'include(commont/head.php): failed to open stream: No such file or directory' in D:\phpStudy\WWW\laravel\resources\views\collection\index.php:64
Stack trace:
#0 D:\phpStudy\WWW\laravel\resources\views\collection\index.php(64): Illuminate\Foundation\Bootstrap\HandleExceptions->handleError(2, 'include(commont...', 'D:\\phpStudy\\WWW...', 64, Array)
#1 D:\phpStudy\WWW\laravel\resources\views\collection\index.php(64): include()
#2 D:\phpStudy\WWW\laravel\vendor\compiled.php(13650): include('D:\\phpStudy\\WWW...')
#3 D:\phpStudy\WWW\laravel\vendor\compiled.php(13642): Illuminate\View\Engines\PhpEngine->evaluatePath('D:\\phpStudy\\WWW...', Array)
#4 D:\phpStudy\WWW\laravel\vendor\compiled.php(13523): Illuminate\View\Engines\PhpEngine->get('D:\\phpStudy\\WWW...', Array)
#5 D:\phpStudy\WWW\laravel\vendor\compiled.php(13510): Illuminate\View\View->getContents()
#6 D:\phpStudy\WWW\laravel\vendor\compiled.php(13501): Illuminate\View\View->renderContents()
#7 D:\phpStudy\WWW\laravel\vendor\compiled.php(14597): Illuminate\View\View->render()
#8 D:\phpStudy\WWW\laravel\vendor\compiled.php(14126): Illuminate\Http\Response->setContent(Object(Illuminate\View\View))
#9 D:\phpStudy\WWW\laravel\vendor\compiled.php(7154): Symfony\Component\HttpFoundation\Response->__construct(Object(Illuminate\View\View))
#10 D:\phpStudy\WWW\laravel\vendor\compiled.php(6954): Illuminate\Routing\Router->prepareResponse(Object(Illuminate\Http\Request), Object(Illuminate\View\View))
#11 [internal function]: Illuminate\Routing\Router->Illuminate\Routing\{closure}(Object(Illuminate\Http\Request))
#12 D:\phpStudy\WWW\laravel\vendor\compiled.php(8952): call_user_func(Object(Closure), Object(Illuminate\Http\Request))
#13 [internal function]: Illuminate\Pipeline\Pipeline->Illuminate\Pipeline\{closure}(Object(Illuminate\Http\Request))
#14 D:\phpStudy\WWW\laravel\vendor\compiled.php(8935): call_user_func(Object(Closure), Object(Illuminate\Http\Request))
#15 D:\phpStudy\WWW\laravel\vendor\compiled.php(6955): Illuminate\Pipeline\Pipeline->then(Object(Closure))
#16 D:\phpStudy\WWW\laravel\vendor\compiled.php(6944): Illuminate\Routing\Router->runRouteWithinStack(Object(Illuminate\Routing\Route), Object(Illuminate\Http\Request))
#17 D:\phpStudy\WWW\laravel\vendor\compiled.php(6929): Illuminate\Routing\Router->dispatchToRoute(Object(Illuminate\Http\Request))
#18 D:\phpStudy\WWW\laravel\vendor\compiled.php(1935): Illuminate\Routing\Router->dispatch(Object(Illuminate\Http\Request))
#19 [internal function]: Illuminate\Foundation\Http\Kernel->Illuminate\Foundation\Http\{closure}(Object(Illuminate\Http\Request))
#20 D:\phpStudy\WWW\laravel\vendor\compiled.php(8952): call_user_func(Object(Closure), Object(Illuminate\Http\Request))
#21 D:\phpStudy\WWW\laravel\vendor\compiled.php(2438): Illuminate\Pipeline\Pipeline->Illuminate\Pipeline\{closure}(Object(Illuminate\Http\Request))
#22 D:\phpStudy\WWW\laravel\app\Http\Middleware\VerifyCsrfToken.php(17): Illuminate\Foundation\Http\Middleware\VerifyCsrfToken->handle(Object(Illuminate\Http\Request), Object(Closure))
#23 D:\phpStudy\WWW\laravel\vendor\compiled.php(8944): App\Http\Middleware\VerifyCsrfToken->handle(Object(Illuminate\Http\Request), Object(Closure))
#24 D:\phpStudy\WWW\laravel\vendor\compiled.php(12083): Illuminate\Pipeline\Pipeline->Illuminate\Pipeline\{closure}(Object(Illuminate\Http\Request))
#25 D:\phpStudy\WWW\laravel\vendor\compiled.php(8944): Illuminate\View\Middleware\ShareErrorsFromSession->handle(Object(Illuminate\Http\Request), Object(Closure))
#26 D:\phpStudy\WWW\laravel\vendor\compiled.php(10785): Illuminate\Pipeline\Pipeline->Illuminate\Pipeline\{closure}(Object(Illuminate\Http\Request))
#27 D:\phpStudy\WWW\laravel\vendor\compiled.php(8944): Illuminate\Session\Middleware\StartSession->handle(Object(Illuminate\Http\Request), Object(Closure))
#28 D:\phpStudy\WWW\laravel\vendor\compiled.php(11789): Illuminate\Pipeline\Pipeline->Illuminate\Pipeline\{closure}(Object(Illuminate\Http\Request))
#29 D:\phpStudy\WWW\laravel\vendor\compiled.php(8944): Illuminate\Cookie\Middleware\AddQueuedCookiesToResponse->handle(Object(Illuminate\Http\Request), Object(Closure))
#30 D:\phpStudy\WWW\laravel\vendor\compiled.php(11738): Illuminate\Pipeline\Pipeline->Illuminate\Pipeline\{closure}(Object(Illuminate\Http\Request))
#31 D:\phpStudy\WWW\laravel\vendor\compiled.php(8944): Illuminate\Cookie\Middleware\EncryptCookies->handle(Object(Illuminate\Http\Request), Object(Closure))
#32 D:\phpStudy\WWW\laravel\vendor\compiled.php(2478): Illuminate\Pipeline\Pipeline->Illuminate\Pipeline\{closure}(Object(Illuminate\Http\Request))
#33 D:\phpStudy\WWW\laravel\vendor\compiled.php(8944): Illuminate\Foundation\Http\Middleware\CheckForMaintenanceMode->handle(Object(Illuminate\Http\Request), Object(Closure))
#34 [internal function]: Illuminate\Pipeline\Pipeline->Illuminate\Pipeline\{closure}(Object(Illuminate\Http\Request))
#35 D:\phpStudy\WWW\laravel\vendor\compiled.php(8935): call_user_func(Object(Closure), Object(Illuminate\Http\Request))
#36 D:\phpStudy\WWW\laravel\vendor\compiled.php(1891): Illuminate\Pipeline\Pipeline->then(Object(Closure))
#37 D:\phpStudy\WWW\laravel\vendor\compiled.php(1880): Illuminate\Foundation\Http\Kernel->sendRequestThroughRouter(Object(Illuminate\Http\Request))
#38 D:\phpStudy\WWW\laravel\public\index.php(53): Illuminate\Foundation\Http\Kernel->handle(Object(Illuminate\Http\Request))
#39 {main}  
