[2016-03-19 02:54:44] local.ERROR: exception 'PDOException' with message 'SQLSTATE[42S22]: Column not found: 1054 Unknown column 'aid=1' in 'where clause'' in D:\yueyixia\vendor\laravel\framework\src\Illuminate\Database\Connection.php:288
Stack trace:
#0 D:\yueyixia\vendor\laravel\framework\src\Illuminate\Database\Connection.php(288): PDO->prepare('select * from `...')
#1 D:\yueyixia\vendor\laravel\framework\src\Illuminate\Database\Connection.php(612): Illuminate\Database\Connection->Illuminate\Database\{closure}(Object(Illuminate\Database\MySqlConnection), 'select * from `...', Array)
#2 D:\yueyixia\vendor\laravel\framework\src\Illuminate\Database\Connection.php(576): Illuminate\Database\Connection->runQueryCallback('select * from `...', Array, Object(Closure))
#3 D:\yueyixia\vendor\laravel\framework\src\Illuminate\Database\Connection.php(293): Illuminate\Database\Connection->run('select * from `...', Array, Object(Closure))
#4 D:\yueyixia\vendor\laravel\framework\src\Illuminate\Database\Query\Builder.php(1377): Illuminate\Database\Connection->select('select * from `...', Array, true)
#5 D:\yueyixia\vendor\laravel\framework\src\Illuminate\Database\Query\Builder.php(1367): Illuminate\Database\Query\Builder->runSelect()
#6 D:\yueyixia\vendor\laravel\framework\src\Illuminate\Database\Query\Builder.php(1354): Illuminate\Database\Query\Builder->getFresh(Array)
#7 D:\yueyixia\app\Http\Controllers\SearchController.php(15): Illuminate\Database\Query\Builder->get()
#8 [internal function]: App\Http\Controllers\SearchController->index()
#9 D:\yueyixia\vendor\compiled.php(8287): call_user_func_array(Array, Array)
#10 D:\yueyixia\vendor\compiled.php(8354): Illuminate\Routing\Controller->callAction('index', Array)
#11 D:\yueyixia\vendor\compiled.php(8333): Illuminate\Routing\ControllerDispatcher->call(Object(App\Http\Controllers\SearchController), Object(Illuminate\Routing\Route), 'index')
#12 [internal function]: Illuminate\Routing\ControllerDispatcher->Illuminate\Routing\{closure}(Object(Illuminate\Http\Request))
#13 D:\yueyixia\vendor\compiled.php(8952): call_user_func(Object(Closure), Object(Illuminate\Http\Request))
#14 [internal function]: Illuminate\Pipeline\Pipeline->Illuminate\Pipeline\{closure}(Object(Illuminate\Http\Request))
#15 D:\yueyixia\vendor\compiled.php(8935): call_user_func(Object(Closure), Object(Illuminate\Http\Request))
#16 D:\yueyixia\vendor\compiled.php(8334): Illuminate\Pipeline\Pipeline->then(Object(Closure))
#17 D:\yueyixia\vendor\compiled.php(8320): Illuminate\Routing\ControllerDispatcher->callWithinStack(Object(App\Http\Controllers\SearchController), Object(Illuminate\Routing\Route), Object(Illuminate\Http\Request), 'index')
#18 D:\yueyixia\vendor\compiled.php(7317): Illuminate\Routing\ControllerDispatcher->dispatch(Object(Illuminate\Routing\Route), Object(Illuminate\Http\Request), 'App\\Http\\Contro...', 'index')
#19 D:\yueyixia\vendor\compiled.php(7288): Illuminate\Routing\Route->runWithCustomDispatcher(Object(Illuminate\Http\Request))
#20 D:\yueyixia\vendor\compiled.php(6954): Illuminate\Routing\Route->run(Object(Illuminate\Http\Request))
#21 [internal function]: Illuminate\Routing\Router->Illuminate\Routing\{closure}(Object(Illuminate\Http\Request))
#22 D:\yueyixia\vendor\compiled.php(8952): call_user_func(Object(Closure), Object(Illuminate\Http\Request))
#23 [internal function]: Illuminate\Pipeline\Pipeline->Illuminate\Pipeline\{closure}(Object(Illuminate\Http\Request))
#24 D:\yueyixia\vendor\compiled.php(8935): call_user_func(Object(Closure), Object(Illuminate\Http\Request))
#25 D:\yueyixia\vendor\compiled.php(6955): Illuminate\Pipeline\Pipeline->then(Object(Closure))
#26 D:\yueyixia\vendor\compiled.php(6944): Illuminate\Routing\Router->runRouteWithinStack(Object(Illuminate\Routing\Route), Object(Illuminate\Http\Request))
#27 D:\yueyixia\vendor\compiled.php(6929): Illuminate\Routing\Router->dispatchToRoute(Object(Illuminate\Http\Request))
#28 D:\yueyixia\vendor\compiled.php(1935): Illuminate\Routing\Router->dispatch(Object(Illuminate\Http\Request))
#29 [internal function]: Illuminate\Foundation\Http\Kernel->Illuminate\Foundation\Http\{closure}(Object(Illuminate\Http\Request))
#30 D:\yueyixia\vendor\compiled.php(8952): call_user_func(Object(Closure), Object(Illuminate\Http\Request))
#31 D:\yueyixia\vendor\compiled.php(2438): Illuminate\Pipeline\Pipeline->Illuminate\Pipeline\{closure}(Object(Illuminate\Http\Request))
#32 D:\yueyixia\app\Http\Middleware\VerifyCsrfToken.php(17): Illuminate\Foundation\Http\Middleware\VerifyCsrfToken->handle(Object(Illuminate\Http\Request), Object(Closure))
#33 D:\yueyixia\vendor\compiled.php(8944): App\Http\Middleware\VerifyCsrfToken->handle(Object(Illuminate\Http\Request), Object(Closure))
#34 D:\yueyixia\vendor\compiled.php(12083): Illuminate\Pipeline\Pipeline->Illuminate\Pipeline\{closure}(Object(Illuminate\Http\Request))
#35 D:\yueyixia\vendor\compiled.php(8944): Illuminate\View\Middleware\ShareErrorsFromSession->handle(Object(Illuminate\Http\Request), Object(Closure))
#36 D:\yueyixia\vendor\compiled.php(10785): Illuminate\Pipeline\Pipeline->Illuminate\Pipeline\{closure}(Object(Illuminate\Http\Request))
#37 D:\yueyixia\vendor\compiled.php(8944): Illuminate\Session\Middleware\StartSession->handle(Object(Illuminate\Http\Request), Object(Closure))
#38 D:\yueyixia\vendor\compiled.php(11789): Illuminate\Pipeline\Pipeline->Illuminate\Pipeline\{closure}(Object(Illuminate\Http\Request))
#39 D:\yueyixia\vendor\compiled.php(8944): Illuminate\Cookie\Middleware\AddQueuedCookiesToResponse->handle(Object(Illuminate\Http\Request), Object(Closure))
#40 D:\yueyixia\vendor\compiled.php(11738): Illuminate\Pipeline\Pipeline->Illuminate\Pipeline\{closure}(Object(Illuminate\Http\Request))
#41 D:\yueyixia\vendor\compiled.php(8944): Illuminate\Cookie\Middleware\EncryptCookies->handle(Object(Illuminate\Http\Request), Object(Closure))
#42 D:\yueyixia\vendor\compiled.php(2478): Illuminate\Pipeline\Pipeline->Illuminate\Pipeline\{closure}(Object(Illuminate\Http\Request))
#43 D:\yueyixia\vendor\compiled.php(8944): Illuminate\Foundation\Http\Middleware\CheckForMaintenanceMode->handle(Object(Illuminate\Http\Request), Object(Closure))
#44 [internal function]: Illuminate\Pipeline\Pipeline->Illuminate\Pipeline\{closure}(Object(Illuminate\Http\Request))
#45 D:\yueyixia\vendor\compiled.php(8935): call_user_func(Object(Closure), Object(Illuminate\Http\Request))
#46 D:\yueyixia\vendor\compiled.php(1891): Illuminate\Pipeline\Pipeline->then(Object(Closure))
#47 D:\yueyixia\vendor\compiled.php(1880): Illuminate\Foundation\Http\Kernel->sendRequestThroughRouter(Object(Illuminate\Http\Request))
#48 D:\yueyixia\public\index.php(53): Illuminate\Foundation\Http\Kernel->handle(Object(Illuminate\Http\Request))
#49 {main}

Next exception 'Illuminate\Database\QueryException' with message 'SQLSTATE[42S22]: Column not found: 1054 Unknown column 'aid=1' in 'where clause' (SQL: select * from `y_view` where `aid=1` is null)' in D:\yueyixia\vendor\laravel\framework\src\Illuminate\Database\Connection.php:620
Stack trace:
#0 D:\yueyixia\vendor\laravel\framework\src\Illuminate\Database\Connection.php(576): Illuminate\Database\Connection->runQueryCallback('select * from `...', Array, Object(Closure))
#1 D:\yueyixia\vendor\laravel\framework\src\Illuminate\Database\Connection.php(293): Illuminate\Database\Connection->run('select * from `...', Array, Object(Closure))
#2 D:\yueyixia\vendor\laravel\framework\src\Illuminate\Database\Query\Builder.php(1377): Illuminate\Database\Connection->select('select * from `...', Array, true)
#3 D:\yueyixia\vendor\laravel\framework\src\Illuminate\Database\Query\Builder.php(1367): Illuminate\Database\Query\Builder->runSelect()
#4 D:\yueyixia\vendor\laravel\framework\src\Illuminate\Database\Query\Builder.php(1354): Illuminate\Database\Query\Builder->getFresh(Array)
#5 D:\yueyixia\app\Http\Controllers\SearchController.php(15): Illuminate\Database\Query\Builder->get()
#6 [internal function]: App\Http\Controllers\SearchController->index()
#7 D:\yueyixia\vendor\compiled.php(8287): call_user_func_array(Array, Array)
#8 D:\yueyixia\vendor\compiled.php(8354): Illuminate\Routing\Controller->callAction('index', Array)
#9 D:\yueyixia\vendor\compiled.php(8333): Illuminate\Routing\ControllerDispatcher->call(Object(App\Http\Controllers\SearchController), Object(Illuminate\Routing\Route), 'index')
#10 [internal function]: Illuminate\Routing\ControllerDispatcher->Illuminate\Routing\{closure}(Object(Illuminate\Http\Request))
#11 D:\yueyixia\vendor\compiled.php(8952): call_user_func(Object(Closure), Object(Illuminate\Http\Request))
#12 [internal function]: Illuminate\Pipeline\Pipeline->Illuminate\Pipeline\{closure}(Object(Illuminate\Http\Request))
#13 D:\yueyixia\vendor\compiled.php(8935): call_user_func(Object(Closure), Object(Illuminate\Http\Request))
#14 D:\yueyixia\vendor\compiled.php(8334): Illuminate\Pipeline\Pipeline->then(Object(Closure))
#15 D:\yueyixia\vendor\compiled.php(8320): Illuminate\Routing\ControllerDispatcher->callWithinStack(Object(App\Http\Controllers\SearchController), Object(Illuminate\Routing\Route), Object(Illuminate\Http\Request), 'index')
#16 D:\yueyixia\vendor\compiled.php(7317): Illuminate\Routing\ControllerDispatcher->dispatch(Object(Illuminate\Routing\Route), Object(Illuminate\Http\Request), 'App\\Http\\Contro...', 'index')
#17 D:\yueyixia\vendor\compiled.php(7288): Illuminate\Routing\Route->runWithCustomDispatcher(Object(Illuminate\Http\Request))
#18 D:\yueyixia\vendor\compiled.php(6954): Illuminate\Routing\Route->run(Object(Illuminate\Http\Request))
#19 [internal function]: Illuminate\Routing\Router->Illuminate\Routing\{closure}(Object(Illuminate\Http\Request))
#20 D:\yueyixia\vendor\compiled.php(8952): call_user_func(Object(Closure), Object(Illuminate\Http\Request))
#21 [internal function]: Illuminate\Pipeline\Pipeline->Illuminate\Pipeline\{closure}(Object(Illuminate\Http\Request))
#22 D:\yueyixia\vendor\compiled.php(8935): call_user_func(Object(Closure), Object(Illuminate\Http\Request))
#23 D:\yueyixia\vendor\compiled.php(6955): Illuminate\Pipeline\Pipeline->then(Object(Closure))
#24 D:\yueyixia\vendor\compiled.php(6944): Illuminate\Routing\Router->runRouteWithinStack(Object(Illuminate\Routing\Route), Object(Illuminate\Http\Request))
#25 D:\yueyixia\vendor\compiled.php(6929): Illuminate\Routing\Router->dispatchToRoute(Object(Illuminate\Http\Request))
#26 D:\yueyixia\vendor\compiled.php(1935): Illuminate\Routing\Router->dispatch(Object(Illuminate\Http\Request))
#27 [internal function]: Illuminate\Foundation\Http\Kernel->Illuminate\Foundation\Http\{closure}(Object(Illuminate\Http\Request))
#28 D:\yueyixia\vendor\compiled.php(8952): call_user_func(Object(Closure), Object(Illuminate\Http\Request))
#29 D:\yueyixia\vendor\compiled.php(2438): Illuminate\Pipeline\Pipeline->Illuminate\Pipeline\{closure}(Object(Illuminate\Http\Request))
#30 D:\yueyixia\app\Http\Middleware\VerifyCsrfToken.php(17): Illuminate\Foundation\Http\Middleware\VerifyCsrfToken->handle(Object(Illuminate\Http\Request), Object(Closure))
#31 D:\yueyixia\vendor\compiled.php(8944): App\Http\Middleware\VerifyCsrfToken->handle(Object(Illuminate\Http\Request), Object(Closure))
#32 D:\yueyixia\vendor\compiled.php(12083): Illuminate\Pipeline\Pipeline->Illuminate\Pipeline\{closure}(Object(Illuminate\Http\Request))
#33 D:\yueyixia\vendor\compiled.php(8944): Illuminate\View\Middleware\ShareErrorsFromSession->handle(Object(Illuminate\Http\Request), Object(Closure))
#34 D:\yueyixia\vendor\compiled.php(10785): Illuminate\Pipeline\Pipeline->Illuminate\Pipeline\{closure}(Object(Illuminate\Http\Request))
#35 D:\yueyixia\vendor\compiled.php(8944): Illuminate\Session\Middleware\StartSession->handle(Object(Illuminate\Http\Request), Object(Closure))
#36 D:\yueyixia\vendor\compiled.php(11789): Illuminate\Pipeline\Pipeline->Illuminate\Pipeline\{closure}(Object(Illuminate\Http\Request))
#37 D:\yueyixia\vendor\compiled.php(8944): Illuminate\Cookie\Middleware\AddQueuedCookiesToResponse->handle(Object(Illuminate\Http\Request), Object(Closure))
#38 D:\yueyixia\vendor\compiled.php(11738): Illuminate\Pipeline\Pipeline->Illuminate\Pipeline\{closure}(Object(Illuminate\Http\Request))
#39 D:\yueyixia\vendor\compiled.php(8944): Illuminate\Cookie\Middleware\EncryptCookies->handle(Object(Illuminate\Http\Request), Object(Closure))
#40 D:\yueyixia\vendor\compiled.php(2478): Illuminate\Pipeline\Pipeline->Illuminate\Pipeline\{closure}(Object(Illuminate\Http\Request))
#41 D:\yueyixia\vendor\compiled.php(8944): Illuminate\Foundation\Http\Middleware\CheckForMaintenanceMode->handle(Object(Illuminate\Http\Request), Object(Closure))
#42 [internal function]: Illuminate\Pipeline\Pipeline->Illuminate\Pipeline\{closure}(Object(Illuminate\Http\Request))
#43 D:\yueyixia\vendor\compiled.php(8935): call_user_func(Object(Closure), Object(Illuminate\Http\Request))
#44 D:\yueyixia\vendor\compiled.php(1891): Illuminate\Pipeline\Pipeline->then(Object(Closure))
#45 D:\yueyixia\vendor\compiled.php(1880): Illuminate\Foundation\Http\Kernel->sendRequestThroughRouter(Object(Illuminate\Http\Request))
#46 D:\yueyixia\public\index.php(53): Illuminate\Foundation\Http\Kernel->handle(Object(Illuminate\Http\Request))
#47 {main}  
[2016-03-19 02:55:20] local.ERROR: exception 'PDOException' with message 'SQLSTATE[42S22]: Column not found: 1054 Unknown column 'aid='1'' in 'where clause'' in D:\yueyixia\vendor\laravel\framework\src\Illuminate\Database\Connection.php:288
Stack trace:
#0 D:\yueyixia\vendor\laravel\framework\src\Illuminate\Database\Connection.php(288): PDO->prepare('select * from `...')
#1 D:\yueyixia\vendor\laravel\framework\src\Illuminate\Database\Connection.php(612): Illuminate\Database\Connection->Illuminate\Database\{closure}(Object(Illuminate\Database\MySqlConnection), 'select * from `...', Array)
#2 D:\yueyixia\vendor\laravel\framework\src\Illuminate\Database\Connection.php(576): Illuminate\Database\Connection->runQueryCallback('select * from `...', Array, Object(Closure))
#3 D:\yueyixia\vendor\laravel\framework\src\Illuminate\Database\Connection.php(293): Illuminate\Database\Connection->run('select * from `...', Array, Object(Closure))
#4 D:\yueyixia\vendor\laravel\framework\src\Illuminate\Database\Query\Builder.php(1377): Illuminate\Database\Connection->select('select * from `...', Array, true)
#5 D:\yueyixia\vendor\laravel\framework\src\Illuminate\Database\Query\Builder.php(1367): Illuminate\Database\Query\Builder->runSelect()
#6 D:\yueyixia\vendor\laravel\framework\src\Illuminate\Database\Query\Builder.php(1354): Illuminate\Database\Query\Builder->getFresh(Array)
#7 D:\yueyixia\app\Http\Controllers\SearchController.php(15): Illuminate\Database\Query\Builder->get()
#8 [internal function]: App\Http\Controllers\SearchController->index()
#9 D:\yueyixia\vendor\compiled.php(8287): call_user_func_array(Array, Array)
#10 D:\yueyixia\vendor\compiled.php(8354): Illuminate\Routing\Controller->callAction('index', Array)
#11 D:\yueyixia\vendor\compiled.php(8333): Illuminate\Routing\ControllerDispatcher->call(Object(App\Http\Controllers\SearchController), Object(Illuminate\Routing\Route), 'index')
#12 [internal function]: Illuminate\Routing\ControllerDispatcher->Illuminate\Routing\{closure}(Object(Illuminate\Http\Request))
#13 D:\yueyixia\vendor\compiled.php(8952): call_user_func(Object(Closure), Object(Illuminate\Http\Request))
#14 [internal function]: Illuminate\Pipeline\Pipeline->Illuminate\Pipeline\{closure}(Object(Illuminate\Http\Request))
#15 D:\yueyixia\vendor\compiled.php(8935): call_user_func(Object(Closure), Object(Illuminate\Http\Request))
#16 D:\yueyixia\vendor\compiled.php(8334): Illuminate\Pipeline\Pipeline->then(Object(Closure))
#17 D:\yueyixia\vendor\compiled.php(8320): Illuminate\Routing\ControllerDispatcher->callWithinStack(Object(App\Http\Controllers\SearchController), Object(Illuminate\Routing\Route), Object(Illuminate\Http\Request), 'index')
#18 D:\yueyixia\vendor\compiled.php(7317): Illuminate\Routing\ControllerDispatcher->dispatch(Object(Illuminate\Routing\Route), Object(Illuminate\Http\Request), 'App\\Http\\Contro...', 'index')
#19 D:\yueyixia\vendor\compiled.php(7288): Illuminate\Routing\Route->runWithCustomDispatcher(Object(Illuminate\Http\Request))
#20 D:\yueyixia\vendor\compiled.php(6954): Illuminate\Routing\Route->run(Object(Illuminate\Http\Request))
#21 [internal function]: Illuminate\Routing\Router->Illuminate\Routing\{closure}(Object(Illuminate\Http\Request))
#22 D:\yueyixia\vendor\compiled.php(8952): call_user_func(Object(Closure), Object(Illuminate\Http\Request))
#23 [internal function]: Illuminate\Pipeline\Pipeline->Illuminate\Pipeline\{closure}(Object(Illuminate\Http\Request))
#24 D:\yueyixia\vendor\compiled.php(8935): call_user_func(Object(Closure), Object(Illuminate\Http\Request))
#25 D:\yueyixia\vendor\compiled.php(6955): Illuminate\Pipeline\Pipeline->then(Object(Closure))
#26 D:\yueyixia\vendor\compiled.php(6944): Illuminate\Routing\Router->runRouteWithinStack(Object(Illuminate\Routing\Route), Object(Illuminate\Http\Request))
#27 D:\yueyixia\vendor\compiled.php(6929): Illuminate\Routing\Router->dispatchToRoute(Object(Illuminate\Http\Request))
#28 D:\yueyixia\vendor\compiled.php(1935): Illuminate\Routing\Router->dispatch(Object(Illuminate\Http\Request))
#29 [internal function]: Illuminate\Foundation\Http\Kernel->Illuminate\Foundation\Http\{closure}(Object(Illuminate\Http\Request))
#30 D:\yueyixia\vendor\compiled.php(8952): call_user_func(Object(Closure), Object(Illuminate\Http\Request))
#31 D:\yueyixia\vendor\compiled.php(2438): Illuminate\Pipeline\Pipeline->Illuminate\Pipeline\{closure}(Object(Illuminate\Http\Request))
#32 D:\yueyixia\app\Http\Middleware\VerifyCsrfToken.php(17): Illuminate\Foundation\Http\Middleware\VerifyCsrfToken->handle(Object(Illuminate\Http\Request), Object(Closure))
#33 D:\yueyixia\vendor\compiled.php(8944): App\Http\Middleware\VerifyCsrfToken->handle(Object(Illuminate\Http\Request), Object(Closure))
#34 D:\yueyixia\vendor\compiled.php(12083): Illuminate\Pipeline\Pipeline->Illuminate\Pipeline\{closure}(Object(Illuminate\Http\Request))
#35 D:\yueyixia\vendor\compiled.php(8944): Illuminate\View\Middleware\ShareErrorsFromSession->handle(Object(Illuminate\Http\Request), Object(Closure))
#36 D:\yueyixia\vendor\compiled.php(10785): Illuminate\Pipeline\Pipeline->Illuminate\Pipeline\{closure}(Object(Illuminate\Http\Request))
#37 D:\yueyixia\vendor\compiled.php(8944): Illuminate\Session\Middleware\StartSession->handle(Object(Illuminate\Http\Request), Object(Closure))
#38 D:\yueyixia\vendor\compiled.php(11789): Illuminate\Pipeline\Pipeline->Illuminate\Pipeline\{closure}(Object(Illuminate\Http\Request))
#39 D:\yueyixia\vendor\compiled.php(8944): Illuminate\Cookie\Middleware\AddQueuedCookiesToResponse->handle(Object(Illuminate\Http\Request), Object(Closure))
#40 D:\yueyixia\vendor\compiled.php(11738): Illuminate\Pipeline\Pipeline->Illuminate\Pipeline\{closure}(Object(Illuminate\Http\Request))
#41 D:\yueyixia\vendor\compiled.php(8944): Illuminate\Cookie\Middleware\EncryptCookies->handle(Object(Illuminate\Http\Request), Object(Closure))
#42 D:\yueyixia\vendor\compiled.php(2478): Illuminate\Pipeline\Pipeline->Illuminate\Pipeline\{closure}(Object(Illuminate\Http\Request))
#43 D:\yueyixia\vendor\compiled.php(8944): Illuminate\Foundation\Http\Middleware\CheckForMaintenanceMode->handle(Object(Illuminate\Http\Request), Object(Closure))
#44 [internal function]: Illuminate\Pipeline\Pipeline->Illuminate\Pipeline\{closure}(Object(Illuminate\Http\Request))
#45 D:\yueyixia\vendor\compiled.php(8935): call_user_func(Object(Closure), Object(Illuminate\Http\Request))
#46 D:\yueyixia\vendor\compiled.php(1891): Illuminate\Pipeline\Pipeline->then(Object(Closure))
#47 D:\yueyixia\vendor\compiled.php(1880): Illuminate\Foundation\Http\Kernel->sendRequestThroughRouter(Object(Illuminate\Http\Request))
#48 D:\yueyixia\public\index.php(53): Illuminate\Foundation\Http\Kernel->handle(Object(Illuminate\Http\Request))
#49 {main}

Next exception 'Illuminate\Database\QueryException' with message 'SQLSTATE[42S22]: Column not found: 1054 Unknown column 'aid='1'' in 'where clause' (SQL: select * from `y_view` where `aid='1'` is null)' in D:\yueyixia\vendor\laravel\framework\src\Illuminate\Database\Connection.php:620
Stack trace:
#0 D:\yueyixia\vendor\laravel\framework\src\Illuminate\Database\Connection.php(576): Illuminate\Database\Connection->runQueryCallback('select * from `...', Array, Object(Closure))
#1 D:\yueyixia\vendor\laravel\framework\src\Illuminate\Database\Connection.php(293): Illuminate\Database\Connection->run('select * from `...', Array, Object(Closure))
#2 D:\yueyixia\vendor\laravel\framework\src\Illuminate\Database\Query\Builder.php(1377): Illuminate\Database\Connection->select('select * from `...', Array, true)
#3 D:\yueyixia\vendor\laravel\framework\src\Illuminate\Database\Query\Builder.php(1367): Illuminate\Database\Query\Builder->runSelect()
#4 D:\yueyixia\vendor\laravel\framework\src\Illuminate\Database\Query\Builder.php(1354): Illuminate\Database\Query\Builder->getFresh(Array)
#5 D:\yueyixia\app\Http\Controllers\SearchController.php(15): Illuminate\Database\Query\Builder->get()
#6 [internal function]: App\Http\Controllers\SearchController->index()
#7 D:\yueyixia\vendor\compiled.php(8287): call_user_func_array(Array, Array)
#8 D:\yueyixia\vendor\compiled.php(8354): Illuminate\Routing\Controller->callAction('index', Array)
#9 D:\yueyixia\vendor\compiled.php(8333): Illuminate\Routing\ControllerDispatcher->call(Object(App\Http\Controllers\SearchController), Object(Illuminate\Routing\Route), 'index')
#10 [internal function]: Illuminate\Routing\ControllerDispatcher->Illuminate\Routing\{closure}(Object(Illuminate\Http\Request))
#11 D:\yueyixia\vendor\compiled.php(8952): call_user_func(Object(Closure), Object(Illuminate\Http\Request))
#12 [internal function]: Illuminate\Pipeline\Pipeline->Illuminate\Pipeline\{closure}(Object(Illuminate\Http\Request))
#13 D:\yueyixia\vendor\compiled.php(8935): call_user_func(Object(Closure), Object(Illuminate\Http\Request))
#14 D:\yueyixia\vendor\compiled.php(8334): Illuminate\Pipeline\Pipeline->then(Object(Closure))
#15 D:\yueyixia\vendor\compiled.php(8320): Illuminate\Routing\ControllerDispatcher->callWithinStack(Object(App\Http\Controllers\SearchController), Object(Illuminate\Routing\Route), Object(Illuminate\Http\Request), 'index')
#16 D:\yueyixia\vendor\compiled.php(7317): Illuminate\Routing\ControllerDispatcher->dispatch(Object(Illuminate\Routing\Route), Object(Illuminate\Http\Request), 'App\\Http\\Contro...', 'index')
#17 D:\yueyixia\vendor\compiled.php(7288): Illuminate\Routing\Route->runWithCustomDispatcher(Object(Illuminate\Http\Request))
#18 D:\yueyixia\vendor\compiled.php(6954): Illuminate\Routing\Route->run(Object(Illuminate\Http\Request))
#19 [internal function]: Illuminate\Routing\Router->Illuminate\Routing\{closure}(Object(Illuminate\Http\Request))
#20 D:\yueyixia\vendor\compiled.php(8952): call_user_func(Object(Closure), Object(Illuminate\Http\Request))
#21 [internal function]: Illuminate\Pipeline\Pipeline->Illuminate\Pipeline\{closure}(Object(Illuminate\Http\Request))
#22 D:\yueyixia\vendor\compiled.php(8935): call_user_func(Object(Closure), Object(Illuminate\Http\Request))
#23 D:\yueyixia\vendor\compiled.php(6955): Illuminate\Pipeline\Pipeline->then(Object(Closure))
#24 D:\yueyixia\vendor\compiled.php(6944): Illuminate\Routing\Router->runRouteWithinStack(Object(Illuminate\Routing\Route), Object(Illuminate\Http\Request))
#25 D:\yueyixia\vendor\compiled.php(6929): Illuminate\Routing\Router->dispatchToRoute(Object(Illuminate\Http\Request))
#26 D:\yueyixia\vendor\compiled.php(1935): Illuminate\Routing\Router->dispatch(Object(Illuminate\Http\Request))
#27 [internal function]: Illuminate\Foundation\Http\Kernel->Illuminate\Foundation\Http\{closure}(Object(Illuminate\Http\Request))
#28 D:\yueyixia\vendor\compiled.php(8952): call_user_func(Object(Closure), Object(Illuminate\Http\Request))
#29 D:\yueyixia\vendor\compiled.php(2438): Illuminate\Pipeline\Pipeline->Illuminate\Pipeline\{closure}(Object(Illuminate\Http\Request))
#30 D:\yueyixia\app\Http\Middleware\VerifyCsrfToken.php(17): Illuminate\Foundation\Http\Middleware\VerifyCsrfToken->handle(Object(Illuminate\Http\Request), Object(Closure))
#31 D:\yueyixia\vendor\compiled.php(8944): App\Http\Middleware\VerifyCsrfToken->handle(Object(Illuminate\Http\Request), Object(Closure))
#32 D:\yueyixia\vendor\compiled.php(12083): Illuminate\Pipeline\Pipeline->Illuminate\Pipeline\{closure}(Object(Illuminate\Http\Request))
#33 D:\yueyixia\vendor\compiled.php(8944): Illuminate\View\Middleware\ShareErrorsFromSession->handle(Object(Illuminate\Http\Request), Object(Closure))
#34 D:\yueyixia\vendor\compiled.php(10785): Illuminate\Pipeline\Pipeline->Illuminate\Pipeline\{closure}(Object(Illuminate\Http\Request))
#35 D:\yueyixia\vendor\compiled.php(8944): Illuminate\Session\Middleware\StartSession->handle(Object(Illuminate\Http\Request), Object(Closure))
#36 D:\yueyixia\vendor\compiled.php(11789): Illuminate\Pipeline\Pipeline->Illuminate\Pipeline\{closure}(Object(Illuminate\Http\Request))
#37 D:\yueyixia\vendor\compiled.php(8944): Illuminate\Cookie\Middleware\AddQueuedCookiesToResponse->handle(Object(Illuminate\Http\Request), Object(Closure))
#38 D:\yueyixia\vendor\compiled.php(11738): Illuminate\Pipeline\Pipeline->Illuminate\Pipeline\{closure}(Object(Illuminate\Http\Request))
#39 D:\yueyixia\vendor\compiled.php(8944): Illuminate\Cookie\Middleware\EncryptCookies->handle(Object(Illuminate\Http\Request), Object(Closure))
#40 D:\yueyixia\vendor\compiled.php(2478): Illuminate\Pipeline\Pipeline->Illuminate\Pipeline\{closure}(Object(Illuminate\Http\Request))
#41 D:\yueyixia\vendor\compiled.php(8944): Illuminate\Foundation\Http\Middleware\CheckForMaintenanceMode->handle(Object(Illuminate\Http\Request), Object(Closure))
#42 [internal function]: Illuminate\Pipeline\Pipeline->Illuminate\Pipeline\{closure}(Object(Illuminate\Http\Request))
#43 D:\yueyixia\vendor\compiled.php(8935): call_user_func(Object(Closure), Object(Illuminate\Http\Request))
#44 D:\yueyixia\vendor\compiled.php(1891): Illuminate\Pipeline\Pipeline->then(Object(Closure))
#45 D:\yueyixia\vendor\compiled.php(1880): Illuminate\Foundation\Http\Kernel->sendRequestThroughRouter(Object(Illuminate\Http\Request))
#46 D:\yueyixia\public\index.php(53): Illuminate\Foundation\Http\Kernel->handle(Object(Illuminate\Http\Request))
#47 {main}  
[2016-03-19 02:55:21] local.ERROR: exception 'PDOException' with message 'SQLSTATE[42S22]: Column not found: 1054 Unknown column 'aid='1'' in 'where clause'' in D:\yueyixia\vendor\laravel\framework\src\Illuminate\Database\Connection.php:288
Stack trace:
#0 D:\yueyixia\vendor\laravel\framework\src\Illuminate\Database\Connection.php(288): PDO->prepare('select * from `...')
#1 D:\yueyixia\vendor\laravel\framework\src\Illuminate\Database\Connection.php(612): Illuminate\Database\Connection->Illuminate\Database\{closure}(Object(Illuminate\Database\MySqlConnection), 'select * from `...', Array)
#2 D:\yueyixia\vendor\laravel\framework\src\Illuminate\Database\Connection.php(576): Illuminate\Database\Connection->runQueryCallback('select * from `...', Array, Object(Closure))
#3 D:\yueyixia\vendor\laravel\framework\src\Illuminate\Database\Connection.php(293): Illuminate\Database\Connection->run('select * from `...', Array, Object(Closure))
#4 D:\yueyixia\vendor\laravel\framework\src\Illuminate\Database\Query\Builder.php(1377): Illuminate\Database\Connection->select('select * from `...', Array, true)
#5 D:\yueyixia\vendor\laravel\framework\src\Illuminate\Database\Query\Builder.php(1367): Illuminate\Database\Query\Builder->runSelect()
#6 D:\yueyixia\vendor\laravel\framework\src\Illuminate\Database\Query\Builder.php(1354): Illuminate\Database\Query\Builder->getFresh(Array)
#7 D:\yueyixia\app\Http\Controllers\SearchController.php(15): Illuminate\Database\Query\Builder->get()
#8 [internal function]: App\Http\Controllers\SearchController->index()
#9 D:\yueyixia\vendor\compiled.php(8287): call_user_func_array(Array, Array)
#10 D:\yueyixia\vendor\compiled.php(8354): Illuminate\Routing\Controller->callAction('index', Array)
#11 D:\yueyixia\vendor\compiled.php(8333): Illuminate\Routing\ControllerDispatcher->call(Object(App\Http\Controllers\SearchController), Object(Illuminate\Routing\Route), 'index')
#12 [internal function]: Illuminate\Routing\ControllerDispatcher->Illuminate\Routing\{closure}(Object(Illuminate\Http\Request))
#13 D:\yueyixia\vendor\compiled.php(8952): call_user_func(Object(Closure), Object(Illuminate\Http\Request))
#14 [internal function]: Illuminate\Pipeline\Pipeline->Illuminate\Pipeline\{closure}(Object(Illuminate\Http\Request))
#15 D:\yueyixia\vendor\compiled.php(8935): call_user_func(Object(Closure), Object(Illuminate\Http\Request))
#16 D:\yueyixia\vendor\compiled.php(8334): Illuminate\Pipeline\Pipeline->then(Object(Closure))
#17 D:\yueyixia\vendor\compiled.php(8320): Illuminate\Routing\ControllerDispatcher->callWithinStack(Object(App\Http\Controllers\SearchController), Object(Illuminate\Routing\Route), Object(Illuminate\Http\Request), 'index')
#18 D:\yueyixia\vendor\compiled.php(7317): Illuminate\Routing\ControllerDispatcher->dispatch(Object(Illuminate\Routing\Route), Object(Illuminate\Http\Request), 'App\\Http\\Contro...', 'index')
#19 D:\yueyixia\vendor\compiled.php(7288): Illuminate\Routing\Route->runWithCustomDispatcher(Object(Illuminate\Http\Request))
#20 D:\yueyixia\vendor\compiled.php(6954): Illuminate\Routing\Route->run(Object(Illuminate\Http\Request))
#21 [internal function]: Illuminate\Routing\Router->Illuminate\Routing\{closure}(Object(Illuminate\Http\Request))
#22 D:\yueyixia\vendor\compiled.php(8952): call_user_func(Object(Closure), Object(Illuminate\Http\Request))
#23 [internal function]: Illuminate\Pipeline\Pipeline->Illuminate\Pipeline\{closure}(Object(Illuminate\Http\Request))
#24 D:\yueyixia\vendor\compiled.php(8935): call_user_func(Object(Closure), Object(Illuminate\Http\Request))
#25 D:\yueyixia\vendor\compiled.php(6955): Illuminate\Pipeline\Pipeline->then(Object(Closure))
#26 D:\yueyixia\vendor\compiled.php(6944): Illuminate\Routing\Router->runRouteWithinStack(Object(Illuminate\Routing\Route), Object(Illuminate\Http\Request))
#27 D:\yueyixia\vendor\compiled.php(6929): Illuminate\Routing\Router->dispatchToRoute(Object(Illuminate\Http\Request))
#28 D:\yueyixia\vendor\compiled.php(1935): Illuminate\Routing\Router->dispatch(Object(Illuminate\Http\Request))
#29 [internal function]: Illuminate\Foundation\Http\Kernel->Illuminate\Foundation\Http\{closure}(Object(Illuminate\Http\Request))
#30 D:\yueyixia\vendor\compiled.php(8952): call_user_func(Object(Closure), Object(Illuminate\Http\Request))
#31 D:\yueyixia\vendor\compiled.php(2438): Illuminate\Pipeline\Pipeline->Illuminate\Pipeline\{closure}(Object(Illuminate\Http\Request))
#32 D:\yueyixia\app\Http\Middleware\VerifyCsrfToken.php(17): Illuminate\Foundation\Http\Middleware\VerifyCsrfToken->handle(Object(Illuminate\Http\Request), Object(Closure))
#33 D:\yueyixia\vendor\compiled.php(8944): App\Http\Middleware\VerifyCsrfToken->handle(Object(Illuminate\Http\Request), Object(Closure))
#34 D:\yueyixia\vendor\compiled.php(12083): Illuminate\Pipeline\Pipeline->Illuminate\Pipeline\{closure}(Object(Illuminate\Http\Request))
#35 D:\yueyixia\vendor\compiled.php(8944): Illuminate\View\Middleware\ShareErrorsFromSession->handle(Object(Illuminate\Http\Request), Object(Closure))
#36 D:\yueyixia\vendor\compiled.php(10785): Illuminate\Pipeline\Pipeline->Illuminate\Pipeline\{closure}(Object(Illuminate\Http\Request))
#37 D:\yueyixia\vendor\compiled.php(8944): Illuminate\Session\Middleware\StartSession->handle(Object(Illuminate\Http\Request), Object(Closure))
#38 D:\yueyixia\vendor\compiled.php(11789): Illuminate\Pipeline\Pipeline->Illuminate\Pipeline\{closure}(Object(Illuminate\Http\Request))
#39 D:\yueyixia\vendor\compiled.php(8944): Illuminate\Cookie\Middleware\AddQueuedCookiesToResponse->handle(Object(Illuminate\Http\Request), Object(Closure))
#40 D:\yueyixia\vendor\compiled.php(11738): Illuminate\Pipeline\Pipeline->Illuminate\Pipeline\{closure}(Object(Illuminate\Http\Request))
#41 D:\yueyixia\vendor\compiled.php(8944): Illuminate\Cookie\Middleware\EncryptCookies->handle(Object(Illuminate\Http\Request), Object(Closure))
#42 D:\yueyixia\vendor\compiled.php(2478): Illuminate\Pipeline\Pipeline->Illuminate\Pipeline\{closure}(Object(Illuminate\Http\Request))
#43 D:\yueyixia\vendor\compiled.php(8944): Illuminate\Foundation\Http\Middleware\CheckForMaintenanceMode->handle(Object(Illuminate\Http\Request), Object(Closure))
#44 [internal function]: Illuminate\Pipeline\Pipeline->Illuminate\Pipeline\{closure}(Object(Illuminate\Http\Request))
#45 D:\yueyixia\vendor\compiled.php(8935): call_user_func(Object(Closure), Object(Illuminate\Http\Request))
#46 D:\yueyixia\vendor\compiled.php(1891): Illuminate\Pipeline\Pipeline->then(Object(Closure))
#47 D:\yueyixia\vendor\compiled.php(1880): Illuminate\Foundation\Http\Kernel->sendRequestThroughRouter(Object(Illuminate\Http\Request))
#48 D:\yueyixia\public\index.php(53): Illuminate\Foundation\Http\Kernel->handle(Object(Illuminate\Http\Request))
#49 {main}

Next exception 'Illuminate\Database\QueryException' with message 'SQLSTATE[42S22]: Column not found: 1054 Unknown column 'aid='1'' in 'where clause' (SQL: select * from `y_view` where `aid='1'` is null)' in D:\yueyixia\vendor\laravel\framework\src\Illuminate\Database\Connection.php:620
Stack trace:
#0 D:\yueyixia\vendor\laravel\framework\src\Illuminate\Database\Connection.php(576): Illuminate\Database\Connection->runQueryCallback('select * from `...', Array, Object(Closure))
#1 D:\yueyixia\vendor\laravel\framework\src\Illuminate\Database\Connection.php(293): Illuminate\Database\Connection->run('select * from `...', Array, Object(Closure))
#2 D:\yueyixia\vendor\laravel\framework\src\Illuminate\Database\Query\Builder.php(1377): Illuminate\Database\Connection->select('select * from `...', Array, true)
#3 D:\yueyixia\vendor\laravel\framework\src\Illuminate\Database\Query\Builder.php(1367): Illuminate\Database\Query\Builder->runSelect()
#4 D:\yueyixia\vendor\laravel\framework\src\Illuminate\Database\Query\Builder.php(1354): Illuminate\Database\Query\Builder->getFresh(Array)
#5 D:\yueyixia\app\Http\Controllers\SearchController.php(15): Illuminate\Database\Query\Builder->get()
#6 [internal function]: App\Http\Controllers\SearchController->index()
#7 D:\yueyixia\vendor\compiled.php(8287): call_user_func_array(Array, Array)
#8 D:\yueyixia\vendor\compiled.php(8354): Illuminate\Routing\Controller->callAction('index', Array)
#9 D:\yueyixia\vendor\compiled.php(8333): Illuminate\Routing\ControllerDispatcher->call(Object(App\Http\Controllers\SearchController), Object(Illuminate\Routing\Route), 'index')
#10 [internal function]: Illuminate\Routing\ControllerDispatcher->Illuminate\Routing\{closure}(Object(Illuminate\Http\Request))
#11 D:\yueyixia\vendor\compiled.php(8952): call_user_func(Object(Closure), Object(Illuminate\Http\Request))
#12 [internal function]: Illuminate\Pipeline\Pipeline->Illuminate\Pipeline\{closure}(Object(Illuminate\Http\Request))
#13 D:\yueyixia\vendor\compiled.php(8935): call_user_func(Object(Closure), Object(Illuminate\Http\Request))
#14 D:\yueyixia\vendor\compiled.php(8334): Illuminate\Pipeline\Pipeline->then(Object(Closure))
#15 D:\yueyixia\vendor\compiled.php(8320): Illuminate\Routing\ControllerDispatcher->callWithinStack(Object(App\Http\Controllers\SearchController), Object(Illuminate\Routing\Route), Object(Illuminate\Http\Request), 'index')
#16 D:\yueyixia\vendor\compiled.php(7317): Illuminate\Routing\ControllerDispatcher->dispatch(Object(Illuminate\Routing\Route), Object(Illuminate\Http\Request), 'App\\Http\\Contro...', 'index')
#17 D:\yueyixia\vendor\compiled.php(7288): Illuminate\Routing\Route->runWithCustomDispatcher(Object(Illuminate\Http\Request))
#18 D:\yueyixia\vendor\compiled.php(6954): Illuminate\Routing\Route->run(Object(Illuminate\Http\Request))
#19 [internal function]: Illuminate\Routing\Router->Illuminate\Routing\{closure}(Object(Illuminate\Http\Request))
#20 D:\yueyixia\vendor\compiled.php(8952): call_user_func(Object(Closure), Object(Illuminate\Http\Request))
#21 [internal function]: Illuminate\Pipeline\Pipeline->Illuminate\Pipeline\{closure}(Object(Illuminate\Http\Request))
#22 D:\yueyixia\vendor\compiled.php(8935): call_user_func(Object(Closure), Object(Illuminate\Http\Request))
#23 D:\yueyixia\vendor\compiled.php(6955): Illuminate\Pipeline\Pipeline->then(Object(Closure))
#24 D:\yueyixia\vendor\compiled.php(6944): Illuminate\Routing\Router->runRouteWithinStack(Object(Illuminate\Routing\Route), Object(Illuminate\Http\Request))
#25 D:\yueyixia\vendor\compiled.php(6929): Illuminate\Routing\Router->dispatchToRoute(Object(Illuminate\Http\Request))
#26 D:\yueyixia\vendor\compiled.php(1935): Illuminate\Routing\Router->dispatch(Object(Illuminate\Http\Request))
#27 [internal function]: Illuminate\Foundation\Http\Kernel->Illuminate\Foundation\Http\{closure}(Object(Illuminate\Http\Request))
#28 D:\yueyixia\vendor\compiled.php(8952): call_user_func(Object(Closure), Object(Illuminate\Http\Request))
#29 D:\yueyixia\vendor\compiled.php(2438): Illuminate\Pipeline\Pipeline->Illuminate\Pipeline\{closure}(Object(Illuminate\Http\Request))
#30 D:\yueyixia\app\Http\Middleware\VerifyCsrfToken.php(17): Illuminate\Foundation\Http\Middleware\VerifyCsrfToken->handle(Object(Illuminate\Http\Request), Object(Closure))
#31 D:\yueyixia\vendor\compiled.php(8944): App\Http\Middleware\VerifyCsrfToken->handle(Object(Illuminate\Http\Request), Object(Closure))
#32 D:\yueyixia\vendor\compiled.php(12083): Illuminate\Pipeline\Pipeline->Illuminate\Pipeline\{closure}(Object(Illuminate\Http\Request))
#33 D:\yueyixia\vendor\compiled.php(8944): Illuminate\View\Middleware\ShareErrorsFromSession->handle(Object(Illuminate\Http\Request), Object(Closure))
#34 D:\yueyixia\vendor\compiled.php(10785): Illuminate\Pipeline\Pipeline->Illuminate\Pipeline\{closure}(Object(Illuminate\Http\Request))
#35 D:\yueyixia\vendor\compiled.php(8944): Illuminate\Session\Middleware\StartSession->handle(Object(Illuminate\Http\Request), Object(Closure))
#36 D:\yueyixia\vendor\compiled.php(11789): Illuminate\Pipeline\Pipeline->Illuminate\Pipeline\{closure}(Object(Illuminate\Http\Request))
#37 D:\yueyixia\vendor\compiled.php(8944): Illuminate\Cookie\Middleware\AddQueuedCookiesToResponse->handle(Object(Illuminate\Http\Request), Object(Closure))
#38 D:\yueyixia\vendor\compiled.php(11738): Illuminate\Pipeline\Pipeline->Illuminate\Pipeline\{closure}(Object(Illuminate\Http\Request))
#39 D:\yueyixia\vendor\compiled.php(8944): Illuminate\Cookie\Middleware\EncryptCookies->handle(Object(Illuminate\Http\Request), Object(Closure))
#40 D:\yueyixia\vendor\compiled.php(2478): Illuminate\Pipeline\Pipeline->Illuminate\Pipeline\{closure}(Object(Illuminate\Http\Request))
#41 D:\yueyixia\vendor\compiled.php(8944): Illuminate\Foundation\Http\Middleware\CheckForMaintenanceMode->handle(Object(Illuminate\Http\Request), Object(Closure))
#42 [internal function]: Illuminate\Pipeline\Pipeline->Illuminate\Pipeline\{closure}(Object(Illuminate\Http\Request))
#43 D:\yueyixia\vendor\compiled.php(8935): call_user_func(Object(Closure), Object(Illuminate\Http\Request))
#44 D:\yueyixia\vendor\compiled.php(1891): Illuminate\Pipeline\Pipeline->then(Object(Closure))
#45 D:\yueyixia\vendor\compiled.php(1880): Illuminate\Foundation\Http\Kernel->sendRequestThroughRouter(Object(Illuminate\Http\Request))
#46 D:\yueyixia\public\index.php(53): Illuminate\Foundation\Http\Kernel->handle(Object(Illuminate\Http\Request))
#47 {main}  
[2016-03-19 02:56:23] local.ERROR: exception 'PDOException' with message 'SQLSTATE[42S22]: Column not found: 1054 Unknown column 'aid=1' in 'where clause'' in D:\yueyixia\vendor\laravel\framework\src\Illuminate\Database\Connection.php:288
Stack trace:
#0 D:\yueyixia\vendor\laravel\framework\src\Illuminate\Database\Connection.php(288): PDO->prepare('select * from `...')
#1 D:\yueyixia\vendor\laravel\framework\src\Illuminate\Database\Connection.php(612): Illuminate\Database\Connection->Illuminate\Database\{closure}(Object(Illuminate\Database\MySqlConnection), 'select * from `...', Array)
#2 D:\yueyixia\vendor\laravel\framework\src\Illuminate\Database\Connection.php(576): Illuminate\Database\Connection->runQueryCallback('select * from `...', Array, Object(Closure))
#3 D:\yueyixia\vendor\laravel\framework\src\Illuminate\Database\Connection.php(293): Illuminate\Database\Connection->run('select * from `...', Array, Object(Closure))
#4 D:\yueyixia\vendor\laravel\framework\src\Illuminate\Database\Query\Builder.php(1377): Illuminate\Database\Connection->select('select * from `...', Array, true)
#5 D:\yueyixia\vendor\laravel\framework\src\Illuminate\Database\Query\Builder.php(1367): Illuminate\Database\Query\Builder->runSelect()
#6 D:\yueyixia\vendor\laravel\framework\src\Illuminate\Database\Query\Builder.php(1354): Illuminate\Database\Query\Builder->getFresh(Array)
#7 D:\yueyixia\app\Http\Controllers\SearchController.php(15): Illuminate\Database\Query\Builder->get()
#8 [internal function]: App\Http\Controllers\SearchController->index()
#9 D:\yueyixia\vendor\compiled.php(8287): call_user_func_array(Array, Array)
#10 D:\yueyixia\vendor\compiled.php(8354): Illuminate\Routing\Controller->callAction('index', Array)
#11 D:\yueyixia\vendor\compiled.php(8333): Illuminate\Routing\ControllerDispatcher->call(Object(App\Http\Controllers\SearchController), Object(Illuminate\Routing\Route), 'index')
#12 [internal function]: Illuminate\Routing\ControllerDispatcher->Illuminate\Routing\{closure}(Object(Illuminate\Http\Request))
#13 D:\yueyixia\vendor\compiled.php(8952): call_user_func(Object(Closure), Object(Illuminate\Http\Request))
#14 [internal function]: Illuminate\Pipeline\Pipeline->Illuminate\Pipeline\{closure}(Object(Illuminate\Http\Request))
#15 D:\yueyixia\vendor\compiled.php(8935): call_user_func(Object(Closure), Object(Illuminate\Http\Request))
#16 D:\yueyixia\vendor\compiled.php(8334): Illuminate\Pipeline\Pipeline->then(Object(Closure))
#17 D:\yueyixia\vendor\compiled.php(8320): Illuminate\Routing\ControllerDispatcher->callWithinStack(Object(App\Http\Controllers\SearchController), Object(Illuminate\Routing\Route), Object(Illuminate\Http\Request), 'index')
#18 D:\yueyixia\vendor\compiled.php(7317): Illuminate\Routing\ControllerDispatcher->dispatch(Object(Illuminate\Routing\Route), Object(Illuminate\Http\Request), 'App\\Http\\Contro...', 'index')
#19 D:\yueyixia\vendor\compiled.php(7288): Illuminate\Routing\Route->runWithCustomDispatcher(Object(Illuminate\Http\Request))
#20 D:\yueyixia\vendor\compiled.php(6954): Illuminate\Routing\Route->run(Object(Illuminate\Http\Request))
#21 [internal function]: Illuminate\Routing\Router->Illuminate\Routing\{closure}(Object(Illuminate\Http\Request))
#22 D:\yueyixia\vendor\compiled.php(8952): call_user_func(Object(Closure), Object(Illuminate\Http\Request))
#23 [internal function]: Illuminate\Pipeline\Pipeline->Illuminate\Pipeline\{closure}(Object(Illuminate\Http\Request))
#24 D:\yueyixia\vendor\compiled.php(8935): call_user_func(Object(Closure), Object(Illuminate\Http\Request))
#25 D:\yueyixia\vendor\compiled.php(6955): Illuminate\Pipeline\Pipeline->then(Object(Closure))
#26 D:\yueyixia\vendor\compiled.php(6944): Illuminate\Routing\Router->runRouteWithinStack(Object(Illuminate\Routing\Route), Object(Illuminate\Http\Request))
#27 D:\yueyixia\vendor\compiled.php(6929): Illuminate\Routing\Router->dispatchToRoute(Object(Illuminate\Http\Request))
#28 D:\yueyixia\vendor\compiled.php(1935): Illuminate\Routing\Router->dispatch(Object(Illuminate\Http\Request))
#29 [internal function]: Illuminate\Foundation\Http\Kernel->Illuminate\Foundation\Http\{closure}(Object(Illuminate\Http\Request))
#30 D:\yueyixia\vendor\compiled.php(8952): call_user_func(Object(Closure), Object(Illuminate\Http\Request))
#31 D:\yueyixia\vendor\compiled.php(2438): Illuminate\Pipeline\Pipeline->Illuminate\Pipeline\{closure}(Object(Illuminate\Http\Request))
#32 D:\yueyixia\app\Http\Middleware\VerifyCsrfToken.php(17): Illuminate\Foundation\Http\Middleware\VerifyCsrfToken->handle(Object(Illuminate\Http\Request), Object(Closure))
#33 D:\yueyixia\vendor\compiled.php(8944): App\Http\Middleware\VerifyCsrfToken->handle(Object(Illuminate\Http\Request), Object(Closure))
#34 D:\yueyixia\vendor\compiled.php(12083): Illuminate\Pipeline\Pipeline->Illuminate\Pipeline\{closure}(Object(Illuminate\Http\Request))
#35 D:\yueyixia\vendor\compiled.php(8944): Illuminate\View\Middleware\ShareErrorsFromSession->handle(Object(Illuminate\Http\Request), Object(Closure))
#36 D:\yueyixia\vendor\compiled.php(10785): Illuminate\Pipeline\Pipeline->Illuminate\Pipeline\{closure}(Object(Illuminate\Http\Request))
#37 D:\yueyixia\vendor\compiled.php(8944): Illuminate\Session\Middleware\StartSession->handle(Object(Illuminate\Http\Request), Object(Closure))
#38 D:\yueyixia\vendor\compiled.php(11789): Illuminate\Pipeline\Pipeline->Illuminate\Pipeline\{closure}(Object(Illuminate\Http\Request))
#39 D:\yueyixia\vendor\compiled.php(8944): Illuminate\Cookie\Middleware\AddQueuedCookiesToResponse->handle(Object(Illuminate\Http\Request), Object(Closure))
#40 D:\yueyixia\vendor\compiled.php(11738): Illuminate\Pipeline\Pipeline->Illuminate\Pipeline\{closure}(Object(Illuminate\Http\Request))
#41 D:\yueyixia\vendor\compiled.php(8944): Illuminate\Cookie\Middleware\EncryptCookies->handle(Object(Illuminate\Http\Request), Object(Closure))
#42 D:\yueyixia\vendor\compiled.php(2478): Illuminate\Pipeline\Pipeline->Illuminate\Pipeline\{closure}(Object(Illuminate\Http\Request))
#43 D:\yueyixia\vendor\compiled.php(8944): Illuminate\Foundation\Http\Middleware\CheckForMaintenanceMode->handle(Object(Illuminate\Http\Request), Object(Closure))
#44 [internal function]: Illuminate\Pipeline\Pipeline->Illuminate\Pipeline\{closure}(Object(Illuminate\Http\Request))
#45 D:\yueyixia\vendor\compiled.php(8935): call_user_func(Object(Closure), Object(Illuminate\Http\Request))
#46 D:\yueyixia\vendor\compiled.php(1891): Illuminate\Pipeline\Pipeline->then(Object(Closure))
#47 D:\yueyixia\vendor\compiled.php(1880): Illuminate\Foundation\Http\Kernel->sendRequestThroughRouter(Object(Illuminate\Http\Request))
#48 D:\yueyixia\public\index.php(53): Illuminate\Foundation\Http\Kernel->handle(Object(Illuminate\Http\Request))
#49 {main}

Next exception 'Illuminate\Database\QueryException' with message 'SQLSTATE[42S22]: Column not found: 1054 Unknown column 'aid=1' in 'where clause' (SQL: select * from `y_view` where `aid=1` is null)' in D:\yueyixia\vendor\laravel\framework\src\Illuminate\Database\Connection.php:620
Stack trace:
#0 D:\yueyixia\vendor\laravel\framework\src\Illuminate\Database\Connection.php(576): Illuminate\Database\Connection->runQueryCallback('select * from `...', Array, Object(Closure))
#1 D:\yueyixia\vendor\laravel\framework\src\Illuminate\Database\Connection.php(293): Illuminate\Database\Connection->run('select * from `...', Array, Object(Closure))
#2 D:\yueyixia\vendor\laravel\framework\src\Illuminate\Database\Query\Builder.php(1377): Illuminate\Database\Connection->select('select * from `...', Array, true)
#3 D:\yueyixia\vendor\laravel\framework\src\Illuminate\Database\Query\Builder.php(1367): Illuminate\Database\Query\Builder->runSelect()
#4 D:\yueyixia\vendor\laravel\framework\src\Illuminate\Database\Query\Builder.php(1354): Illuminate\Database\Query\Builder->getFresh(Array)
#5 D:\yueyixia\app\Http\Controllers\SearchController.php(15): Illuminate\Database\Query\Builder->get()
#6 [internal function]: App\Http\Controllers\SearchController->index()
#7 D:\yueyixia\vendor\compiled.php(8287): call_user_func_array(Array, Array)
#8 D:\yueyixia\vendor\compiled.php(8354): Illuminate\Routing\Controller->callAction('index', Array)
#9 D:\yueyixia\vendor\compiled.php(8333): Illuminate\Routing\ControllerDispatcher->call(Object(App\Http\Controllers\SearchController), Object(Illuminate\Routing\Route), 'index')
#10 [internal function]: Illuminate\Routing\ControllerDispatcher->Illuminate\Routing\{closure}(Object(Illuminate\Http\Request))
#11 D:\yueyixia\vendor\compiled.php(8952): call_user_func(Object(Closure), Object(Illuminate\Http\Request))
#12 [internal function]: Illuminate\Pipeline\Pipeline->Illuminate\Pipeline\{closure}(Object(Illuminate\Http\Request))
#13 D:\yueyixia\vendor\compiled.php(8935): call_user_func(Object(Closure), Object(Illuminate\Http\Request))
#14 D:\yueyixia\vendor\compiled.php(8334): Illuminate\Pipeline\Pipeline->then(Object(Closure))
#15 D:\yueyixia\vendor\compiled.php(8320): Illuminate\Routing\ControllerDispatcher->callWithinStack(Object(App\Http\Controllers\SearchController), Object(Illuminate\Routing\Route), Object(Illuminate\Http\Request), 'index')
#16 D:\yueyixia\vendor\compiled.php(7317): Illuminate\Routing\ControllerDispatcher->dispatch(Object(Illuminate\Routing\Route), Object(Illuminate\Http\Request), 'App\\Http\\Contro...', 'index')
#17 D:\yueyixia\vendor\compiled.php(7288): Illuminate\Routing\Route->runWithCustomDispatcher(Object(Illuminate\Http\Request))
#18 D:\yueyixia\vendor\compiled.php(6954): Illuminate\Routing\Route->run(Object(Illuminate\Http\Request))
#19 [internal function]: Illuminate\Routing\Router->Illuminate\Routing\{closure}(Object(Illuminate\Http\Request))
#20 D:\yueyixia\vendor\compiled.php(8952): call_user_func(Object(Closure), Object(Illuminate\Http\Request))
#21 [internal function]: Illuminate\Pipeline\Pipeline->Illuminate\Pipeline\{closure}(Object(Illuminate\Http\Request))
#22 D:\yueyixia\vendor\compiled.php(8935): call_user_func(Object(Closure), Object(Illuminate\Http\Request))
#23 D:\yueyixia\vendor\compiled.php(6955): Illuminate\Pipeline\Pipeline->then(Object(Closure))
#24 D:\yueyixia\vendor\compiled.php(6944): Illuminate\Routing\Router->runRouteWithinStack(Object(Illuminate\Routing\Route), Object(Illuminate\Http\Request))
#25 D:\yueyixia\vendor\compiled.php(6929): Illuminate\Routing\Router->dispatchToRoute(Object(Illuminate\Http\Request))
#26 D:\yueyixia\vendor\compiled.php(1935): Illuminate\Routing\Router->dispatch(Object(Illuminate\Http\Request))
#27 [internal function]: Illuminate\Foundation\Http\Kernel->Illuminate\Foundation\Http\{closure}(Object(Illuminate\Http\Request))
#28 D:\yueyixia\vendor\compiled.php(8952): call_user_func(Object(Closure), Object(Illuminate\Http\Request))
#29 D:\yueyixia\vendor\compiled.php(2438): Illuminate\Pipeline\Pipeline->Illuminate\Pipeline\{closure}(Object(Illuminate\Http\Request))
#30 D:\yueyixia\app\Http\Middleware\VerifyCsrfToken.php(17): Illuminate\Foundation\Http\Middleware\VerifyCsrfToken->handle(Object(Illuminate\Http\Request), Object(Closure))
#31 D:\yueyixia\vendor\compiled.php(8944): App\Http\Middleware\VerifyCsrfToken->handle(Object(Illuminate\Http\Request), Object(Closure))
#32 D:\yueyixia\vendor\compiled.php(12083): Illuminate\Pipeline\Pipeline->Illuminate\Pipeline\{closure}(Object(Illuminate\Http\Request))
#33 D:\yueyixia\vendor\compiled.php(8944): Illuminate\View\Middleware\ShareErrorsFromSession->handle(Object(Illuminate\Http\Request), Object(Closure))
#34 D:\yueyixia\vendor\compiled.php(10785): Illuminate\Pipeline\Pipeline->Illuminate\Pipeline\{closure}(Object(Illuminate\Http\Request))
#35 D:\yueyixia\vendor\compiled.php(8944): Illuminate\Session\Middleware\StartSession->handle(Object(Illuminate\Http\Request), Object(Closure))
#36 D:\yueyixia\vendor\compiled.php(11789): Illuminate\Pipeline\Pipeline->Illuminate\Pipeline\{closure}(Object(Illuminate\Http\Request))
#37 D:\yueyixia\vendor\compiled.php(8944): Illuminate\Cookie\Middleware\AddQueuedCookiesToResponse->handle(Object(Illuminate\Http\Request), Object(Closure))
#38 D:\yueyixia\vendor\compiled.php(11738): Illuminate\Pipeline\Pipeline->Illuminate\Pipeline\{closure}(Object(Illuminate\Http\Request))
#39 D:\yueyixia\vendor\compiled.php(8944): Illuminate\Cookie\Middleware\EncryptCookies->handle(Object(Illuminate\Http\Request), Object(Closure))
#40 D:\yueyixia\vendor\compiled.php(2478): Illuminate\Pipeline\Pipeline->Illuminate\Pipeline\{closure}(Object(Illuminate\Http\Request))
#41 D:\yueyixia\vendor\compiled.php(8944): Illuminate\Foundation\Http\Middleware\CheckForMaintenanceMode->handle(Object(Illuminate\Http\Request), Object(Closure))
#42 [internal function]: Illuminate\Pipeline\Pipeline->Illuminate\Pipeline\{closure}(Object(Illuminate\Http\Request))
#43 D:\yueyixia\vendor\compiled.php(8935): call_user_func(Object(Closure), Object(Illuminate\Http\Request))
#44 D:\yueyixia\vendor\compiled.php(1891): Illuminate\Pipeline\Pipeline->then(Object(Closure))
#45 D:\yueyixia\vendor\compiled.php(1880): Illuminate\Foundation\Http\Kernel->sendRequestThroughRouter(Object(Illuminate\Http\Request))
#46 D:\yueyixia\public\index.php(53): Illuminate\Foundation\Http\Kernel->handle(Object(Illuminate\Http\Request))
#47 {main}  
[2016-03-19 03:54:29] local.ERROR: exception 'ErrorException' with message 'Undefined index: ' in D:\yueyixia\resources\views\search\index.php:480
Stack trace:
#0 D:\yueyixia\resources\views\search\index.php(480): Illuminate\Foundation\Bootstrap\HandleExceptions->handleError(8, 'Undefined index...', 'D:\\yueyixia\\res...', 480, Array)
#1 D:\yueyixia\vendor\compiled.php(13650): include('D:\\yueyixia\\res...')
#2 D:\yueyixia\vendor\compiled.php(13642): Illuminate\View\Engines\PhpEngine->evaluatePath('D:\\yueyixia\\res...', Array)
#3 D:\yueyixia\vendor\compiled.php(13523): Illuminate\View\Engines\PhpEngine->get('D:\\yueyixia\\res...', Array)
#4 D:\yueyixia\vendor\compiled.php(13510): Illuminate\View\View->getContents()
#5 D:\yueyixia\vendor\compiled.php(13501): Illuminate\View\View->renderContents()
#6 D:\yueyixia\vendor\compiled.php(14597): Illuminate\View\View->render()
#7 D:\yueyixia\vendor\compiled.php(14126): Illuminate\Http\Response->setContent(Object(Illuminate\View\View))
#8 D:\yueyixia\vendor\compiled.php(7154): Symfony\Component\HttpFoundation\Response->__construct(Object(Illuminate\View\View))
#9 D:\yueyixia\vendor\compiled.php(6954): Illuminate\Routing\Router->prepareResponse(Object(Illuminate\Http\Request), Object(Illuminate\View\View))
#10 [internal function]: Illuminate\Routing\Router->Illuminate\Routing\{closure}(Object(Illuminate\Http\Request))
#11 D:\yueyixia\vendor\compiled.php(8952): call_user_func(Object(Closure), Object(Illuminate\Http\Request))
#12 [internal function]: Illuminate\Pipeline\Pipeline->Illuminate\Pipeline\{closure}(Object(Illuminate\Http\Request))
#13 D:\yueyixia\vendor\compiled.php(8935): call_user_func(Object(Closure), Object(Illuminate\Http\Request))
#14 D:\yueyixia\vendor\compiled.php(6955): Illuminate\Pipeline\Pipeline->then(Object(Closure))
#15 D:\yueyixia\vendor\compiled.php(6944): Illuminate\Routing\Router->runRouteWithinStack(Object(Illuminate\Routing\Route), Object(Illuminate\Http\Request))
#16 D:\yueyixia\vendor\compiled.php(6929): Illuminate\Routing\Router->dispatchToRoute(Object(Illuminate\Http\Request))
#17 D:\yueyixia\vendor\compiled.php(1935): Illuminate\Routing\Router->dispatch(Object(Illuminate\Http\Request))
#18 [internal function]: Illuminate\Foundation\Http\Kernel->Illuminate\Foundation\Http\{closure}(Object(Illuminate\Http\Request))
#19 D:\yueyixia\vendor\compiled.php(8952): call_user_func(Object(Closure), Object(Illuminate\Http\Request))
#20 D:\yueyixia\vendor\compiled.php(2438): Illuminate\Pipeline\Pipeline->Illuminate\Pipeline\{closure}(Object(Illuminate\Http\Request))
#21 D:\yueyixia\app\Http\Middleware\VerifyCsrfToken.php(17): Illuminate\Foundation\Http\Middleware\VerifyCsrfToken->handle(Object(Illuminate\Http\Request), Object(Closure))
#22 D:\yueyixia\vendor\compiled.php(8944): App\Http\Middleware\VerifyCsrfToken->handle(Object(Illuminate\Http\Request), Object(Closure))
#23 D:\yueyixia\vendor\compiled.php(12083): Illuminate\Pipeline\Pipeline->Illuminate\Pipeline\{closure}(Object(Illuminate\Http\Request))
#24 D:\yueyixia\vendor\compiled.php(8944): Illuminate\View\Middleware\ShareErrorsFromSession->handle(Object(Illuminate\Http\Request), Object(Closure))
#25 D:\yueyixia\vendor\compiled.php(10785): Illuminate\Pipeline\Pipeline->Illuminate\Pipeline\{closure}(Object(Illuminate\Http\Request))
#26 D:\yueyixia\vendor\compiled.php(8944): Illuminate\Session\Middleware\StartSession->handle(Object(Illuminate\Http\Request), Object(Closure))
#27 D:\yueyixia\vendor\compiled.php(11789): Illuminate\Pipeline\Pipeline->Illuminate\Pipeline\{closure}(Object(Illuminate\Http\Request))
#28 D:\yueyixia\vendor\compiled.php(8944): Illuminate\Cookie\Middleware\AddQueuedCookiesToResponse->handle(Object(Illuminate\Http\Request), Object(Closure))
#29 D:\yueyixia\vendor\compiled.php(11738): Illuminate\Pipeline\Pipeline->Illuminate\Pipeline\{closure}(Object(Illuminate\Http\Request))
#30 D:\yueyixia\vendor\compiled.php(8944): Illuminate\Cookie\Middleware\EncryptCookies->handle(Object(Illuminate\Http\Request), Object(Closure))
#31 D:\yueyixia\vendor\compiled.php(2478): Illuminate\Pipeline\Pipeline->Illuminate\Pipeline\{closure}(Object(Illuminate\Http\Request))
#32 D:\yueyixia\vendor\compiled.php(8944): Illuminate\Foundation\Http\Middleware\CheckForMaintenanceMode->handle(Object(Illuminate\Http\Request), Object(Closure))
#33 [internal function]: Illuminate\Pipeline\Pipeline->Illuminate\Pipeline\{closure}(Object(Illuminate\Http\Request))
#34 D:\yueyixia\vendor\compiled.php(8935): call_user_func(Object(Closure), Object(Illuminate\Http\Request))
#35 D:\yueyixia\vendor\compiled.php(1891): Illuminate\Pipeline\Pipeline->then(Object(Closure))
#36 D:\yueyixia\vendor\compiled.php(1880): Illuminate\Foundation\Http\Kernel->sendRequestThroughRouter(Object(Illuminate\Http\Request))
#37 D:\yueyixia\public\index.php(53): Illuminate\Foundation\Http\Kernel->handle(Object(Illuminate\Http\Request))
#38 {main}  
[2016-03-19 03:54:32] local.ERROR: exception 'ErrorException' with message 'Undefined index: ' in D:\yueyixia\resources\views\search\index.php:480
Stack trace:
#0 D:\yueyixia\resources\views\search\index.php(480): Illuminate\Foundation\Bootstrap\HandleExceptions->handleError(8, 'Undefined index...', 'D:\\yueyixia\\res...', 480, Array)
#1 D:\yueyixia\vendor\compiled.php(13650): include('D:\\yueyixia\\res...')
#2 D:\yueyixia\vendor\compiled.php(13642): Illuminate\View\Engines\PhpEngine->evaluatePath('D:\\yueyixia\\res...', Array)
#3 D:\yueyixia\vendor\compiled.php(13523): Illuminate\View\Engines\PhpEngine->get('D:\\yueyixia\\res...', Array)
#4 D:\yueyixia\vendor\compiled.php(13510): Illuminate\View\View->getContents()
#5 D:\yueyixia\vendor\compiled.php(13501): Illuminate\View\View->renderContents()
#6 D:\yueyixia\vendor\compiled.php(14597): Illuminate\View\View->render()
#7 D:\yueyixia\vendor\compiled.php(14126): Illuminate\Http\Response->setContent(Object(Illuminate\View\View))
#8 D:\yueyixia\vendor\compiled.php(7154): Symfony\Component\HttpFoundation\Response->__construct(Object(Illuminate\View\View))
#9 D:\yueyixia\vendor\compiled.php(6954): Illuminate\Routing\Router->prepareResponse(Object(Illuminate\Http\Request), Object(Illuminate\View\View))
#10 [internal function]: Illuminate\Routing\Router->Illuminate\Routing\{closure}(Object(Illuminate\Http\Request))
#11 D:\yueyixia\vendor\compiled.php(8952): call_user_func(Object(Closure), Object(Illuminate\Http\Request))
#12 [internal function]: Illuminate\Pipeline\Pipeline->Illuminate\Pipeline\{closure}(Object(Illuminate\Http\Request))
#13 D:\yueyixia\vendor\compiled.php(8935): call_user_func(Object(Closure), Object(Illuminate\Http\Request))
#14 D:\yueyixia\vendor\compiled.php(6955): Illuminate\Pipeline\Pipeline->then(Object(Closure))
#15 D:\yueyixia\vendor\compiled.php(6944): Illuminate\Routing\Router->runRouteWithinStack(Object(Illuminate\Routing\Route), Object(Illuminate\Http\Request))
#16 D:\yueyixia\vendor\compiled.php(6929): Illuminate\Routing\Router->dispatchToRoute(Object(Illuminate\Http\Request))
#17 D:\yueyixia\vendor\compiled.php(1935): Illuminate\Routing\Router->dispatch(Object(Illuminate\Http\Request))
#18 [internal function]: Illuminate\Foundation\Http\Kernel->Illuminate\Foundation\Http\{closure}(Object(Illuminate\Http\Request))
#19 D:\yueyixia\vendor\compiled.php(8952): call_user_func(Object(Closure), Object(Illuminate\Http\Request))
#20 D:\yueyixia\vendor\compiled.php(2438): Illuminate\Pipeline\Pipeline->Illuminate\Pipeline\{closure}(Object(Illuminate\Http\Request))
#21 D:\yueyixia\app\Http\Middleware\VerifyCsrfToken.php(17): Illuminate\Foundation\Http\Middleware\VerifyCsrfToken->handle(Object(Illuminate\Http\Request), Object(Closure))
#22 D:\yueyixia\vendor\compiled.php(8944): App\Http\Middleware\VerifyCsrfToken->handle(Object(Illuminate\Http\Request), Object(Closure))
#23 D:\yueyixia\vendor\compiled.php(12083): Illuminate\Pipeline\Pipeline->Illuminate\Pipeline\{closure}(Object(Illuminate\Http\Request))
#24 D:\yueyixia\vendor\compiled.php(8944): Illuminate\View\Middleware\ShareErrorsFromSession->handle(Object(Illuminate\Http\Request), Object(Closure))
#25 D:\yueyixia\vendor\compiled.php(10785): Illuminate\Pipeline\Pipeline->Illuminate\Pipeline\{closure}(Object(Illuminate\Http\Request))
#26 D:\yueyixia\vendor\compiled.php(8944): Illuminate\Session\Middleware\StartSession->handle(Object(Illuminate\Http\Request), Object(Closure))
#27 D:\yueyixia\vendor\compiled.php(11789): Illuminate\Pipeline\Pipeline->Illuminate\Pipeline\{closure}(Object(Illuminate\Http\Request))
#28 D:\yueyixia\vendor\compiled.php(8944): Illuminate\Cookie\Middleware\AddQueuedCookiesToResponse->handle(Object(Illuminate\Http\Request), Object(Closure))
#29 D:\yueyixia\vendor\compiled.php(11738): Illuminate\Pipeline\Pipeline->Illuminate\Pipeline\{closure}(Object(Illuminate\Http\Request))
#30 D:\yueyixia\vendor\compiled.php(8944): Illuminate\Cookie\Middleware\EncryptCookies->handle(Object(Illuminate\Http\Request), Object(Closure))
#31 D:\yueyixia\vendor\compiled.php(2478): Illuminate\Pipeline\Pipeline->Illuminate\Pipeline\{closure}(Object(Illuminate\Http\Request))
#32 D:\yueyixia\vendor\compiled.php(8944): Illuminate\Foundation\Http\Middleware\CheckForMaintenanceMode->handle(Object(Illuminate\Http\Request), Object(Closure))
#33 [internal function]: Illuminate\Pipeline\Pipeline->Illuminate\Pipeline\{closure}(Object(Illuminate\Http\Request))
#34 D:\yueyixia\vendor\compiled.php(8935): call_user_func(Object(Closure), Object(Illuminate\Http\Request))
#35 D:\yueyixia\vendor\compiled.php(1891): Illuminate\Pipeline\Pipeline->then(Object(Closure))
#36 D:\yueyixia\vendor\compiled.php(1880): Illuminate\Foundation\Http\Kernel->sendRequestThroughRouter(Object(Illuminate\Http\Request))
#37 D:\yueyixia\public\index.php(53): Illuminate\Foundation\Http\Kernel->handle(Object(Illuminate\Http\Request))
#38 {main}  
[2016-03-19 03:54:33] local.ERROR: exception 'ErrorException' with message 'Undefined index: ' in D:\yueyixia\resources\views\search\index.php:480
Stack trace:
#0 D:\yueyixia\resources\views\search\index.php(480): Illuminate\Foundation\Bootstrap\HandleExceptions->handleError(8, 'Undefined index...', 'D:\\yueyixia\\res...', 480, Array)
#1 D:\yueyixia\vendor\compiled.php(13650): include('D:\\yueyixia\\res...')
#2 D:\yueyixia\vendor\compiled.php(13642): Illuminate\View\Engines\PhpEngine->evaluatePath('D:\\yueyixia\\res...', Array)
#3 D:\yueyixia\vendor\compiled.php(13523): Illuminate\View\Engines\PhpEngine->get('D:\\yueyixia\\res...', Array)
#4 D:\yueyixia\vendor\compiled.php(13510): Illuminate\View\View->getContents()
#5 D:\yueyixia\vendor\compiled.php(13501): Illuminate\View\View->renderContents()
#6 D:\yueyixia\vendor\compiled.php(14597): Illuminate\View\View->render()
#7 D:\yueyixia\vendor\compiled.php(14126): Illuminate\Http\Response->setContent(Object(Illuminate\View\View))
#8 D:\yueyixia\vendor\compiled.php(7154): Symfony\Component\HttpFoundation\Response->__construct(Object(Illuminate\View\View))
#9 D:\yueyixia\vendor\compiled.php(6954): Illuminate\Routing\Router->prepareResponse(Object(Illuminate\Http\Request), Object(Illuminate\View\View))
#10 [internal function]: Illuminate\Routing\Router->Illuminate\Routing\{closure}(Object(Illuminate\Http\Request))
#11 D:\yueyixia\vendor\compiled.php(8952): call_user_func(Object(Closure), Object(Illuminate\Http\Request))
#12 [internal function]: Illuminate\Pipeline\Pipeline->Illuminate\Pipeline\{closure}(Object(Illuminate\Http\Request))
#13 D:\yueyixia\vendor\compiled.php(8935): call_user_func(Object(Closure), Object(Illuminate\Http\Request))
#14 D:\yueyixia\vendor\compiled.php(6955): Illuminate\Pipeline\Pipeline->then(Object(Closure))
#15 D:\yueyixia\vendor\compiled.php(6944): Illuminate\Routing\Router->runRouteWithinStack(Object(Illuminate\Routing\Route), Object(Illuminate\Http\Request))
#16 D:\yueyixia\vendor\compiled.php(6929): Illuminate\Routing\Router->dispatchToRoute(Object(Illuminate\Http\Request))
#17 D:\yueyixia\vendor\compiled.php(1935): Illuminate\Routing\Router->dispatch(Object(Illuminate\Http\Request))
#18 [internal function]: Illuminate\Foundation\Http\Kernel->Illuminate\Foundation\Http\{closure}(Object(Illuminate\Http\Request))
#19 D:\yueyixia\vendor\compiled.php(8952): call_user_func(Object(Closure), Object(Illuminate\Http\Request))
#20 D:\yueyixia\vendor\compiled.php(2438): Illuminate\Pipeline\Pipeline->Illuminate\Pipeline\{closure}(Object(Illuminate\Http\Request))
#21 D:\yueyixia\app\Http\Middleware\VerifyCsrfToken.php(17): Illuminate\Foundation\Http\Middleware\VerifyCsrfToken->handle(Object(Illuminate\Http\Request), Object(Closure))
#22 D:\yueyixia\vendor\compiled.php(8944): App\Http\Middleware\VerifyCsrfToken->handle(Object(Illuminate\Http\Request), Object(Closure))
#23 D:\yueyixia\vendor\compiled.php(12083): Illuminate\Pipeline\Pipeline->Illuminate\Pipeline\{closure}(Object(Illuminate\Http\Request))
#24 D:\yueyixia\vendor\compiled.php(8944): Illuminate\View\Middleware\ShareErrorsFromSession->handle(Object(Illuminate\Http\Request), Object(Closure))
#25 D:\yueyixia\vendor\compiled.php(10785): Illuminate\Pipeline\Pipeline->Illuminate\Pipeline\{closure}(Object(Illuminate\Http\Request))
#26 D:\yueyixia\vendor\compiled.php(8944): Illuminate\Session\Middleware\StartSession->handle(Object(Illuminate\Http\Request), Object(Closure))
#27 D:\yueyixia\vendor\compiled.php(11789): Illuminate\Pipeline\Pipeline->Illuminate\Pipeline\{closure}(Object(Illuminate\Http\Request))
#28 D:\yueyixia\vendor\compiled.php(8944): Illuminate\Cookie\Middleware\AddQueuedCookiesToResponse->handle(Object(Illuminate\Http\Request), Object(Closure))
#29 D:\yueyixia\vendor\compiled.php(11738): Illuminate\Pipeline\Pipeline->Illuminate\Pipeline\{closure}(Object(Illuminate\Http\Request))
#30 D:\yueyixia\vendor\compiled.php(8944): Illuminate\Cookie\Middleware\EncryptCookies->handle(Object(Illuminate\Http\Request), Object(Closure))
#31 D:\yueyixia\vendor\compiled.php(2478): Illuminate\Pipeline\Pipeline->Illuminate\Pipeline\{closure}(Object(Illuminate\Http\Request))
#32 D:\yueyixia\vendor\compiled.php(8944): Illuminate\Foundation\Http\Middleware\CheckForMaintenanceMode->handle(Object(Illuminate\Http\Request), Object(Closure))
#33 [internal function]: Illuminate\Pipeline\Pipeline->Illuminate\Pipeline\{closure}(Object(Illuminate\Http\Request))
#34 D:\yueyixia\vendor\compiled.php(8935): call_user_func(Object(Closure), Object(Illuminate\Http\Request))
#35 D:\yueyixia\vendor\compiled.php(1891): Illuminate\Pipeline\Pipeline->then(Object(Closure))
#36 D:\yueyixia\vendor\compiled.php(1880): Illuminate\Foundation\Http\Kernel->sendRequestThroughRouter(Object(Illuminate\Http\Request))
#37 D:\yueyixia\public\index.php(53): Illuminate\Foundation\Http\Kernel->handle(Object(Illuminate\Http\Request))
#38 {main}  
[2016-03-19 03:54:34] local.ERROR: exception 'ErrorException' with message 'Undefined index: ' in D:\yueyixia\resources\views\search\index.php:480
Stack trace:
#0 D:\yueyixia\resources\views\search\index.php(480): Illuminate\Foundation\Bootstrap\HandleExceptions->handleError(8, 'Undefined index...', 'D:\\yueyixia\\res...', 480, Array)
#1 D:\yueyixia\vendor\compiled.php(13650): include('D:\\yueyixia\\res...')
#2 D:\yueyixia\vendor\compiled.php(13642): Illuminate\View\Engines\PhpEngine->evaluatePath('D:\\yueyixia\\res...', Array)
#3 D:\yueyixia\vendor\compiled.php(13523): Illuminate\View\Engines\PhpEngine->get('D:\\yueyixia\\res...', Array)
#4 D:\yueyixia\vendor\compiled.php(13510): Illuminate\View\View->getContents()
#5 D:\yueyixia\vendor\compiled.php(13501): Illuminate\View\View->renderContents()
#6 D:\yueyixia\vendor\compiled.php(14597): Illuminate\View\View->render()
#7 D:\yueyixia\vendor\compiled.php(14126): Illuminate\Http\Response->setContent(Object(Illuminate\View\View))
#8 D:\yueyixia\vendor\compiled.php(7154): Symfony\Component\HttpFoundation\Response->__construct(Object(Illuminate\View\View))
#9 D:\yueyixia\vendor\compiled.php(6954): Illuminate\Routing\Router->prepareResponse(Object(Illuminate\Http\Request), Object(Illuminate\View\View))
#10 [internal function]: Illuminate\Routing\Router->Illuminate\Routing\{closure}(Object(Illuminate\Http\Request))
#11 D:\yueyixia\vendor\compiled.php(8952): call_user_func(Object(Closure), Object(Illuminate\Http\Request))
#12 [internal function]: Illuminate\Pipeline\Pipeline->Illuminate\Pipeline\{closure}(Object(Illuminate\Http\Request))
#13 D:\yueyixia\vendor\compiled.php(8935): call_user_func(Object(Closure), Object(Illuminate\Http\Request))
#14 D:\yueyixia\vendor\compiled.php(6955): Illuminate\Pipeline\Pipeline->then(Object(Closure))
#15 D:\yueyixia\vendor\compiled.php(6944): Illuminate\Routing\Router->runRouteWithinStack(Object(Illuminate\Routing\Route), Object(Illuminate\Http\Request))
#16 D:\yueyixia\vendor\compiled.php(6929): Illuminate\Routing\Router->dispatchToRoute(Object(Illuminate\Http\Request))
#17 D:\yueyixia\vendor\compiled.php(1935): Illuminate\Routing\Router->dispatch(Object(Illuminate\Http\Request))
#18 [internal function]: Illuminate\Foundation\Http\Kernel->Illuminate\Foundation\Http\{closure}(Object(Illuminate\Http\Request))
#19 D:\yueyixia\vendor\compiled.php(8952): call_user_func(Object(Closure), Object(Illuminate\Http\Request))
#20 D:\yueyixia\vendor\compiled.php(2438): Illuminate\Pipeline\Pipeline->Illuminate\Pipeline\{closure}(Object(Illuminate\Http\Request))
#21 D:\yueyixia\app\Http\Middleware\VerifyCsrfToken.php(17): Illuminate\Foundation\Http\Middleware\VerifyCsrfToken->handle(Object(Illuminate\Http\Request), Object(Closure))
#22 D:\yueyixia\vendor\compiled.php(8944): App\Http\Middleware\VerifyCsrfToken->handle(Object(Illuminate\Http\Request), Object(Closure))
#23 D:\yueyixia\vendor\compiled.php(12083): Illuminate\Pipeline\Pipeline->Illuminate\Pipeline\{closure}(Object(Illuminate\Http\Request))
#24 D:\yueyixia\vendor\compiled.php(8944): Illuminate\View\Middleware\ShareErrorsFromSession->handle(Object(Illuminate\Http\Request), Object(Closure))
#25 D:\yueyixia\vendor\compiled.php(10785): Illuminate\Pipeline\Pipeline->Illuminate\Pipeline\{closure}(Object(Illuminate\Http\Request))
#26 D:\yueyixia\vendor\compiled.php(8944): Illuminate\Session\Middleware\StartSession->handle(Object(Illuminate\Http\Request), Object(Closure))
#27 D:\yueyixia\vendor\compiled.php(11789): Illuminate\Pipeline\Pipeline->Illuminate\Pipeline\{closure}(Object(Illuminate\Http\Request))
#28 D:\yueyixia\vendor\compiled.php(8944): Illuminate\Cookie\Middleware\AddQueuedCookiesToResponse->handle(Object(Illuminate\Http\Request), Object(Closure))
#29 D:\yueyixia\vendor\compiled.php(11738): Illuminate\Pipeline\Pipeline->Illuminate\Pipeline\{closure}(Object(Illuminate\Http\Request))
#30 D:\yueyixia\vendor\compiled.php(8944): Illuminate\Cookie\Middleware\EncryptCookies->handle(Object(Illuminate\Http\Request), Object(Closure))
#31 D:\yueyixia\vendor\compiled.php(2478): Illuminate\Pipeline\Pipeline->Illuminate\Pipeline\{closure}(Object(Illuminate\Http\Request))
#32 D:\yueyixia\vendor\compiled.php(8944): Illuminate\Foundation\Http\Middleware\CheckForMaintenanceMode->handle(Object(Illuminate\Http\Request), Object(Closure))
#33 [internal function]: Illuminate\Pipeline\Pipeline->Illuminate\Pipeline\{closure}(Object(Illuminate\Http\Request))
#34 D:\yueyixia\vendor\compiled.php(8935): call_user_func(Object(Closure), Object(Illuminate\Http\Request))
#35 D:\yueyixia\vendor\compiled.php(1891): Illuminate\Pipeline\Pipeline->then(Object(Closure))
#36 D:\yueyixia\vendor\compiled.php(1880): Illuminate\Foundation\Http\Kernel->sendRequestThroughRouter(Object(Illuminate\Http\Request))
#37 D:\yueyixia\public\index.php(53): Illuminate\Foundation\Http\Kernel->handle(Object(Illuminate\Http\Request))
#38 {main}  
[2016-03-19 03:55:23] local.ERROR: exception 'ErrorException' with message 'Undefined index: ' in D:\yueyixia\resources\views\search\index.php:480
Stack trace:
#0 D:\yueyixia\resources\views\search\index.php(480): Illuminate\Foundation\Bootstrap\HandleExceptions->handleError(8, 'Undefined index...', 'D:\\yueyixia\\res...', 480, Array)
#1 D:\yueyixia\vendor\compiled.php(13650): include('D:\\yueyixia\\res...')
#2 D:\yueyixia\vendor\compiled.php(13642): Illuminate\View\Engines\PhpEngine->evaluatePath('D:\\yueyixia\\res...', Array)
#3 D:\yueyixia\vendor\compiled.php(13523): Illuminate\View\Engines\PhpEngine->get('D:\\yueyixia\\res...', Array)
#4 D:\yueyixia\vendor\compiled.php(13510): Illuminate\View\View->getContents()
#5 D:\yueyixia\vendor\compiled.php(13501): Illuminate\View\View->renderContents()
#6 D:\yueyixia\vendor\compiled.php(14597): Illuminate\View\View->render()
#7 D:\yueyixia\vendor\compiled.php(14126): Illuminate\Http\Response->setContent(Object(Illuminate\View\View))
#8 D:\yueyixia\vendor\compiled.php(7154): Symfony\Component\HttpFoundation\Response->__construct(Object(Illuminate\View\View))
#9 D:\yueyixia\vendor\compiled.php(6954): Illuminate\Routing\Router->prepareResponse(Object(Illuminate\Http\Request), Object(Illuminate\View\View))
#10 [internal function]: Illuminate\Routing\Router->Illuminate\Routing\{closure}(Object(Illuminate\Http\Request))
#11 D:\yueyixia\vendor\compiled.php(8952): call_user_func(Object(Closure), Object(Illuminate\Http\Request))
#12 [internal function]: Illuminate\Pipeline\Pipeline->Illuminate\Pipeline\{closure}(Object(Illuminate\Http\Request))
#13 D:\yueyixia\vendor\compiled.php(8935): call_user_func(Object(Closure), Object(Illuminate\Http\Request))
#14 D:\yueyixia\vendor\compiled.php(6955): Illuminate\Pipeline\Pipeline->then(Object(Closure))
#15 D:\yueyixia\vendor\compiled.php(6944): Illuminate\Routing\Router->runRouteWithinStack(Object(Illuminate\Routing\Route), Object(Illuminate\Http\Request))
#16 D:\yueyixia\vendor\compiled.php(6929): Illuminate\Routing\Router->dispatchToRoute(Object(Illuminate\Http\Request))
#17 D:\yueyixia\vendor\compiled.php(1935): Illuminate\Routing\Router->dispatch(Object(Illuminate\Http\Request))
#18 [internal function]: Illuminate\Foundation\Http\Kernel->Illuminate\Foundation\Http\{closure}(Object(Illuminate\Http\Request))
#19 D:\yueyixia\vendor\compiled.php(8952): call_user_func(Object(Closure), Object(Illuminate\Http\Request))
#20 D:\yueyixia\vendor\compiled.php(2438): Illuminate\Pipeline\Pipeline->Illuminate\Pipeline\{closure}(Object(Illuminate\Http\Request))
#21 D:\yueyixia\app\Http\Middleware\VerifyCsrfToken.php(17): Illuminate\Foundation\Http\Middleware\VerifyCsrfToken->handle(Object(Illuminate\Http\Request), Object(Closure))
#22 D:\yueyixia\vendor\compiled.php(8944): App\Http\Middleware\VerifyCsrfToken->handle(Object(Illuminate\Http\Request), Object(Closure))
#23 D:\yueyixia\vendor\compiled.php(12083): Illuminate\Pipeline\Pipeline->Illuminate\Pipeline\{closure}(Object(Illuminate\Http\Request))
#24 D:\yueyixia\vendor\compiled.php(8944): Illuminate\View\Middleware\ShareErrorsFromSession->handle(Object(Illuminate\Http\Request), Object(Closure))
#25 D:\yueyixia\vendor\compiled.php(10785): Illuminate\Pipeline\Pipeline->Illuminate\Pipeline\{closure}(Object(Illuminate\Http\Request))
#26 D:\yueyixia\vendor\compiled.php(8944): Illuminate\Session\Middleware\StartSession->handle(Object(Illuminate\Http\Request), Object(Closure))
#27 D:\yueyixia\vendor\compiled.php(11789): Illuminate\Pipeline\Pipeline->Illuminate\Pipeline\{closure}(Object(Illuminate\Http\Request))
#28 D:\yueyixia\vendor\compiled.php(8944): Illuminate\Cookie\Middleware\AddQueuedCookiesToResponse->handle(Object(Illuminate\Http\Request), Object(Closure))
#29 D:\yueyixia\vendor\compiled.php(11738): Illuminate\Pipeline\Pipeline->Illuminate\Pipeline\{closure}(Object(Illuminate\Http\Request))
#30 D:\yueyixia\vendor\compiled.php(8944): Illuminate\Cookie\Middleware\EncryptCookies->handle(Object(Illuminate\Http\Request), Object(Closure))
#31 D:\yueyixia\vendor\compiled.php(2478): Illuminate\Pipeline\Pipeline->Illuminate\Pipeline\{closure}(Object(Illuminate\Http\Request))
#32 D:\yueyixia\vendor\compiled.php(8944): Illuminate\Foundation\Http\Middleware\CheckForMaintenanceMode->handle(Object(Illuminate\Http\Request), Object(Closure))
#33 [internal function]: Illuminate\Pipeline\Pipeline->Illuminate\Pipeline\{closure}(Object(Illuminate\Http\Request))
#34 D:\yueyixia\vendor\compiled.php(8935): call_user_func(Object(Closure), Object(Illuminate\Http\Request))
#35 D:\yueyixia\vendor\compiled.php(1891): Illuminate\Pipeline\Pipeline->then(Object(Closure))
#36 D:\yueyixia\vendor\compiled.php(1880): Illuminate\Foundation\Http\Kernel->sendRequestThroughRouter(Object(Illuminate\Http\Request))
#37 D:\yueyixia\public\index.php(53): Illuminate\Foundation\Http\Kernel->handle(Object(Illuminate\Http\Request))
#38 {main}  
[2016-03-19 03:56:03] local.ERROR: exception 'ErrorException' with message 'Undefined index: ' in D:\yueyixia\resources\views\search\index.php:480
Stack trace:
#0 D:\yueyixia\resources\views\search\index.php(480): Illuminate\Foundation\Bootstrap\HandleExceptions->handleError(8, 'Undefined index...', 'D:\\yueyixia\\res...', 480, Array)
#1 D:\yueyixia\vendor\compiled.php(13650): include('D:\\yueyixia\\res...')
#2 D:\yueyixia\vendor\compiled.php(13642): Illuminate\View\Engines\PhpEngine->evaluatePath('D:\\yueyixia\\res...', Array)
#3 D:\yueyixia\vendor\compiled.php(13523): Illuminate\View\Engines\PhpEngine->get('D:\\yueyixia\\res...', Array)
#4 D:\yueyixia\vendor\compiled.php(13510): Illuminate\View\View->getContents()
#5 D:\yueyixia\vendor\compiled.php(13501): Illuminate\View\View->renderContents()
#6 D:\yueyixia\vendor\compiled.php(14597): Illuminate\View\View->render()
#7 D:\yueyixia\vendor\compiled.php(14126): Illuminate\Http\Response->setContent(Object(Illuminate\View\View))
#8 D:\yueyixia\vendor\compiled.php(7154): Symfony\Component\HttpFoundation\Response->__construct(Object(Illuminate\View\View))
#9 D:\yueyixia\vendor\compiled.php(6954): Illuminate\Routing\Router->prepareResponse(Object(Illuminate\Http\Request), Object(Illuminate\View\View))
#10 [internal function]: Illuminate\Routing\Router->Illuminate\Routing\{closure}(Object(Illuminate\Http\Request))
#11 D:\yueyixia\vendor\compiled.php(8952): call_user_func(Object(Closure), Object(Illuminate\Http\Request))
#12 [internal function]: Illuminate\Pipeline\Pipeline->Illuminate\Pipeline\{closure}(Object(Illuminate\Http\Request))
#13 D:\yueyixia\vendor\compiled.php(8935): call_user_func(Object(Closure), Object(Illuminate\Http\Request))
#14 D:\yueyixia\vendor\compiled.php(6955): Illuminate\Pipeline\Pipeline->then(Object(Closure))
#15 D:\yueyixia\vendor\compiled.php(6944): Illuminate\Routing\Router->runRouteWithinStack(Object(Illuminate\Routing\Route), Object(Illuminate\Http\Request))
#16 D:\yueyixia\vendor\compiled.php(6929): Illuminate\Routing\Router->dispatchToRoute(Object(Illuminate\Http\Request))
#17 D:\yueyixia\vendor\compiled.php(1935): Illuminate\Routing\Router->dispatch(Object(Illuminate\Http\Request))
#18 [internal function]: Illuminate\Foundation\Http\Kernel->Illuminate\Foundation\Http\{closure}(Object(Illuminate\Http\Request))
#19 D:\yueyixia\vendor\compiled.php(8952): call_user_func(Object(Closure), Object(Illuminate\Http\Request))
#20 D:\yueyixia\vendor\compiled.php(2438): Illuminate\Pipeline\Pipeline->Illuminate\Pipeline\{closure}(Object(Illuminate\Http\Request))
#21 D:\yueyixia\app\Http\Middleware\VerifyCsrfToken.php(17): Illuminate\Foundation\Http\Middleware\VerifyCsrfToken->handle(Object(Illuminate\Http\Request), Object(Closure))
#22 D:\yueyixia\vendor\compiled.php(8944): App\Http\Middleware\VerifyCsrfToken->handle(Object(Illuminate\Http\Request), Object(Closure))
#23 D:\yueyixia\vendor\compiled.php(12083): Illuminate\Pipeline\Pipeline->Illuminate\Pipeline\{closure}(Object(Illuminate\Http\Request))
#24 D:\yueyixia\vendor\compiled.php(8944): Illuminate\View\Middleware\ShareErrorsFromSession->handle(Object(Illuminate\Http\Request), Object(Closure))
#25 D:\yueyixia\vendor\compiled.php(10785): Illuminate\Pipeline\Pipeline->Illuminate\Pipeline\{closure}(Object(Illuminate\Http\Request))
#26 D:\yueyixia\vendor\compiled.php(8944): Illuminate\Session\Middleware\StartSession->handle(Object(Illuminate\Http\Request), Object(Closure))
#27 D:\yueyixia\vendor\compiled.php(11789): Illuminate\Pipeline\Pipeline->Illuminate\Pipeline\{closure}(Object(Illuminate\Http\Request))
#28 D:\yueyixia\vendor\compiled.php(8944): Illuminate\Cookie\Middleware\AddQueuedCookiesToResponse->handle(Object(Illuminate\Http\Request), Object(Closure))
#29 D:\yueyixia\vendor\compiled.php(11738): Illuminate\Pipeline\Pipeline->Illuminate\Pipeline\{closure}(Object(Illuminate\Http\Request))
#30 D:\yueyixia\vendor\compiled.php(8944): Illuminate\Cookie\Middleware\EncryptCookies->handle(Object(Illuminate\Http\Request), Object(Closure))
#31 D:\yueyixia\vendor\compiled.php(2478): Illuminate\Pipeline\Pipeline->Illuminate\Pipeline\{closure}(Object(Illuminate\Http\Request))
#32 D:\yueyixia\vendor\compiled.php(8944): Illuminate\Foundation\Http\Middleware\CheckForMaintenanceMode->handle(Object(Illuminate\Http\Request), Object(Closure))
#33 [internal function]: Illuminate\Pipeline\Pipeline->Illuminate\Pipeline\{closure}(Object(Illuminate\Http\Request))
#34 D:\yueyixia\vendor\compiled.php(8935): call_user_func(Object(Closure), Object(Illuminate\Http\Request))
#35 D:\yueyixia\vendor\compiled.php(1891): Illuminate\Pipeline\Pipeline->then(Object(Closure))
#36 D:\yueyixia\vendor\compiled.php(1880): Illuminate\Foundation\Http\Kernel->sendRequestThroughRouter(Object(Illuminate\Http\Request))
#37 D:\yueyixia\public\index.php(53): Illuminate\Foundation\Http\Kernel->handle(Object(Illuminate\Http\Request))
#38 {main}  
[2016-03-19 03:56:04] local.ERROR: exception 'ErrorException' with message 'Undefined index: ' in D:\yueyixia\resources\views\search\index.php:480
Stack trace:
#0 D:\yueyixia\resources\views\search\index.php(480): Illuminate\Foundation\Bootstrap\HandleExceptions->handleError(8, 'Undefined index...', 'D:\\yueyixia\\res...', 480, Array)
#1 D:\yueyixia\vendor\compiled.php(13650): include('D:\\yueyixia\\res...')
#2 D:\yueyixia\vendor\compiled.php(13642): Illuminate\View\Engines\PhpEngine->evaluatePath('D:\\yueyixia\\res...', Array)
#3 D:\yueyixia\vendor\compiled.php(13523): Illuminate\View\Engines\PhpEngine->get('D:\\yueyixia\\res...', Array)
#4 D:\yueyixia\vendor\compiled.php(13510): Illuminate\View\View->getContents()
#5 D:\yueyixia\vendor\compiled.php(13501): Illuminate\View\View->renderContents()
#6 D:\yueyixia\vendor\compiled.php(14597): Illuminate\View\View->render()
#7 D:\yueyixia\vendor\compiled.php(14126): Illuminate\Http\Response->setContent(Object(Illuminate\View\View))
#8 D:\yueyixia\vendor\compiled.php(7154): Symfony\Component\HttpFoundation\Response->__construct(Object(Illuminate\View\View))
#9 D:\yueyixia\vendor\compiled.php(6954): Illuminate\Routing\Router->prepareResponse(Object(Illuminate\Http\Request), Object(Illuminate\View\View))
#10 [internal function]: Illuminate\Routing\Router->Illuminate\Routing\{closure}(Object(Illuminate\Http\Request))
#11 D:\yueyixia\vendor\compiled.php(8952): call_user_func(Object(Closure), Object(Illuminate\Http\Request))
#12 [internal function]: Illuminate\Pipeline\Pipeline->Illuminate\Pipeline\{closure}(Object(Illuminate\Http\Request))
#13 D:\yueyixia\vendor\compiled.php(8935): call_user_func(Object(Closure), Object(Illuminate\Http\Request))
#14 D:\yueyixia\vendor\compiled.php(6955): Illuminate\Pipeline\Pipeline->then(Object(Closure))
#15 D:\yueyixia\vendor\compiled.php(6944): Illuminate\Routing\Router->runRouteWithinStack(Object(Illuminate\Routing\Route), Object(Illuminate\Http\Request))
#16 D:\yueyixia\vendor\compiled.php(6929): Illuminate\Routing\Router->dispatchToRoute(Object(Illuminate\Http\Request))
#17 D:\yueyixia\vendor\compiled.php(1935): Illuminate\Routing\Router->dispatch(Object(Illuminate\Http\Request))
#18 [internal function]: Illuminate\Foundation\Http\Kernel->Illuminate\Foundation\Http\{closure}(Object(Illuminate\Http\Request))
#19 D:\yueyixia\vendor\compiled.php(8952): call_user_func(Object(Closure), Object(Illuminate\Http\Request))
#20 D:\yueyixia\vendor\compiled.php(2438): Illuminate\Pipeline\Pipeline->Illuminate\Pipeline\{closure}(Object(Illuminate\Http\Request))
#21 D:\yueyixia\app\Http\Middleware\VerifyCsrfToken.php(17): Illuminate\Foundation\Http\Middleware\VerifyCsrfToken->handle(Object(Illuminate\Http\Request), Object(Closure))
#22 D:\yueyixia\vendor\compiled.php(8944): App\Http\Middleware\VerifyCsrfToken->handle(Object(Illuminate\Http\Request), Object(Closure))
#23 D:\yueyixia\vendor\compiled.php(12083): Illuminate\Pipeline\Pipeline->Illuminate\Pipeline\{closure}(Object(Illuminate\Http\Request))
#24 D:\yueyixia\vendor\compiled.php(8944): Illuminate\View\Middleware\ShareErrorsFromSession->handle(Object(Illuminate\Http\Request), Object(Closure))
#25 D:\yueyixia\vendor\compiled.php(10785): Illuminate\Pipeline\Pipeline->Illuminate\Pipeline\{closure}(Object(Illuminate\Http\Request))
#26 D:\yueyixia\vendor\compiled.php(8944): Illuminate\Session\Middleware\StartSession->handle(Object(Illuminate\Http\Request), Object(Closure))
#27 D:\yueyixia\vendor\compiled.php(11789): Illuminate\Pipeline\Pipeline->Illuminate\Pipeline\{closure}(Object(Illuminate\Http\Request))
#28 D:\yueyixia\vendor\compiled.php(8944): Illuminate\Cookie\Middleware\AddQueuedCookiesToResponse->handle(Object(Illuminate\Http\Request), Object(Closure))
#29 D:\yueyixia\vendor\compiled.php(11738): Illuminate\Pipeline\Pipeline->Illuminate\Pipeline\{closure}(Object(Illuminate\Http\Request))
#30 D:\yueyixia\vendor\compiled.php(8944): Illuminate\Cookie\Middleware\EncryptCookies->handle(Object(Illuminate\Http\Request), Object(Closure))
#31 D:\yueyixia\vendor\compiled.php(2478): Illuminate\Pipeline\Pipeline->Illuminate\Pipeline\{closure}(Object(Illuminate\Http\Request))
#32 D:\yueyixia\vendor\compiled.php(8944): Illuminate\Foundation\Http\Middleware\CheckForMaintenanceMode->handle(Object(Illuminate\Http\Request), Object(Closure))
#33 [internal function]: Illuminate\Pipeline\Pipeline->Illuminate\Pipeline\{closure}(Object(Illuminate\Http\Request))
#34 D:\yueyixia\vendor\compiled.php(8935): call_user_func(Object(Closure), Object(Illuminate\Http\Request))
#35 D:\yueyixia\vendor\compiled.php(1891): Illuminate\Pipeline\Pipeline->then(Object(Closure))
#36 D:\yueyixia\vendor\compiled.php(1880): Illuminate\Foundation\Http\Kernel->sendRequestThroughRouter(Object(Illuminate\Http\Request))
#37 D:\yueyixia\public\index.php(53): Illuminate\Foundation\Http\Kernel->handle(Object(Illuminate\Http\Request))
#38 {main}  
[2016-03-19 03:56:05] local.ERROR: exception 'ErrorException' with message 'Undefined index: ' in D:\yueyixia\resources\views\search\index.php:480
Stack trace:
#0 D:\yueyixia\resources\views\search\index.php(480): Illuminate\Foundation\Bootstrap\HandleExceptions->handleError(8, 'Undefined index...', 'D:\\yueyixia\\res...', 480, Array)
#1 D:\yueyixia\vendor\compiled.php(13650): include('D:\\yueyixia\\res...')
#2 D:\yueyixia\vendor\compiled.php(13642): Illuminate\View\Engines\PhpEngine->evaluatePath('D:\\yueyixia\\res...', Array)
#3 D:\yueyixia\vendor\compiled.php(13523): Illuminate\View\Engines\PhpEngine->get('D:\\yueyixia\\res...', Array)
#4 D:\yueyixia\vendor\compiled.php(13510): Illuminate\View\View->getContents()
#5 D:\yueyixia\vendor\compiled.php(13501): Illuminate\View\View->renderContents()
#6 D:\yueyixia\vendor\compiled.php(14597): Illuminate\View\View->render()
#7 D:\yueyixia\vendor\compiled.php(14126): Illuminate\Http\Response->setContent(Object(Illuminate\View\View))
#8 D:\yueyixia\vendor\compiled.php(7154): Symfony\Component\HttpFoundation\Response->__construct(Object(Illuminate\View\View))
#9 D:\yueyixia\vendor\compiled.php(6954): Illuminate\Routing\Router->prepareResponse(Object(Illuminate\Http\Request), Object(Illuminate\View\View))
#10 [internal function]: Illuminate\Routing\Router->Illuminate\Routing\{closure}(Object(Illuminate\Http\Request))
#11 D:\yueyixia\vendor\compiled.php(8952): call_user_func(Object(Closure), Object(Illuminate\Http\Request))
#12 [internal function]: Illuminate\Pipeline\Pipeline->Illuminate\Pipeline\{closure}(Object(Illuminate\Http\Request))
#13 D:\yueyixia\vendor\compiled.php(8935): call_user_func(Object(Closure), Object(Illuminate\Http\Request))
#14 D:\yueyixia\vendor\compiled.php(6955): Illuminate\Pipeline\Pipeline->then(Object(Closure))
#15 D:\yueyixia\vendor\compiled.php(6944): Illuminate\Routing\Router->runRouteWithinStack(Object(Illuminate\Routing\Route), Object(Illuminate\Http\Request))
#16 D:\yueyixia\vendor\compiled.php(6929): Illuminate\Routing\Router->dispatchToRoute(Object(Illuminate\Http\Request))
#17 D:\yueyixia\vendor\compiled.php(1935): Illuminate\Routing\Router->dispatch(Object(Illuminate\Http\Request))
#18 [internal function]: Illuminate\Foundation\Http\Kernel->Illuminate\Foundation\Http\{closure}(Object(Illuminate\Http\Request))
#19 D:\yueyixia\vendor\compiled.php(8952): call_user_func(Object(Closure), Object(Illuminate\Http\Request))
#20 D:\yueyixia\vendor\compiled.php(2438): Illuminate\Pipeline\Pipeline->Illuminate\Pipeline\{closure}(Object(Illuminate\Http\Request))
#21 D:\yueyixia\app\Http\Middleware\VerifyCsrfToken.php(17): Illuminate\Foundation\Http\Middleware\VerifyCsrfToken->handle(Object(Illuminate\Http\Request), Object(Closure))
#22 D:\yueyixia\vendor\compiled.php(8944): App\Http\Middleware\VerifyCsrfToken->handle(Object(Illuminate\Http\Request), Object(Closure))
#23 D:\yueyixia\vendor\compiled.php(12083): Illuminate\Pipeline\Pipeline->Illuminate\Pipeline\{closure}(Object(Illuminate\Http\Request))
#24 D:\yueyixia\vendor\compiled.php(8944): Illuminate\View\Middleware\ShareErrorsFromSession->handle(Object(Illuminate\Http\Request), Object(Closure))
#25 D:\yueyixia\vendor\compiled.php(10785): Illuminate\Pipeline\Pipeline->Illuminate\Pipeline\{closure}(Object(Illuminate\Http\Request))
#26 D:\yueyixia\vendor\compiled.php(8944): Illuminate\Session\Middleware\StartSession->handle(Object(Illuminate\Http\Request), Object(Closure))
#27 D:\yueyixia\vendor\compiled.php(11789): Illuminate\Pipeline\Pipeline->Illuminate\Pipeline\{closure}(Object(Illuminate\Http\Request))
#28 D:\yueyixia\vendor\compiled.php(8944): Illuminate\Cookie\Middleware\AddQueuedCookiesToResponse->handle(Object(Illuminate\Http\Request), Object(Closure))
#29 D:\yueyixia\vendor\compiled.php(11738): Illuminate\Pipeline\Pipeline->Illuminate\Pipeline\{closure}(Object(Illuminate\Http\Request))
#30 D:\yueyixia\vendor\compiled.php(8944): Illuminate\Cookie\Middleware\EncryptCookies->handle(Object(Illuminate\Http\Request), Object(Closure))
#31 D:\yueyixia\vendor\compiled.php(2478): Illuminate\Pipeline\Pipeline->Illuminate\Pipeline\{closure}(Object(Illuminate\Http\Request))
#32 D:\yueyixia\vendor\compiled.php(8944): Illuminate\Foundation\Http\Middleware\CheckForMaintenanceMode->handle(Object(Illuminate\Http\Request), Object(Closure))
#33 [internal function]: Illuminate\Pipeline\Pipeline->Illuminate\Pipeline\{closure}(Object(Illuminate\Http\Request))
#34 D:\yueyixia\vendor\compiled.php(8935): call_user_func(Object(Closure), Object(Illuminate\Http\Request))
#35 D:\yueyixia\vendor\compiled.php(1891): Illuminate\Pipeline\Pipeline->then(Object(Closure))
#36 D:\yueyixia\vendor\compiled.php(1880): Illuminate\Foundation\Http\Kernel->sendRequestThroughRouter(Object(Illuminate\Http\Request))
#37 D:\yueyixia\public\index.php(53): Illuminate\Foundation\Http\Kernel->handle(Object(Illuminate\Http\Request))
#38 {main}  
[2016-03-19 08:33:09] local.ERROR: exception 'ErrorException' with message 'Undefined variable: arr' in D:\yueyixia\app\Http\Controllers\SearchController.php:16
Stack trace:
#0 D:\yueyixia\app\Http\Controllers\SearchController.php(16): Illuminate\Foundation\Bootstrap\HandleExceptions->handleError(8, 'Undefined varia...', 'D:\\yueyixia\\app...', 16, Array)
#1 [internal function]: App\Http\Controllers\SearchController->index()
#2 D:\yueyixia\vendor\compiled.php(8287): call_user_func_array(Array, Array)
#3 D:\yueyixia\vendor\compiled.php(8354): Illuminate\Routing\Controller->callAction('index', Array)
#4 D:\yueyixia\vendor\compiled.php(8333): Illuminate\Routing\ControllerDispatcher->call(Object(App\Http\Controllers\SearchController), Object(Illuminate\Routing\Route), 'index')
#5 [internal function]: Illuminate\Routing\ControllerDispatcher->Illuminate\Routing\{closure}(Object(Illuminate\Http\Request))
#6 D:\yueyixia\vendor\compiled.php(8952): call_user_func(Object(Closure), Object(Illuminate\Http\Request))
#7 [internal function]: Illuminate\Pipeline\Pipeline->Illuminate\Pipeline\{closure}(Object(Illuminate\Http\Request))
#8 D:\yueyixia\vendor\compiled.php(8935): call_user_func(Object(Closure), Object(Illuminate\Http\Request))
#9 D:\yueyixia\vendor\compiled.php(8334): Illuminate\Pipeline\Pipeline->then(Object(Closure))
#10 D:\yueyixia\vendor\compiled.php(8320): Illuminate\Routing\ControllerDispatcher->callWithinStack(Object(App\Http\Controllers\SearchController), Object(Illuminate\Routing\Route), Object(Illuminate\Http\Request), 'index')
#11 D:\yueyixia\vendor\compiled.php(7317): Illuminate\Routing\ControllerDispatcher->dispatch(Object(Illuminate\Routing\Route), Object(Illuminate\Http\Request), 'App\\Http\\Contro...', 'index')
#12 D:\yueyixia\vendor\compiled.php(7288): Illuminate\Routing\Route->runWithCustomDispatcher(Object(Illuminate\Http\Request))
#13 D:\yueyixia\vendor\compiled.php(6954): Illuminate\Routing\Route->run(Object(Illuminate\Http\Request))
#14 [internal function]: Illuminate\Routing\Router->Illuminate\Routing\{closure}(Object(Illuminate\Http\Request))
#15 D:\yueyixia\vendor\compiled.php(8952): call_user_func(Object(Closure), Object(Illuminate\Http\Request))
#16 [internal function]: Illuminate\Pipeline\Pipeline->Illuminate\Pipeline\{closure}(Object(Illuminate\Http\Request))
#17 D:\yueyixia\vendor\compiled.php(8935): call_user_func(Object(Closure), Object(Illuminate\Http\Request))
#18 D:\yueyixia\vendor\compiled.php(6955): Illuminate\Pipeline\Pipeline->then(Object(Closure))
#19 D:\yueyixia\vendor\compiled.php(6944): Illuminate\Routing\Router->runRouteWithinStack(Object(Illuminate\Routing\Route), Object(Illuminate\Http\Request))
#20 D:\yueyixia\vendor\compiled.php(6929): Illuminate\Routing\Router->dispatchToRoute(Object(Illuminate\Http\Request))
#21 D:\yueyixia\vendor\compiled.php(1935): Illuminate\Routing\Router->dispatch(Object(Illuminate\Http\Request))
#22 [internal function]: Illuminate\Foundation\Http\Kernel->Illuminate\Foundation\Http\{closure}(Object(Illuminate\Http\Request))
#23 D:\yueyixia\vendor\compiled.php(8952): call_user_func(Object(Closure), Object(Illuminate\Http\Request))
#24 D:\yueyixia\vendor\compiled.php(2438): Illuminate\Pipeline\Pipeline->Illuminate\Pipeline\{closure}(Object(Illuminate\Http\Request))
#25 D:\yueyixia\app\Http\Middleware\VerifyCsrfToken.php(17): Illuminate\Foundation\Http\Middleware\VerifyCsrfToken->handle(Object(Illuminate\Http\Request), Object(Closure))
#26 D:\yueyixia\vendor\compiled.php(8944): App\Http\Middleware\VerifyCsrfToken->handle(Object(Illuminate\Http\Request), Object(Closure))
#27 D:\yueyixia\vendor\compiled.php(12083): Illuminate\Pipeline\Pipeline->Illuminate\Pipeline\{closure}(Object(Illuminate\Http\Request))
#28 D:\yueyixia\vendor\compiled.php(8944): Illuminate\View\Middleware\ShareErrorsFromSession->handle(Object(Illuminate\Http\Request), Object(Closure))
#29 D:\yueyixia\vendor\compiled.php(10785): Illuminate\Pipeline\Pipeline->Illuminate\Pipeline\{closure}(Object(Illuminate\Http\Request))
#30 D:\yueyixia\vendor\compiled.php(8944): Illuminate\Session\Middleware\StartSession->handle(Object(Illuminate\Http\Request), Object(Closure))
#31 D:\yueyixia\vendor\compiled.php(11789): Illuminate\Pipeline\Pipeline->Illuminate\Pipeline\{closure}(Object(Illuminate\Http\Request))
#32 D:\yueyixia\vendor\compiled.php(8944): Illuminate\Cookie\Middleware\AddQueuedCookiesToResponse->handle(Object(Illuminate\Http\Request), Object(Closure))
#33 D:\yueyixia\vendor\compiled.php(11738): Illuminate\Pipeline\Pipeline->Illuminate\Pipeline\{closure}(Object(Illuminate\Http\Request))
#34 D:\yueyixia\vendor\compiled.php(8944): Illuminate\Cookie\Middleware\EncryptCookies->handle(Object(Illuminate\Http\Request), Object(Closure))
#35 D:\yueyixia\vendor\compiled.php(2478): Illuminate\Pipeline\Pipeline->Illuminate\Pipeline\{closure}(Object(Illuminate\Http\Request))
#36 D:\yueyixia\vendor\compiled.php(8944): Illuminate\Foundation\Http\Middleware\CheckForMaintenanceMode->handle(Object(Illuminate\Http\Request), Object(Closure))
#37 [internal function]: Illuminate\Pipeline\Pipeline->Illuminate\Pipeline\{closure}(Object(Illuminate\Http\Request))
#38 D:\yueyixia\vendor\compiled.php(8935): call_user_func(Object(Closure), Object(Illuminate\Http\Request))
#39 D:\yueyixia\vendor\compiled.php(1891): Illuminate\Pipeline\Pipeline->then(Object(Closure))
#40 D:\yueyixia\vendor\compiled.php(1880): Illuminate\Foundation\Http\Kernel->sendRequestThroughRouter(Object(Illuminate\Http\Request))
#41 D:\yueyixia\public\index.php(53): Illuminate\Foundation\Http\Kernel->handle(Object(Illuminate\Http\Request))
#42 {main}  
