[2016-03-23 00:30:47] local.ERROR: exception 'InvalidArgumentException' with message 'View [details.lists] not found.' in D:\yueyixia\vendor\compiled.php:12898
Stack trace:
#0 D:\yueyixia\vendor\compiled.php(12871): Illuminate\View\FileViewFinder->findInPaths('details.lists', Array)
#1 D:\yueyixia\vendor\compiled.php(12996): Illuminate\View\FileViewFinder->find('details.lists')
#2 D:\yueyixia\vendor\laravel\framework\src\Illuminate\Foundation\helpers.php(565): Illuminate\View\Factory->make('details/lists', Array, Array)
#3 D:\yueyixia\app\Http\Controllers\OrderController.php(37): view('details/lists', Array)
#4 [internal function]: App\Http\Controllers\OrderController->lists()
#5 D:\yueyixia\vendor\compiled.php(8287): call_user_func_array(Array, Array)
#6 D:\yueyixia\vendor\compiled.php(8354): Illuminate\Routing\Controller->callAction('lists', Array)
#7 D:\yueyixia\vendor\compiled.php(8333): Illuminate\Routing\ControllerDispatcher->call(Object(App\Http\Controllers\OrderController), Object(Illuminate\Routing\Route), 'lists')
#8 [internal function]: Illuminate\Routing\ControllerDispatcher->Illuminate\Routing\{closure}(Object(Illuminate\Http\Request))
#9 D:\yueyixia\vendor\compiled.php(8952): call_user_func(Object(Closure), Object(Illuminate\Http\Request))
#10 [internal function]: Illuminate\Pipeline\Pipeline->Illuminate\Pipeline\{closure}(Object(Illuminate\Http\Request))
#11 D:\yueyixia\vendor\compiled.php(8935): call_user_func(Object(Closure), Object(Illuminate\Http\Request))
#12 D:\yueyixia\vendor\compiled.php(8334): Illuminate\Pipeline\Pipeline->then(Object(Closure))
#13 D:\yueyixia\vendor\compiled.php(8320): Illuminate\Routing\ControllerDispatcher->callWithinStack(Object(App\Http\Controllers\OrderController), Object(Illuminate\Routing\Route), Object(Illuminate\Http\Request), 'lists')
#14 D:\yueyixia\vendor\compiled.php(7317): Illuminate\Routing\ControllerDispatcher->dispatch(Object(Illuminate\Routing\Route), Object(Illuminate\Http\Request), 'App\\Http\\Contro...', 'lists')
#15 D:\yueyixia\vendor\compiled.php(7288): Illuminate\Routing\Route->runWithCustomDispatcher(Object(Illuminate\Http\Request))
#16 D:\yueyixia\vendor\compiled.php(6954): Illuminate\Routing\Route->run(Object(Illuminate\Http\Request))
#17 [internal function]: Illuminate\Routing\Router->Illuminate\Routing\{closure}(Object(Illuminate\Http\Request))
#18 D:\yueyixia\vendor\compiled.php(8952): call_user_func(Object(Closure), Object(Illuminate\Http\Request))
#19 [internal function]: Illuminate\Pipeline\Pipeline->Illuminate\Pipeline\{closure}(Object(Illuminate\Http\Request))
#20 D:\yueyixia\vendor\compiled.php(8935): call_user_func(Object(Closure), Object(Illuminate\Http\Request))
#21 D:\yueyixia\vendor\compiled.php(6955): Illuminate\Pipeline\Pipeline->then(Object(Closure))
#22 D:\yueyixia\vendor\compiled.php(6944): Illuminate\Routing\Router->runRouteWithinStack(Object(Illuminate\Routing\Route), Object(Illuminate\Http\Request))
#23 D:\yueyixia\vendor\compiled.php(6929): Illuminate\Routing\Router->dispatchToRoute(Object(Illuminate\Http\Request))
#24 D:\yueyixia\vendor\compiled.php(1935): Illuminate\Routing\Router->dispatch(Object(Illuminate\Http\Request))
#25 [internal function]: Illuminate\Foundation\Http\Kernel->Illuminate\Foundation\Http\{closure}(Object(Illuminate\Http\Request))
#26 D:\yueyixia\vendor\compiled.php(8952): call_user_func(Object(Closure), Object(Illuminate\Http\Request))
#27 D:\yueyixia\vendor\compiled.php(12083): Illuminate\Pipeline\Pipeline->Illuminate\Pipeline\{closure}(Object(Illuminate\Http\Request))
#28 D:\yueyixia\vendor\compiled.php(8944): Illuminate\View\Middleware\ShareErrorsFromSession->handle(Object(Illuminate\Http\Request), Object(Closure))
#29 D:\yueyixia\vendor\compiled.php(10785): Illuminate\Pipeline\Pipeline->Illuminate\Pipeline\{closure}(Object(Illuminate\Http\Request))
#30 D:\yueyixia\vendor\compiled.php(8944): Illuminate\Session\Middleware\StartSession->handle(Object(Illuminate\Http\Request), Object(Closure))
#31 D:\yueyixia\vendor\compiled.php(11789): Illuminate\Pipeline\Pipeline->Illuminate\Pipeline\{closure}(Object(Illuminate\Http\Request))
#32 D:\yueyixia\vendor\compiled.php(8944): Illuminate\Cookie\Middleware\AddQueuedCookiesToResponse->handle(Object(Illuminate\Http\Request), Object(Closure))
#33 D:\yueyixia\vendor\compiled.php(11738): Illuminate\Pipeline\Pipeline->Illuminate\Pipeline\{closure}(Object(Illuminate\Http\Request))
#34 D:\yueyixia\vendor\compiled.php(8944): Illuminate\Cookie\Middleware\EncryptCookies->handle(Object(Illuminate\Http\Request), Object(Closure))
#35 D:\yueyixia\vendor\compiled.php(2478): Illuminate\Pipeline\Pipeline->Illuminate\Pipeline\{closure}(Object(Illuminate\Http\Request))
#36 D:\yueyixia\vendor\compiled.php(8944): Illuminate\Foundation\Http\Middleware\CheckForMaintenanceMode->handle(Object(Illuminate\Http\Request), Object(Closure))
#37 [internal function]: Illuminate\Pipeline\Pipeline->Illuminate\Pipeline\{closure}(Object(Illuminate\Http\Request))
#38 D:\yueyixia\vendor\compiled.php(8935): call_user_func(Object(Closure), Object(Illuminate\Http\Request))
#39 D:\yueyixia\vendor\compiled.php(1891): Illuminate\Pipeline\Pipeline->then(Object(Closure))
#40 D:\yueyixia\vendor\compiled.php(1880): Illuminate\Foundation\Http\Kernel->sendRequestThroughRouter(Object(Illuminate\Http\Request))
#41 D:\yueyixia\public\index.php(54): Illuminate\Foundation\Http\Kernel->handle(Object(Illuminate\Http\Request))
#42 {main}  
[2016-03-23 06:04:37] local.ERROR: exception 'Symfony\Component\Debug\Exception\FatalErrorException' with message 'Class 'App\Http\Controllers\input' not found' in D:\yueyixia\app\Http\Controllers\CollectionController.php:53
Stack trace:
#0 {main}  
[2016-03-23 06:04:53] local.ERROR: exception 'Symfony\Component\Debug\Exception\FatalErrorException' with message 'Function name must be a string' in D:\yueyixia\app\Http\Controllers\CollectionController.php:53
Stack trace:
#0 {main}  
[2016-03-23 06:05:19] local.ERROR: exception 'Symfony\Component\Debug\Exception\FatalErrorException' with message 'syntax error, unexpected '['' in D:\yueyixia\app\Http\Controllers\CollectionController.php:53
Stack trace:
#0 {main}  
[2016-03-23 06:22:03] local.ERROR: exception 'ErrorException' with message 'Undefined variable: collection' in D:\yueyixia\app\Http\Controllers\CollectionController.php:63
Stack trace:
#0 D:\yueyixia\app\Http\Controllers\CollectionController.php(63): Illuminate\Foundation\Bootstrap\HandleExceptions->handleError(8, 'Undefined varia...', 'D:\\yueyixia\\app...', 63, Array)
#1 [internal function]: App\Http\Controllers\CollectionController->c_del()
#2 D:\yueyixia\vendor\compiled.php(8287): call_user_func_array(Array, Array)
#3 D:\yueyixia\vendor\compiled.php(8354): Illuminate\Routing\Controller->callAction('c_del', Array)
#4 D:\yueyixia\vendor\compiled.php(8333): Illuminate\Routing\ControllerDispatcher->call(Object(App\Http\Controllers\CollectionController), Object(Illuminate\Routing\Route), 'c_del')
#5 [internal function]: Illuminate\Routing\ControllerDispatcher->Illuminate\Routing\{closure}(Object(Illuminate\Http\Request))
#6 D:\yueyixia\vendor\compiled.php(8952): call_user_func(Object(Closure), Object(Illuminate\Http\Request))
#7 [internal function]: Illuminate\Pipeline\Pipeline->Illuminate\Pipeline\{closure}(Object(Illuminate\Http\Request))
#8 D:\yueyixia\vendor\compiled.php(8935): call_user_func(Object(Closure), Object(Illuminate\Http\Request))
#9 D:\yueyixia\vendor\compiled.php(8334): Illuminate\Pipeline\Pipeline->then(Object(Closure))
#10 D:\yueyixia\vendor\compiled.php(8320): Illuminate\Routing\ControllerDispatcher->callWithinStack(Object(App\Http\Controllers\CollectionController), Object(Illuminate\Routing\Route), Object(Illuminate\Http\Request), 'c_del')
#11 D:\yueyixia\vendor\compiled.php(7317): Illuminate\Routing\ControllerDispatcher->dispatch(Object(Illuminate\Routing\Route), Object(Illuminate\Http\Request), 'App\\Http\\Contro...', 'c_del')
#12 D:\yueyixia\vendor\compiled.php(7288): Illuminate\Routing\Route->runWithCustomDispatcher(Object(Illuminate\Http\Request))
#13 D:\yueyixia\vendor\compiled.php(6954): Illuminate\Routing\Route->run(Object(Illuminate\Http\Request))
#14 [internal function]: Illuminate\Routing\Router->Illuminate\Routing\{closure}(Object(Illuminate\Http\Request))
#15 D:\yueyixia\vendor\compiled.php(8952): call_user_func(Object(Closure), Object(Illuminate\Http\Request))
#16 [internal function]: Illuminate\Pipeline\Pipeline->Illuminate\Pipeline\{closure}(Object(Illuminate\Http\Request))
#17 D:\yueyixia\vendor\compiled.php(8935): call_user_func(Object(Closure), Object(Illuminate\Http\Request))
#18 D:\yueyixia\vendor\compiled.php(6955): Illuminate\Pipeline\Pipeline->then(Object(Closure))
#19 D:\yueyixia\vendor\compiled.php(6944): Illuminate\Routing\Router->runRouteWithinStack(Object(Illuminate\Routing\Route), Object(Illuminate\Http\Request))
#20 D:\yueyixia\vendor\compiled.php(6929): Illuminate\Routing\Router->dispatchToRoute(Object(Illuminate\Http\Request))
#21 D:\yueyixia\vendor\compiled.php(1935): Illuminate\Routing\Router->dispatch(Object(Illuminate\Http\Request))
#22 [internal function]: Illuminate\Foundation\Http\Kernel->Illuminate\Foundation\Http\{closure}(Object(Illuminate\Http\Request))
#23 D:\yueyixia\vendor\compiled.php(8952): call_user_func(Object(Closure), Object(Illuminate\Http\Request))
#24 D:\yueyixia\vendor\compiled.php(12083): Illuminate\Pipeline\Pipeline->Illuminate\Pipeline\{closure}(Object(Illuminate\Http\Request))
#25 D:\yueyixia\vendor\compiled.php(8944): Illuminate\View\Middleware\ShareErrorsFromSession->handle(Object(Illuminate\Http\Request), Object(Closure))
#26 D:\yueyixia\vendor\compiled.php(10785): Illuminate\Pipeline\Pipeline->Illuminate\Pipeline\{closure}(Object(Illuminate\Http\Request))
#27 D:\yueyixia\vendor\compiled.php(8944): Illuminate\Session\Middleware\StartSession->handle(Object(Illuminate\Http\Request), Object(Closure))
#28 D:\yueyixia\vendor\compiled.php(11789): Illuminate\Pipeline\Pipeline->Illuminate\Pipeline\{closure}(Object(Illuminate\Http\Request))
#29 D:\yueyixia\vendor\compiled.php(8944): Illuminate\Cookie\Middleware\AddQueuedCookiesToResponse->handle(Object(Illuminate\Http\Request), Object(Closure))
#30 D:\yueyixia\vendor\compiled.php(11738): Illuminate\Pipeline\Pipeline->Illuminate\Pipeline\{closure}(Object(Illuminate\Http\Request))
#31 D:\yueyixia\vendor\compiled.php(8944): Illuminate\Cookie\Middleware\EncryptCookies->handle(Object(Illuminate\Http\Request), Object(Closure))
#32 D:\yueyixia\vendor\compiled.php(2478): Illuminate\Pipeline\Pipeline->Illuminate\Pipeline\{closure}(Object(Illuminate\Http\Request))
#33 D:\yueyixia\vendor\compiled.php(8944): Illuminate\Foundation\Http\Middleware\CheckForMaintenanceMode->handle(Object(Illuminate\Http\Request), Object(Closure))
#34 [internal function]: Illuminate\Pipeline\Pipeline->Illuminate\Pipeline\{closure}(Object(Illuminate\Http\Request))
#35 D:\yueyixia\vendor\compiled.php(8935): call_user_func(Object(Closure), Object(Illuminate\Http\Request))
#36 D:\yueyixia\vendor\compiled.php(1891): Illuminate\Pipeline\Pipeline->then(Object(Closure))
#37 D:\yueyixia\vendor\compiled.php(1880): Illuminate\Foundation\Http\Kernel->sendRequestThroughRouter(Object(Illuminate\Http\Request))
#38 D:\yueyixia\public\index.php(54): Illuminate\Foundation\Http\Kernel->handle(Object(Illuminate\Http\Request))
#39 {main}  
[2016-03-23 06:22:06] local.ERROR: exception 'ErrorException' with message 'Undefined variable: collection' in D:\yueyixia\app\Http\Controllers\CollectionController.php:63
Stack trace:
#0 D:\yueyixia\app\Http\Controllers\CollectionController.php(63): Illuminate\Foundation\Bootstrap\HandleExceptions->handleError(8, 'Undefined varia...', 'D:\\yueyixia\\app...', 63, Array)
#1 [internal function]: App\Http\Controllers\CollectionController->c_del()
#2 D:\yueyixia\vendor\compiled.php(8287): call_user_func_array(Array, Array)
#3 D:\yueyixia\vendor\compiled.php(8354): Illuminate\Routing\Controller->callAction('c_del', Array)
#4 D:\yueyixia\vendor\compiled.php(8333): Illuminate\Routing\ControllerDispatcher->call(Object(App\Http\Controllers\CollectionController), Object(Illuminate\Routing\Route), 'c_del')
#5 [internal function]: Illuminate\Routing\ControllerDispatcher->Illuminate\Routing\{closure}(Object(Illuminate\Http\Request))
#6 D:\yueyixia\vendor\compiled.php(8952): call_user_func(Object(Closure), Object(Illuminate\Http\Request))
#7 [internal function]: Illuminate\Pipeline\Pipeline->Illuminate\Pipeline\{closure}(Object(Illuminate\Http\Request))
#8 D:\yueyixia\vendor\compiled.php(8935): call_user_func(Object(Closure), Object(Illuminate\Http\Request))
#9 D:\yueyixia\vendor\compiled.php(8334): Illuminate\Pipeline\Pipeline->then(Object(Closure))
#10 D:\yueyixia\vendor\compiled.php(8320): Illuminate\Routing\ControllerDispatcher->callWithinStack(Object(App\Http\Controllers\CollectionController), Object(Illuminate\Routing\Route), Object(Illuminate\Http\Request), 'c_del')
#11 D:\yueyixia\vendor\compiled.php(7317): Illuminate\Routing\ControllerDispatcher->dispatch(Object(Illuminate\Routing\Route), Object(Illuminate\Http\Request), 'App\\Http\\Contro...', 'c_del')
#12 D:\yueyixia\vendor\compiled.php(7288): Illuminate\Routing\Route->runWithCustomDispatcher(Object(Illuminate\Http\Request))
#13 D:\yueyixia\vendor\compiled.php(6954): Illuminate\Routing\Route->run(Object(Illuminate\Http\Request))
#14 [internal function]: Illuminate\Routing\Router->Illuminate\Routing\{closure}(Object(Illuminate\Http\Request))
#15 D:\yueyixia\vendor\compiled.php(8952): call_user_func(Object(Closure), Object(Illuminate\Http\Request))
#16 [internal function]: Illuminate\Pipeline\Pipeline->Illuminate\Pipeline\{closure}(Object(Illuminate\Http\Request))
#17 D:\yueyixia\vendor\compiled.php(8935): call_user_func(Object(Closure), Object(Illuminate\Http\Request))
#18 D:\yueyixia\vendor\compiled.php(6955): Illuminate\Pipeline\Pipeline->then(Object(Closure))
#19 D:\yueyixia\vendor\compiled.php(6944): Illuminate\Routing\Router->runRouteWithinStack(Object(Illuminate\Routing\Route), Object(Illuminate\Http\Request))
#20 D:\yueyixia\vendor\compiled.php(6929): Illuminate\Routing\Router->dispatchToRoute(Object(Illuminate\Http\Request))
#21 D:\yueyixia\vendor\compiled.php(1935): Illuminate\Routing\Router->dispatch(Object(Illuminate\Http\Request))
#22 [internal function]: Illuminate\Foundation\Http\Kernel->Illuminate\Foundation\Http\{closure}(Object(Illuminate\Http\Request))
#23 D:\yueyixia\vendor\compiled.php(8952): call_user_func(Object(Closure), Object(Illuminate\Http\Request))
#24 D:\yueyixia\vendor\compiled.php(12083): Illuminate\Pipeline\Pipeline->Illuminate\Pipeline\{closure}(Object(Illuminate\Http\Request))
#25 D:\yueyixia\vendor\compiled.php(8944): Illuminate\View\Middleware\ShareErrorsFromSession->handle(Object(Illuminate\Http\Request), Object(Closure))
#26 D:\yueyixia\vendor\compiled.php(10785): Illuminate\Pipeline\Pipeline->Illuminate\Pipeline\{closure}(Object(Illuminate\Http\Request))
#27 D:\yueyixia\vendor\compiled.php(8944): Illuminate\Session\Middleware\StartSession->handle(Object(Illuminate\Http\Request), Object(Closure))
#28 D:\yueyixia\vendor\compiled.php(11789): Illuminate\Pipeline\Pipeline->Illuminate\Pipeline\{closure}(Object(Illuminate\Http\Request))
#29 D:\yueyixia\vendor\compiled.php(8944): Illuminate\Cookie\Middleware\AddQueuedCookiesToResponse->handle(Object(Illuminate\Http\Request), Object(Closure))
#30 D:\yueyixia\vendor\compiled.php(11738): Illuminate\Pipeline\Pipeline->Illuminate\Pipeline\{closure}(Object(Illuminate\Http\Request))
#31 D:\yueyixia\vendor\compiled.php(8944): Illuminate\Cookie\Middleware\EncryptCookies->handle(Object(Illuminate\Http\Request), Object(Closure))
#32 D:\yueyixia\vendor\compiled.php(2478): Illuminate\Pipeline\Pipeline->Illuminate\Pipeline\{closure}(Object(Illuminate\Http\Request))
#33 D:\yueyixia\vendor\compiled.php(8944): Illuminate\Foundation\Http\Middleware\CheckForMaintenanceMode->handle(Object(Illuminate\Http\Request), Object(Closure))
#34 [internal function]: Illuminate\Pipeline\Pipeline->Illuminate\Pipeline\{closure}(Object(Illuminate\Http\Request))
#35 D:\yueyixia\vendor\compiled.php(8935): call_user_func(Object(Closure), Object(Illuminate\Http\Request))
#36 D:\yueyixia\vendor\compiled.php(1891): Illuminate\Pipeline\Pipeline->then(Object(Closure))
#37 D:\yueyixia\vendor\compiled.php(1880): Illuminate\Foundation\Http\Kernel->sendRequestThroughRouter(Object(Illuminate\Http\Request))
#38 D:\yueyixia\public\index.php(54): Illuminate\Foundation\Http\Kernel->handle(Object(Illuminate\Http\Request))
#39 {main}  
[2016-03-23 06:22:07] local.ERROR: exception 'ErrorException' with message 'Undefined variable: collection' in D:\yueyixia\app\Http\Controllers\CollectionController.php:63
Stack trace:
#0 D:\yueyixia\app\Http\Controllers\CollectionController.php(63): Illuminate\Foundation\Bootstrap\HandleExceptions->handleError(8, 'Undefined varia...', 'D:\\yueyixia\\app...', 63, Array)
#1 [internal function]: App\Http\Controllers\CollectionController->c_del()
#2 D:\yueyixia\vendor\compiled.php(8287): call_user_func_array(Array, Array)
#3 D:\yueyixia\vendor\compiled.php(8354): Illuminate\Routing\Controller->callAction('c_del', Array)
#4 D:\yueyixia\vendor\compiled.php(8333): Illuminate\Routing\ControllerDispatcher->call(Object(App\Http\Controllers\CollectionController), Object(Illuminate\Routing\Route), 'c_del')
#5 [internal function]: Illuminate\Routing\ControllerDispatcher->Illuminate\Routing\{closure}(Object(Illuminate\Http\Request))
#6 D:\yueyixia\vendor\compiled.php(8952): call_user_func(Object(Closure), Object(Illuminate\Http\Request))
#7 [internal function]: Illuminate\Pipeline\Pipeline->Illuminate\Pipeline\{closure}(Object(Illuminate\Http\Request))
#8 D:\yueyixia\vendor\compiled.php(8935): call_user_func(Object(Closure), Object(Illuminate\Http\Request))
#9 D:\yueyixia\vendor\compiled.php(8334): Illuminate\Pipeline\Pipeline->then(Object(Closure))
#10 D:\yueyixia\vendor\compiled.php(8320): Illuminate\Routing\ControllerDispatcher->callWithinStack(Object(App\Http\Controllers\CollectionController), Object(Illuminate\Routing\Route), Object(Illuminate\Http\Request), 'c_del')
#11 D:\yueyixia\vendor\compiled.php(7317): Illuminate\Routing\ControllerDispatcher->dispatch(Object(Illuminate\Routing\Route), Object(Illuminate\Http\Request), 'App\\Http\\Contro...', 'c_del')
#12 D:\yueyixia\vendor\compiled.php(7288): Illuminate\Routing\Route->runWithCustomDispatcher(Object(Illuminate\Http\Request))
#13 D:\yueyixia\vendor\compiled.php(6954): Illuminate\Routing\Route->run(Object(Illuminate\Http\Request))
#14 [internal function]: Illuminate\Routing\Router->Illuminate\Routing\{closure}(Object(Illuminate\Http\Request))
#15 D:\yueyixia\vendor\compiled.php(8952): call_user_func(Object(Closure), Object(Illuminate\Http\Request))
#16 [internal function]: Illuminate\Pipeline\Pipeline->Illuminate\Pipeline\{closure}(Object(Illuminate\Http\Request))
#17 D:\yueyixia\vendor\compiled.php(8935): call_user_func(Object(Closure), Object(Illuminate\Http\Request))
#18 D:\yueyixia\vendor\compiled.php(6955): Illuminate\Pipeline\Pipeline->then(Object(Closure))
#19 D:\yueyixia\vendor\compiled.php(6944): Illuminate\Routing\Router->runRouteWithinStack(Object(Illuminate\Routing\Route), Object(Illuminate\Http\Request))
#20 D:\yueyixia\vendor\compiled.php(6929): Illuminate\Routing\Router->dispatchToRoute(Object(Illuminate\Http\Request))
#21 D:\yueyixia\vendor\compiled.php(1935): Illuminate\Routing\Router->dispatch(Object(Illuminate\Http\Request))
#22 [internal function]: Illuminate\Foundation\Http\Kernel->Illuminate\Foundation\Http\{closure}(Object(Illuminate\Http\Request))
#23 D:\yueyixia\vendor\compiled.php(8952): call_user_func(Object(Closure), Object(Illuminate\Http\Request))
#24 D:\yueyixia\vendor\compiled.php(12083): Illuminate\Pipeline\Pipeline->Illuminate\Pipeline\{closure}(Object(Illuminate\Http\Request))
#25 D:\yueyixia\vendor\compiled.php(8944): Illuminate\View\Middleware\ShareErrorsFromSession->handle(Object(Illuminate\Http\Request), Object(Closure))
#26 D:\yueyixia\vendor\compiled.php(10785): Illuminate\Pipeline\Pipeline->Illuminate\Pipeline\{closure}(Object(Illuminate\Http\Request))
#27 D:\yueyixia\vendor\compiled.php(8944): Illuminate\Session\Middleware\StartSession->handle(Object(Illuminate\Http\Request), Object(Closure))
#28 D:\yueyixia\vendor\compiled.php(11789): Illuminate\Pipeline\Pipeline->Illuminate\Pipeline\{closure}(Object(Illuminate\Http\Request))
#29 D:\yueyixia\vendor\compiled.php(8944): Illuminate\Cookie\Middleware\AddQueuedCookiesToResponse->handle(Object(Illuminate\Http\Request), Object(Closure))
#30 D:\yueyixia\vendor\compiled.php(11738): Illuminate\Pipeline\Pipeline->Illuminate\Pipeline\{closure}(Object(Illuminate\Http\Request))
#31 D:\yueyixia\vendor\compiled.php(8944): Illuminate\Cookie\Middleware\EncryptCookies->handle(Object(Illuminate\Http\Request), Object(Closure))
#32 D:\yueyixia\vendor\compiled.php(2478): Illuminate\Pipeline\Pipeline->Illuminate\Pipeline\{closure}(Object(Illuminate\Http\Request))
#33 D:\yueyixia\vendor\compiled.php(8944): Illuminate\Foundation\Http\Middleware\CheckForMaintenanceMode->handle(Object(Illuminate\Http\Request), Object(Closure))
#34 [internal function]: Illuminate\Pipeline\Pipeline->Illuminate\Pipeline\{closure}(Object(Illuminate\Http\Request))
#35 D:\yueyixia\vendor\compiled.php(8935): call_user_func(Object(Closure), Object(Illuminate\Http\Request))
#36 D:\yueyixia\vendor\compiled.php(1891): Illuminate\Pipeline\Pipeline->then(Object(Closure))
#37 D:\yueyixia\vendor\compiled.php(1880): Illuminate\Foundation\Http\Kernel->sendRequestThroughRouter(Object(Illuminate\Http\Request))
#38 D:\yueyixia\public\index.php(54): Illuminate\Foundation\Http\Kernel->handle(Object(Illuminate\Http\Request))
#39 {main}  
[2016-03-23 06:22:07] local.ERROR: exception 'ErrorException' with message 'Undefined variable: collection' in D:\yueyixia\app\Http\Controllers\CollectionController.php:63
Stack trace:
#0 D:\yueyixia\app\Http\Controllers\CollectionController.php(63): Illuminate\Foundation\Bootstrap\HandleExceptions->handleError(8, 'Undefined varia...', 'D:\\yueyixia\\app...', 63, Array)
#1 [internal function]: App\Http\Controllers\CollectionController->c_del()
#2 D:\yueyixia\vendor\compiled.php(8287): call_user_func_array(Array, Array)
#3 D:\yueyixia\vendor\compiled.php(8354): Illuminate\Routing\Controller->callAction('c_del', Array)
#4 D:\yueyixia\vendor\compiled.php(8333): Illuminate\Routing\ControllerDispatcher->call(Object(App\Http\Controllers\CollectionController), Object(Illuminate\Routing\Route), 'c_del')
#5 [internal function]: Illuminate\Routing\ControllerDispatcher->Illuminate\Routing\{closure}(Object(Illuminate\Http\Request))
#6 D:\yueyixia\vendor\compiled.php(8952): call_user_func(Object(Closure), Object(Illuminate\Http\Request))
#7 [internal function]: Illuminate\Pipeline\Pipeline->Illuminate\Pipeline\{closure}(Object(Illuminate\Http\Request))
#8 D:\yueyixia\vendor\compiled.php(8935): call_user_func(Object(Closure), Object(Illuminate\Http\Request))
#9 D:\yueyixia\vendor\compiled.php(8334): Illuminate\Pipeline\Pipeline->then(Object(Closure))
#10 D:\yueyixia\vendor\compiled.php(8320): Illuminate\Routing\ControllerDispatcher->callWithinStack(Object(App\Http\Controllers\CollectionController), Object(Illuminate\Routing\Route), Object(Illuminate\Http\Request), 'c_del')
#11 D:\yueyixia\vendor\compiled.php(7317): Illuminate\Routing\ControllerDispatcher->dispatch(Object(Illuminate\Routing\Route), Object(Illuminate\Http\Request), 'App\\Http\\Contro...', 'c_del')
#12 D:\yueyixia\vendor\compiled.php(7288): Illuminate\Routing\Route->runWithCustomDispatcher(Object(Illuminate\Http\Request))
#13 D:\yueyixia\vendor\compiled.php(6954): Illuminate\Routing\Route->run(Object(Illuminate\Http\Request))
#14 [internal function]: Illuminate\Routing\Router->Illuminate\Routing\{closure}(Object(Illuminate\Http\Request))
#15 D:\yueyixia\vendor\compiled.php(8952): call_user_func(Object(Closure), Object(Illuminate\Http\Request))
#16 [internal function]: Illuminate\Pipeline\Pipeline->Illuminate\Pipeline\{closure}(Object(Illuminate\Http\Request))
#17 D:\yueyixia\vendor\compiled.php(8935): call_user_func(Object(Closure), Object(Illuminate\Http\Request))
#18 D:\yueyixia\vendor\compiled.php(6955): Illuminate\Pipeline\Pipeline->then(Object(Closure))
#19 D:\yueyixia\vendor\compiled.php(6944): Illuminate\Routing\Router->runRouteWithinStack(Object(Illuminate\Routing\Route), Object(Illuminate\Http\Request))
#20 D:\yueyixia\vendor\compiled.php(6929): Illuminate\Routing\Router->dispatchToRoute(Object(Illuminate\Http\Request))
#21 D:\yueyixia\vendor\compiled.php(1935): Illuminate\Routing\Router->dispatch(Object(Illuminate\Http\Request))
#22 [internal function]: Illuminate\Foundation\Http\Kernel->Illuminate\Foundation\Http\{closure}(Object(Illuminate\Http\Request))
#23 D:\yueyixia\vendor\compiled.php(8952): call_user_func(Object(Closure), Object(Illuminate\Http\Request))
#24 D:\yueyixia\vendor\compiled.php(12083): Illuminate\Pipeline\Pipeline->Illuminate\Pipeline\{closure}(Object(Illuminate\Http\Request))
#25 D:\yueyixia\vendor\compiled.php(8944): Illuminate\View\Middleware\ShareErrorsFromSession->handle(Object(Illuminate\Http\Request), Object(Closure))
#26 D:\yueyixia\vendor\compiled.php(10785): Illuminate\Pipeline\Pipeline->Illuminate\Pipeline\{closure}(Object(Illuminate\Http\Request))
#27 D:\yueyixia\vendor\compiled.php(8944): Illuminate\Session\Middleware\StartSession->handle(Object(Illuminate\Http\Request), Object(Closure))
#28 D:\yueyixia\vendor\compiled.php(11789): Illuminate\Pipeline\Pipeline->Illuminate\Pipeline\{closure}(Object(Illuminate\Http\Request))
#29 D:\yueyixia\vendor\compiled.php(8944): Illuminate\Cookie\Middleware\AddQueuedCookiesToResponse->handle(Object(Illuminate\Http\Request), Object(Closure))
#30 D:\yueyixia\vendor\compiled.php(11738): Illuminate\Pipeline\Pipeline->Illuminate\Pipeline\{closure}(Object(Illuminate\Http\Request))
#31 D:\yueyixia\vendor\compiled.php(8944): Illuminate\Cookie\Middleware\EncryptCookies->handle(Object(Illuminate\Http\Request), Object(Closure))
#32 D:\yueyixia\vendor\compiled.php(2478): Illuminate\Pipeline\Pipeline->Illuminate\Pipeline\{closure}(Object(Illuminate\Http\Request))
#33 D:\yueyixia\vendor\compiled.php(8944): Illuminate\Foundation\Http\Middleware\CheckForMaintenanceMode->handle(Object(Illuminate\Http\Request), Object(Closure))
#34 [internal function]: Illuminate\Pipeline\Pipeline->Illuminate\Pipeline\{closure}(Object(Illuminate\Http\Request))
#35 D:\yueyixia\vendor\compiled.php(8935): call_user_func(Object(Closure), Object(Illuminate\Http\Request))
#36 D:\yueyixia\vendor\compiled.php(1891): Illuminate\Pipeline\Pipeline->then(Object(Closure))
#37 D:\yueyixia\vendor\compiled.php(1880): Illuminate\Foundation\Http\Kernel->sendRequestThroughRouter(Object(Illuminate\Http\Request))
#38 D:\yueyixia\public\index.php(54): Illuminate\Foundation\Http\Kernel->handle(Object(Illuminate\Http\Request))
#39 {main}  
[2016-03-23 06:40:57] local.ERROR: exception 'ErrorException' with message 'Undefined variable: collection' in D:\yueyixia\app\Http\Controllers\CollectionController.php:63
Stack trace:
#0 D:\yueyixia\app\Http\Controllers\CollectionController.php(63): Illuminate\Foundation\Bootstrap\HandleExceptions->handleError(8, 'Undefined varia...', 'D:\\yueyixia\\app...', 63, Array)
#1 [internal function]: App\Http\Controllers\CollectionController->c_del()
#2 D:\yueyixia\vendor\compiled.php(8287): call_user_func_array(Array, Array)
#3 D:\yueyixia\vendor\compiled.php(8354): Illuminate\Routing\Controller->callAction('c_del', Array)
#4 D:\yueyixia\vendor\compiled.php(8333): Illuminate\Routing\ControllerDispatcher->call(Object(App\Http\Controllers\CollectionController), Object(Illuminate\Routing\Route), 'c_del')
#5 [internal function]: Illuminate\Routing\ControllerDispatcher->Illuminate\Routing\{closure}(Object(Illuminate\Http\Request))
#6 D:\yueyixia\vendor\compiled.php(8952): call_user_func(Object(Closure), Object(Illuminate\Http\Request))
#7 [internal function]: Illuminate\Pipeline\Pipeline->Illuminate\Pipeline\{closure}(Object(Illuminate\Http\Request))
#8 D:\yueyixia\vendor\compiled.php(8935): call_user_func(Object(Closure), Object(Illuminate\Http\Request))
#9 D:\yueyixia\vendor\compiled.php(8334): Illuminate\Pipeline\Pipeline->then(Object(Closure))
#10 D:\yueyixia\vendor\compiled.php(8320): Illuminate\Routing\ControllerDispatcher->callWithinStack(Object(App\Http\Controllers\CollectionController), Object(Illuminate\Routing\Route), Object(Illuminate\Http\Request), 'c_del')
#11 D:\yueyixia\vendor\compiled.php(7317): Illuminate\Routing\ControllerDispatcher->dispatch(Object(Illuminate\Routing\Route), Object(Illuminate\Http\Request), 'App\\Http\\Contro...', 'c_del')
#12 D:\yueyixia\vendor\compiled.php(7288): Illuminate\Routing\Route->runWithCustomDispatcher(Object(Illuminate\Http\Request))
#13 D:\yueyixia\vendor\compiled.php(6954): Illuminate\Routing\Route->run(Object(Illuminate\Http\Request))
#14 [internal function]: Illuminate\Routing\Router->Illuminate\Routing\{closure}(Object(Illuminate\Http\Request))
#15 D:\yueyixia\vendor\compiled.php(8952): call_user_func(Object(Closure), Object(Illuminate\Http\Request))
#16 [internal function]: Illuminate\Pipeline\Pipeline->Illuminate\Pipeline\{closure}(Object(Illuminate\Http\Request))
#17 D:\yueyixia\vendor\compiled.php(8935): call_user_func(Object(Closure), Object(Illuminate\Http\Request))
#18 D:\yueyixia\vendor\compiled.php(6955): Illuminate\Pipeline\Pipeline->then(Object(Closure))
#19 D:\yueyixia\vendor\compiled.php(6944): Illuminate\Routing\Router->runRouteWithinStack(Object(Illuminate\Routing\Route), Object(Illuminate\Http\Request))
#20 D:\yueyixia\vendor\compiled.php(6929): Illuminate\Routing\Router->dispatchToRoute(Object(Illuminate\Http\Request))
#21 D:\yueyixia\vendor\compiled.php(1935): Illuminate\Routing\Router->dispatch(Object(Illuminate\Http\Request))
#22 [internal function]: Illuminate\Foundation\Http\Kernel->Illuminate\Foundation\Http\{closure}(Object(Illuminate\Http\Request))
#23 D:\yueyixia\vendor\compiled.php(8952): call_user_func(Object(Closure), Object(Illuminate\Http\Request))
#24 D:\yueyixia\vendor\compiled.php(12083): Illuminate\Pipeline\Pipeline->Illuminate\Pipeline\{closure}(Object(Illuminate\Http\Request))
#25 D:\yueyixia\vendor\compiled.php(8944): Illuminate\View\Middleware\ShareErrorsFromSession->handle(Object(Illuminate\Http\Request), Object(Closure))
#26 D:\yueyixia\vendor\compiled.php(10785): Illuminate\Pipeline\Pipeline->Illuminate\Pipeline\{closure}(Object(Illuminate\Http\Request))
#27 D:\yueyixia\vendor\compiled.php(8944): Illuminate\Session\Middleware\StartSession->handle(Object(Illuminate\Http\Request), Object(Closure))
#28 D:\yueyixia\vendor\compiled.php(11789): Illuminate\Pipeline\Pipeline->Illuminate\Pipeline\{closure}(Object(Illuminate\Http\Request))
#29 D:\yueyixia\vendor\compiled.php(8944): Illuminate\Cookie\Middleware\AddQueuedCookiesToResponse->handle(Object(Illuminate\Http\Request), Object(Closure))
#30 D:\yueyixia\vendor\compiled.php(11738): Illuminate\Pipeline\Pipeline->Illuminate\Pipeline\{closure}(Object(Illuminate\Http\Request))
#31 D:\yueyixia\vendor\compiled.php(8944): Illuminate\Cookie\Middleware\EncryptCookies->handle(Object(Illuminate\Http\Request), Object(Closure))
#32 D:\yueyixia\vendor\compiled.php(2478): Illuminate\Pipeline\Pipeline->Illuminate\Pipeline\{closure}(Object(Illuminate\Http\Request))
#33 D:\yueyixia\vendor\compiled.php(8944): Illuminate\Foundation\Http\Middleware\CheckForMaintenanceMode->handle(Object(Illuminate\Http\Request), Object(Closure))
#34 [internal function]: Illuminate\Pipeline\Pipeline->Illuminate\Pipeline\{closure}(Object(Illuminate\Http\Request))
#35 D:\yueyixia\vendor\compiled.php(8935): call_user_func(Object(Closure), Object(Illuminate\Http\Request))
#36 D:\yueyixia\vendor\compiled.php(1891): Illuminate\Pipeline\Pipeline->then(Object(Closure))
#37 D:\yueyixia\vendor\compiled.php(1880): Illuminate\Foundation\Http\Kernel->sendRequestThroughRouter(Object(Illuminate\Http\Request))
#38 D:\yueyixia\public\index.php(54): Illuminate\Foundation\Http\Kernel->handle(Object(Illuminate\Http\Request))
#39 {main}  
